#
# There is insufficient memory for the Java Runtime Environment to continue.
# Native memory allocation (malloc) failed to allocate 1115680 bytes for Chunk::new
# Possible reasons:
#   The system is out of physical RAM or swap space
#   The process is running with CompressedOops enabled, and the Java Heap may be blocking the growth of the native heap
# Possible solutions:
#   Reduce memory load on the system
#   Increase physical memory or swap space
#   Check if swap backing store is full
#   Decrease Java heap size (-Xmx/-Xms)
#   Decrease number of Java threads
#   Decrease Java thread stack sizes (-Xss)
#   Set larger code cache with -XX:ReservedCodeCacheSize=
#   JVM is running with Unscaled Compressed Oops mode in which the Java heap is
#     placed in the first 4GB address space. The Java Heap base address is the
#     maximum limit for the native heap growth. Please use -XX:HeapBaseMinAddress
#     to set the Java Heap base and to place the Java Heap above 4GB virtual address.
# This output file may be truncated or incomplete.
#
#  Out of Memory Error (arena.cpp:189), pid=8348, tid=23264
#
# JRE version: OpenJDK Runtime Environment Temurin-17.0.7+7 (17.0.7+7) (build 17.0.7+7)
# Java VM: OpenJDK 64-Bit Server VM Temurin-17.0.7+7 (17.0.7+7, mixed mode, tiered, compressed oops, compressed class ptrs, parallel gc, windows-amd64)
# No core dump will be written. Minidumps are not enabled by default on client versions of Windows
#

---------------  S U M M A R Y ------------

Command Line: --add-modules=ALL-SYSTEM --add-opens=java.base/java.util=ALL-UNNAMED --add-opens=java.base/java.lang=ALL-UNNAMED --add-opens=java.base/sun.nio.fs=ALL-UNNAMED -Declipse.application=org.eclipse.jdt.ls.core.id1 -Dosgi.bundles.defaultStartLevel=4 -Declipse.product=org.eclipse.jdt.ls.core.product -Djava.import.generatesMetadataFilesAtProjectRoot=false -Dfile.encoding=utf8 -XX:+UseParallelGC -XX:GCTimeRatio=4 -XX:AdaptiveSizePolicyWeight=90 -Dsun.zip.disableMemoryMapping=true -Xmx1G -Xms100m -Xlog:disable -javaagent:c:\Users\tranv\.vscode\extensions\redhat.java-1.20.0-win32-x64\lombok\lombok-1.18.28.jar -XX:+HeapDumpOnOutOfMemoryError -XX:HeapDumpPath=c:\Users\tranv\AppData\Roaming\Code\User\workspaceStorage\ce8d262541ed57863abe35ef973899ac\redhat.java -Daether.dependencyCollector.impl=bf c:\Users\tranv\.vscode\extensions\redhat.java-1.20.0-win32-x64\server\plugins\org.eclipse.equinox.launcher_1.6.500.v20230622-2056.jar -configuration c:\Users\tranv\AppData\Roaming\Code\User\globalStorage\redhat.java\1.20.0\config_win -data c:\Users\tranv\AppData\Roaming\Code\User\workspaceStorage\ce8d262541ed57863abe35ef973899ac\redhat.java\jdt_ws

Host: Intel(R) Core(TM) i5-10210U CPU @ 1.60GHz, 8 cores, 7G,  Windows 11 , 64 bit Build 22621 (10.0.22621.1928)
Time: Tue Jul 25 17:13:04 2023 SE Asia Standard Time elapsed time: 39.843865 seconds (0d 0h 0m 39s)

---------------  T H R E A D  ---------------

Current thread (0x000001f0fc9f3620):  JavaThread "C2 CompilerThread0" daemon [_thread_in_native, id=23264, stack(0x00000021be100000,0x00000021be200000)]


Current CompileTask:
C2:  39843 7104       4       org.gradle.tooling.internal.provider.ProviderConnection$BuildProgressListenerInvokingBuildEventConsumer::dispatch (18 bytes)

Stack: [0x00000021be100000,0x00000021be200000]
Native frames: (J=compiled Java code, j=interpreted, Vv=VM code, C=native code)
V  [jvm.dll+0x67754a]
V  [jvm.dll+0x834304]
V  [jvm.dll+0x835aae]
V  [jvm.dll+0x836113]
V  [jvm.dll+0x24696f]
V  [jvm.dll+0xac0ac]
V  [jvm.dll+0xac67c]
V  [jvm.dll+0x364e37]
V  [jvm.dll+0x1bcde8]
V  [jvm.dll+0x219799]
V  [jvm.dll+0x218a61]
V  [jvm.dll+0x1a4d8d]
V  [jvm.dll+0x2284da]
V  [jvm.dll+0x226615]
V  [jvm.dll+0x7ea90b]
V  [jvm.dll+0x7e4e7a]
V  [jvm.dll+0x676395]
C  [ucrtbase.dll+0x29363]
C  [KERNEL32.DLL+0x126ad]
C  [ntdll.dll+0x5aa68]


---------------  P R O C E S S  ---------------

Threads class SMR info:
_java_thread_list=0x000001f0fef94430, length=35, elements={
0x000001f0e37dd0c0, 0x000001f0e3897760, 0x000001f0e38984e0, 0x000001f0fc9e5f30,
0x000001f0fc9e8900, 0x000001f0fc9e9b60, 0x000001f0fc9eccd0, 0x000001f0fc9f3620,
0x000001f0fc9f7fe0, 0x000001f0fca030c0, 0x000001f0fcae6d80, 0x000001f0fcd888b0,
0x000001f0fdf1db70, 0x000001f0fdeb9250, 0x000001f0fdedd5c0, 0x000001f0fe670660,
0x000001f0fe366550, 0x000001f0fe430380, 0x000001f0fe42ce90, 0x000001f0fe42f040,
0x000001f0fe42c9c0, 0x000001f0fe42eb70, 0x000001f0fe42f510, 0x000001f0fe42d360,
0x000001f0fe42e1d0, 0x000001f0fe42d830, 0x000001f0fe42e6a0, 0x000001f0fdfa0020,
0x000001f0fdfa1d00, 0x000001f0fdfa4850, 0x000001f0fdfa1360, 0x000001f0fdf9f680,
0x000001f0fdf9e810, 0x000001f0fdfa1830, 0x000001f0fdfa26a0
}

Java Threads: ( => current thread )
  0x000001f0e37dd0c0 JavaThread "main" [_thread_blocked, id=7728, stack(0x00000021bd800000,0x00000021bd900000)]
  0x000001f0e3897760 JavaThread "Reference Handler" daemon [_thread_blocked, id=14292, stack(0x00000021bdb00000,0x00000021bdc00000)]
  0x000001f0e38984e0 JavaThread "Finalizer" daemon [_thread_blocked, id=12720, stack(0x00000021bdc00000,0x00000021bdd00000)]
  0x000001f0fc9e5f30 JavaThread "Signal Dispatcher" daemon [_thread_blocked, id=18276, stack(0x00000021bdd00000,0x00000021bde00000)]
  0x000001f0fc9e8900 JavaThread "Attach Listener" daemon [_thread_blocked, id=24564, stack(0x00000021bde00000,0x00000021bdf00000)]
  0x000001f0fc9e9b60 JavaThread "Service Thread" daemon [_thread_blocked, id=9528, stack(0x00000021bdf00000,0x00000021be000000)]
  0x000001f0fc9eccd0 JavaThread "Monitor Deflation Thread" daemon [_thread_blocked, id=28544, stack(0x00000021be000000,0x00000021be100000)]
=>0x000001f0fc9f3620 JavaThread "C2 CompilerThread0" daemon [_thread_in_native, id=23264, stack(0x00000021be100000,0x00000021be200000)]
  0x000001f0fc9f7fe0 JavaThread "C1 CompilerThread0" daemon [_thread_blocked, id=1412, stack(0x00000021be200000,0x00000021be300000)]
  0x000001f0fca030c0 JavaThread "Sweeper thread" daemon [_thread_blocked, id=18496, stack(0x00000021be300000,0x00000021be400000)]
  0x000001f0fcae6d80 JavaThread "Common-Cleaner" daemon [_thread_blocked, id=19864, stack(0x00000021be400000,0x00000021be500000)]
  0x000001f0fcd888b0 JavaThread "Notification Thread" daemon [_thread_blocked, id=8668, stack(0x00000021be500000,0x00000021be600000)]
  0x000001f0fdf1db70 JavaThread "Active Thread: Equinox Container: 349c3bef-8dad-460c-bb44-0bec0e431042" [_thread_blocked, id=15640, stack(0x00000021bed00000,0x00000021bee00000)]
  0x000001f0fdeb9250 JavaThread "Framework Event Dispatcher: Equinox Container: 349c3bef-8dad-460c-bb44-0bec0e431042" daemon [_thread_blocked, id=27400, stack(0x00000021bee00000,0x00000021bef00000)]
  0x000001f0fdedd5c0 JavaThread "Start Level: Equinox Container: 349c3bef-8dad-460c-bb44-0bec0e431042" daemon [_thread_blocked, id=9928, stack(0x00000021bef00000,0x00000021bf000000)]
  0x000001f0fe670660 JavaThread "SCR Component Actor" daemon [_thread_blocked, id=10816, stack(0x00000021bf000000,0x00000021bf100000)]
  0x000001f0fe366550 JavaThread "Worker-JM" [_thread_blocked, id=12432, stack(0x00000021bf300000,0x00000021bf400000)]
  0x000001f0fe430380 JavaThread "Worker-0" [_thread_blocked, id=22896, stack(0x00000021bf400000,0x00000021bf500000)]
  0x000001f0fe42ce90 JavaThread "Worker-1" [_thread_blocked, id=872, stack(0x00000021bf500000,0x00000021bf600000)]
  0x000001f0fe42f040 JavaThread "Java indexing" daemon [_thread_blocked, id=15604, stack(0x00000021bf600000,0x00000021bf700000)]
  0x000001f0fe42c9c0 JavaThread "JNA Cleaner" daemon [_thread_blocked, id=18480, stack(0x00000021bf700000,0x00000021bf800000)]
  0x000001f0fe42eb70 JavaThread "Worker-2" [_thread_blocked, id=26692, stack(0x00000021bf800000,0x00000021bf900000)]
  0x000001f0fe42f510 JavaThread "Worker-3" [_thread_blocked, id=24240, stack(0x00000021bf900000,0x00000021bfa00000)]
  0x000001f0fe42d360 JavaThread "pool-2-thread-1" [_thread_blocked, id=11028, stack(0x00000021bfa00000,0x00000021bfb00000)]
  0x000001f0fe42e1d0 JavaThread "WorkspaceEventsHandler" [_thread_blocked, id=6736, stack(0x00000021bfb00000,0x00000021bfc00000)]
  0x000001f0fe42d830 JavaThread "pool-1-thread-1" [_thread_blocked, id=12352, stack(0x00000021bfc00000,0x00000021bfd00000)]
  0x000001f0fe42e6a0 JavaThread "Worker-4" [_thread_blocked, id=5144, stack(0x00000021bfd00000,0x00000021bfe00000)]
  0x000001f0fdfa0020 JavaThread "Worker-5: Initialize Workspace" [_thread_blocked, id=20632, stack(0x00000021bfe00000,0x00000021bff00000)]
  0x000001f0fdfa1d00 JavaThread "Timer-0" [_thread_blocked, id=28328, stack(0x00000021bf200000,0x00000021bf300000)]
  0x000001f0fdfa4850 JavaThread "Connection worker" [_thread_in_native, id=22004, stack(0x00000021bff00000,0x00000021c0000000)]
  0x000001f0fdfa1360 JavaThread "Exec process" [_thread_blocked, id=26252, stack(0x00000021c0100000,0x00000021c0200000)]
  0x000001f0fdf9f680 JavaThread "Exec process Thread 2" [_thread_blocked, id=16648, stack(0x00000021c0200000,0x00000021c0300000)]
  0x000001f0fdf9e810 JavaThread "Exec process Thread 3" [_thread_blocked, id=24044, stack(0x00000021c0300000,0x00000021c0400000)]
  0x000001f0fdfa1830 JavaThread "pool-3-thread-1" [_thread_blocked, id=24016, stack(0x00000021c0000000,0x00000021c0100000)]
  0x000001f0fdfa26a0 JavaThread "Forward input" [_thread_blocked, id=12360, stack(0x00000021c0500000,0x00000021c0600000)]

Other Threads:
  0x000001f0f764fce0 VMThread "VM Thread" [stack: 0x00000021bda00000,0x00000021bdb00000] [id=11072]
  0x000001f0fcc71b20 WatcherThread [stack: 0x00000021be600000,0x00000021be700000] [id=28168]
  0x000001f0e37f3a90 GCTaskThread "GC Thread#0" [stack: 0x00000021bd900000,0x00000021bda00000] [id=9768]
  0x000001f0fe1925e0 GCTaskThread "GC Thread#1" [stack: 0x00000021be700000,0x00000021be800000] [id=11756]
  0x000001f0fe192890 GCTaskThread "GC Thread#2" [stack: 0x00000021be800000,0x00000021be900000] [id=13324]
  0x000001f0fe192b40 GCTaskThread "GC Thread#3" [stack: 0x00000021be900000,0x00000021bea00000] [id=24828]
  0x000001f0fe192df0 GCTaskThread "GC Thread#4" [stack: 0x00000021bea00000,0x00000021beb00000] [id=23080]
  0x000001f0fe1934a0 GCTaskThread "GC Thread#5" [stack: 0x00000021beb00000,0x00000021bec00000] [id=10856]
  0x000001f0fe193750 GCTaskThread "GC Thread#6" [stack: 0x00000021bec00000,0x00000021bed00000] [id=12048]
  0x000001f0fd91a810 GCTaskThread "GC Thread#7" [stack: 0x00000021bf100000,0x00000021bf200000] [id=7072]

Threads with active compile tasks:
C2 CompilerThread0    39879 7104       4       org.gradle.tooling.internal.provider.ProviderConnection$BuildProgressListenerInvokingBuildEventConsumer::dispatch (18 bytes)

VM state: not at safepoint (normal execution)

VM Mutex/Monitor currently owned by a thread: None

Heap address: 0x00000000c0000000, size: 1024 MB, Compressed Oops mode: 32-bit

CDS archive(s) not mapped
Compressed class space mapped at: 0x0000000100000000-0x0000000140000000, reserved size: 1073741824
Narrow klass base: 0x0000000000000000, Narrow klass shift: 3, Narrow klass range: 0x140000000

GC Precious Log:
 CPUs: 8 total, 8 available
 Memory: 8014M
 Large Page Support: Disabled
 NUMA Support: Disabled
 Compressed Oops: Enabled (32-bit)
 Alignments: Space 512K, Generation 512K, Heap 2M
 Heap Min Capacity: 100M
 Heap Initial Capacity: 100M
 Heap Max Capacity: 1G
 Pre-touch: Disabled
 Parallel Workers: 8

Heap:
 PSYoungGen      total 19968K, used 10997K [0x00000000eab00000, 0x00000000ec180000, 0x0000000100000000)
  eden space 19456K, 55% used [0x00000000eab00000,0x00000000eb5956a8,0x00000000ebe00000)
  from space 512K, 31% used [0x00000000ec100000,0x00000000ec128000,0x00000000ec180000)
  to   space 512K, 0% used [0x00000000ec080000,0x00000000ec080000,0x00000000ec100000)
 ParOldGen       total 68608K, used 49171K [0x00000000c0000000, 0x00000000c4300000, 0x00000000eab00000)
  object space 68608K, 71% used [0x00000000c0000000,0x00000000c3004f70,0x00000000c4300000)
 Metaspace       used 59229K, committed 60096K, reserved 1114112K
  class space    used 6909K, committed 7296K, reserved 1048576K

Card table byte_map: [0x000001f0e3180000,0x000001f0e3390000] _byte_map_base: 0x000001f0e2b80000

Marking Bits: (ParMarkBitMap*) 0x00007ffb260252c0
 Begin Bits: [0x000001f0f5460000, 0x000001f0f6460000)
 End Bits:   [0x000001f0f6460000, 0x000001f0f7460000)

Polling page: 0x000001f0e1770000

Metaspace:

Usage:
  Non-class:     51.09 MB used.
      Class:      6.75 MB used.
       Both:     57.84 MB used.

Virtual space:
  Non-class space:       64.00 MB reserved,      51.56 MB ( 81%) committed,  1 nodes.
      Class space:        1.00 GB reserved,       7.12 MB ( <1%) committed,  1 nodes.
             Both:        1.06 GB reserved,      58.69 MB (  5%) committed. 

Chunk freelists:
   Non-Class:  12.07 MB
       Class:  8.89 MB
        Both:  20.96 MB

MaxMetaspaceSize: unlimited
CompressedClassSpaceSize: 1.00 GB
Initial GC threshold: 21.00 MB
Current GC threshold: 97.31 MB
CDS: off
MetaspaceReclaimPolicy: balanced
 - commit_granule_bytes: 65536.
 - commit_granule_words: 8192.
 - virtual_space_node_default_size: 8388608.
 - enlarge_chunks_in_place: 1.
 - new_chunks_are_fully_committed: 0.
 - uncommit_free_chunks: 1.
 - use_allocation_guard: 0.
 - handle_deallocations: 1.


Internal statistics:

num_allocs_failed_limit: 9.
num_arena_births: 466.
num_arena_deaths: 14.
num_vsnodes_births: 2.
num_vsnodes_deaths: 0.
num_space_committed: 939.
num_space_uncommitted: 0.
num_chunks_returned_to_freelist: 23.
num_chunks_taken_from_freelist: 2660.
num_chunk_merges: 4.
num_chunk_splits: 1689.
num_chunks_enlarged: 1035.
num_inconsistent_stats: 0.

CodeHeap 'non-profiled nmethods': size=120000Kb used=3426Kb max_used=3426Kb free=116573Kb
 bounds [0x000001f0edf30000, 0x000001f0ee290000, 0x000001f0f5460000]
CodeHeap 'profiled nmethods': size=120000Kb used=11823Kb max_used=12228Kb free=108176Kb
 bounds [0x000001f0e6460000, 0x000001f0e7070000, 0x000001f0ed990000]
CodeHeap 'non-nmethods': size=5760Kb used=1306Kb max_used=1402Kb free=4453Kb
 bounds [0x000001f0ed990000, 0x000001f0edc00000, 0x000001f0edf30000]
 total_blobs=6766 nmethods=6130 adapters=549
 compilation: enabled
              stopped_count=0, restarted_count=0
 full_count=0

Compilation events (20 events):
Event: 38.991 Thread 0x000001f0fc9f3620 nmethod 7095 0x000001f0ee287910 code [0x000001f0ee287a80, 0x000001f0ee287b78]
Event: 39.297 Thread 0x000001f0fc9f3620 7096       4       org.gradle.internal.logging.slf4j.OutputEventListenerBackedLogger::isTraceEnabled (5 bytes)
Event: 39.298 Thread 0x000001f0fc9f3620 nmethod 7096 0x000001f0ee287c90 code [0x000001f0ee287e00, 0x000001f0ee287e78]
Event: 39.299 Thread 0x000001f0fc9f7fe0 7097       3       java.nio.charset.Charset::lookup (44 bytes)
Event: 39.299 Thread 0x000001f0fc9f7fe0 nmethod 7097 0x000001f0e6f44110 code [0x000001f0e6f44300, 0x000001f0e6f44748]
Event: 39.300 Thread 0x000001f0fc9f7fe0 7098       1       org.gradle.internal.logging.events.ProgressStartEvent::getParentProgressOperationId (5 bytes)
Event: 39.301 Thread 0x000001f0fc9f7fe0 nmethod 7098 0x000001f0ee287f90 code [0x000001f0ee288120, 0x000001f0ee2881f8]
Event: 39.303 Thread 0x000001f0fc9f3620 7099   !   4       jdk.internal.reflect.GeneratedMethodAccessor10::invoke (68 bytes)
Event: 39.305 Thread 0x000001f0fc9f3620 nmethod 7099 0x000001f0ee288290 code [0x000001f0ee288420, 0x000001f0ee2885c8]
Event: 39.541 Thread 0x000001f0fc9f7fe0 7100       3       com.google.gson.stream.JsonWriter::value (24 bytes)
Event: 39.541 Thread 0x000001f0fc9f7fe0 nmethod 7100 0x000001f0e6f43a10 code [0x000001f0e6f43c00, 0x000001f0e6f43fc8]
Event: 39.541 Thread 0x000001f0fc9f7fe0 7102       3       com.google.gson.internal.bind.TypeAdapterRuntimeTypeWrapper::<init> (20 bytes)
Event: 39.542 Thread 0x000001f0fc9f7fe0 nmethod 7102 0x000001f0e6f43590 code [0x000001f0e6f43740, 0x000001f0e6f43938]
Event: 39.542 Thread 0x000001f0fc9f7fe0 7101       3       java.io.PrintStream::ensureOpen (18 bytes)
Event: 39.542 Thread 0x000001f0fc9f7fe0 nmethod 7101 0x000001f0e6f43110 code [0x000001f0e6f432c0, 0x000001f0e6f434c8]
Event: 39.607 Thread 0x000001f0fc9f7fe0 7103       3       org.eclipse.jdt.ls.core.internal.handlers.ProgressReporterManager$ProgressReporter::sendProgress (78 bytes)
Event: 39.608 Thread 0x000001f0fc9f3620 7104       4       org.gradle.tooling.internal.provider.ProviderConnection$BuildProgressListenerInvokingBuildEventConsumer::dispatch (18 bytes)
Event: 39.608 Thread 0x000001f0fc9f7fe0 nmethod 7103 0x000001f0e6f42690 code [0x000001f0e6f42880, 0x000001f0e6f42f38]
Event: 39.671 Thread 0x000001f0fc9f7fe0 7108       1       org.gradle.internal.logging.events.ProgressCompleteEvent::getProgressOperationId (5 bytes)
Event: 39.671 Thread 0x000001f0fc9f7fe0 nmethod 7108 0x000001f0ee288790 code [0x000001f0ee288920, 0x000001f0ee2889f8]

GC Heap History (20 events):
Event: 10.664 GC heap before
{Heap before GC invocations=26 (full 2):
 PSYoungGen      total 23552K, used 23522K [0x00000000eab00000, 0x00000000eca80000, 0x0000000100000000)
  eden space 22016K, 100% used [0x00000000eab00000,0x00000000ec080000,0x00000000ec080000)
  from space 1536K, 98% used [0x00000000ec100000,0x00000000ec2789c8,0x00000000ec280000)
  to   space 5120K, 0% used [0x00000000ec580000,0x00000000ec580000,0x00000000eca80000)
 ParOldGen       total 68608K, used 38135K [0x00000000c0000000, 0x00000000c4300000, 0x00000000eab00000)
  object space 68608K, 55% used [0x00000000c0000000,0x00000000c253df68,0x00000000c4300000)
 Metaspace       used 52490K, committed 53248K, reserved 1114112K
  class space    used 5878K, committed 6208K, reserved 1048576K
}
Event: 10.667 GC heap after
{Heap after GC invocations=26 (full 2):
 PSYoungGen      total 26624K, used 5099K [0x00000000eab00000, 0x00000000ecb80000, 0x0000000100000000)
  eden space 21504K, 0% used [0x00000000eab00000,0x00000000eab00000,0x00000000ec000000)
  from space 5120K, 99% used [0x00000000ec580000,0x00000000eca7af38,0x00000000eca80000)
  to   space 5632K, 0% used [0x00000000ec000000,0x00000000ec000000,0x00000000ec580000)
 ParOldGen       total 68608K, used 39628K [0x00000000c0000000, 0x00000000c4300000, 0x00000000eab00000)
  object space 68608K, 57% used [0x00000000c0000000,0x00000000c26b32e8,0x00000000c4300000)
 Metaspace       used 52490K, committed 53248K, reserved 1114112K
  class space    used 5878K, committed 6208K, reserved 1048576K
}
Event: 11.032 GC heap before
{Heap before GC invocations=27 (full 2):
 PSYoungGen      total 26624K, used 26603K [0x00000000eab00000, 0x00000000ecb80000, 0x0000000100000000)
  eden space 21504K, 100% used [0x00000000eab00000,0x00000000ec000000,0x00000000ec000000)
  from space 5120K, 99% used [0x00000000ec580000,0x00000000eca7af38,0x00000000eca80000)
  to   space 5632K, 0% used [0x00000000ec000000,0x00000000ec000000,0x00000000ec580000)
 ParOldGen       total 68608K, used 39628K [0x00000000c0000000, 0x00000000c4300000, 0x00000000eab00000)
  object space 68608K, 57% used [0x00000000c0000000,0x00000000c26b32e8,0x00000000c4300000)
 Metaspace       used 52981K, committed 53760K, reserved 1114112K
  class space    used 5941K, committed 6272K, reserved 1048576K
}
Event: 11.034 GC heap after
{Heap after GC invocations=27 (full 2):
 PSYoungGen      total 22528K, used 576K [0x00000000eab00000, 0x00000000ec600000, 0x0000000100000000)
  eden space 21504K, 0% used [0x00000000eab00000,0x00000000eab00000,0x00000000ec000000)
  from space 1024K, 56% used [0x00000000ec000000,0x00000000ec090000,0x00000000ec100000)
  to   space 2560K, 0% used [0x00000000ec380000,0x00000000ec380000,0x00000000ec600000)
 ParOldGen       total 68608K, used 44525K [0x00000000c0000000, 0x00000000c4300000, 0x00000000eab00000)
  object space 68608K, 64% used [0x00000000c0000000,0x00000000c2b7b708,0x00000000c4300000)
 Metaspace       used 52981K, committed 53760K, reserved 1114112K
  class space    used 5941K, committed 6272K, reserved 1048576K
}
Event: 11.305 GC heap before
{Heap before GC invocations=28 (full 2):
 PSYoungGen      total 22528K, used 22080K [0x00000000eab00000, 0x00000000ec600000, 0x0000000100000000)
  eden space 21504K, 100% used [0x00000000eab00000,0x00000000ec000000,0x00000000ec000000)
  from space 1024K, 56% used [0x00000000ec000000,0x00000000ec090000,0x00000000ec100000)
  to   space 2560K, 0% used [0x00000000ec380000,0x00000000ec380000,0x00000000ec600000)
 ParOldGen       total 68608K, used 44525K [0x00000000c0000000, 0x00000000c4300000, 0x00000000eab00000)
  object space 68608K, 64% used [0x00000000c0000000,0x00000000c2b7b708,0x00000000c4300000)
 Metaspace       used 53451K, committed 54272K, reserved 1114112K
  class space    used 6057K, committed 6400K, reserved 1048576K
}
Event: 11.307 GC heap after
{Heap after GC invocations=28 (full 2):
 PSYoungGen      total 22016K, used 2556K [0x00000000eab00000, 0x00000000ecb00000, 0x0000000100000000)
  eden space 19456K, 0% used [0x00000000eab00000,0x00000000eab00000,0x00000000ebe00000)
  from space 2560K, 99% used [0x00000000ec380000,0x00000000ec5ff208,0x00000000ec600000)
  to   space 5632K, 0% used [0x00000000ebe00000,0x00000000ebe00000,0x00000000ec380000)
 ParOldGen       total 68608K, used 46661K [0x00000000c0000000, 0x00000000c4300000, 0x00000000eab00000)
  object space 68608K, 68% used [0x00000000c0000000,0x00000000c2d91790,0x00000000c4300000)
 Metaspace       used 53451K, committed 54272K, reserved 1114112K
  class space    used 6057K, committed 6400K, reserved 1048576K
}
Event: 11.556 GC heap before
{Heap before GC invocations=29 (full 2):
 PSYoungGen      total 22016K, used 22012K [0x00000000eab00000, 0x00000000ecb00000, 0x0000000100000000)
  eden space 19456K, 100% used [0x00000000eab00000,0x00000000ebe00000,0x00000000ebe00000)
  from space 2560K, 99% used [0x00000000ec380000,0x00000000ec5ff208,0x00000000ec600000)
  to   space 5632K, 0% used [0x00000000ebe00000,0x00000000ebe00000,0x00000000ec380000)
 ParOldGen       total 68608K, used 46661K [0x00000000c0000000, 0x00000000c4300000, 0x00000000eab00000)
  object space 68608K, 68% used [0x00000000c0000000,0x00000000c2d91790,0x00000000c4300000)
 Metaspace       used 55652K, committed 56448K, reserved 1114112K
  class space    used 6426K, committed 6784K, reserved 1048576K
}
Event: 11.558 GC heap after
{Heap after GC invocations=29 (full 2):
 PSYoungGen      total 20480K, used 640K [0x00000000eab00000, 0x00000000ec400000, 0x0000000100000000)
  eden space 19456K, 0% used [0x00000000eab00000,0x00000000eab00000,0x00000000ebe00000)
  from space 1024K, 62% used [0x00000000ebe00000,0x00000000ebea0020,0x00000000ebf00000)
  to   space 2560K, 0% used [0x00000000ec180000,0x00000000ec180000,0x00000000ec400000)
 ParOldGen       total 68608K, used 49199K [0x00000000c0000000, 0x00000000c4300000, 0x00000000eab00000)
  object space 68608K, 71% used [0x00000000c0000000,0x00000000c300bd88,0x00000000c4300000)
 Metaspace       used 55652K, committed 56448K, reserved 1114112K
  class space    used 6426K, committed 6784K, reserved 1048576K
}
Event: 12.037 GC heap before
{Heap before GC invocations=30 (full 2):
 PSYoungGen      total 20480K, used 20096K [0x00000000eab00000, 0x00000000ec400000, 0x0000000100000000)
  eden space 19456K, 100% used [0x00000000eab00000,0x00000000ebe00000,0x00000000ebe00000)
  from space 1024K, 62% used [0x00000000ebe00000,0x00000000ebea0020,0x00000000ebf00000)
  to   space 2560K, 0% used [0x00000000ec180000,0x00000000ec180000,0x00000000ec400000)
 ParOldGen       total 68608K, used 49199K [0x00000000c0000000, 0x00000000c4300000, 0x00000000eab00000)
  object space 68608K, 71% used [0x00000000c0000000,0x00000000c300bd88,0x00000000c4300000)
 Metaspace       used 57839K, committed 58688K, reserved 1114112K
  class space    used 6738K, committed 7104K, reserved 1048576K
}
Event: 12.039 GC heap after
{Heap after GC invocations=30 (full 2):
 PSYoungGen      total 20480K, used 576K [0x00000000eab00000, 0x00000000ec280000, 0x0000000100000000)
  eden space 19456K, 0% used [0x00000000eab00000,0x00000000eab00000,0x00000000ebe00000)
  from space 1024K, 56% used [0x00000000ec180000,0x00000000ec210000,0x00000000ec280000)
  to   space 1024K, 0% used [0x00000000ebe00000,0x00000000ebe00000,0x00000000ebf00000)
 ParOldGen       total 68608K, used 49703K [0x00000000c0000000, 0x00000000c4300000, 0x00000000eab00000)
  object space 68608K, 72% used [0x00000000c0000000,0x00000000c3089dc8,0x00000000c4300000)
 Metaspace       used 57839K, committed 58688K, reserved 1114112K
  class space    used 6738K, committed 7104K, reserved 1048576K
}
Event: 25.830 GC heap before
{Heap before GC invocations=31 (full 2):
 PSYoungGen      total 20480K, used 10812K [0x00000000eab00000, 0x00000000ec280000, 0x0000000100000000)
  eden space 19456K, 52% used [0x00000000eab00000,0x00000000eb4ff050,0x00000000ebe00000)
  from space 1024K, 56% used [0x00000000ec180000,0x00000000ec210000,0x00000000ec280000)
  to   space 1024K, 0% used [0x00000000ebe00000,0x00000000ebe00000,0x00000000ebf00000)
 ParOldGen       total 68608K, used 49703K [0x00000000c0000000, 0x00000000c4300000, 0x00000000eab00000)
  object space 68608K, 72% used [0x00000000c0000000,0x00000000c3089dc8,0x00000000c4300000)
 Metaspace       used 58938K, committed 59776K, reserved 1114112K
  class space    used 6863K, committed 7232K, reserved 1048576K
}
Event: 25.832 GC heap after
{Heap after GC invocations=31 (full 2):
 PSYoungGen      total 20480K, used 576K [0x00000000eab00000, 0x00000000ec200000, 0x0000000100000000)
  eden space 19456K, 0% used [0x00000000eab00000,0x00000000eab00000,0x00000000ebe00000)
  from space 1024K, 56% used [0x00000000ebe00000,0x00000000ebe90000,0x00000000ebf00000)
  to   space 1024K, 0% used [0x00000000ec100000,0x00000000ec100000,0x00000000ec200000)
 ParOldGen       total 68608K, used 50126K [0x00000000c0000000, 0x00000000c4300000, 0x00000000eab00000)
  object space 68608K, 73% used [0x00000000c0000000,0x00000000c30f3af8,0x00000000c4300000)
 Metaspace       used 58938K, committed 59776K, reserved 1114112K
  class space    used 6863K, committed 7232K, reserved 1048576K
}
Event: 25.832 GC heap before
{Heap before GC invocations=32 (full 3):
 PSYoungGen      total 20480K, used 576K [0x00000000eab00000, 0x00000000ec200000, 0x0000000100000000)
  eden space 19456K, 0% used [0x00000000eab00000,0x00000000eab00000,0x00000000ebe00000)
  from space 1024K, 56% used [0x00000000ebe00000,0x00000000ebe90000,0x00000000ebf00000)
  to   space 1024K, 0% used [0x00000000ec100000,0x00000000ec100000,0x00000000ec200000)
 ParOldGen       total 68608K, used 50126K [0x00000000c0000000, 0x00000000c4300000, 0x00000000eab00000)
  object space 68608K, 73% used [0x00000000c0000000,0x00000000c30f3af8,0x00000000c4300000)
 Metaspace       used 58938K, committed 59776K, reserved 1114112K
  class space    used 6863K, committed 7232K, reserved 1048576K
}
Event: 25.905 GC heap after
{Heap after GC invocations=32 (full 3):
 PSYoungGen      total 20480K, used 0K [0x00000000eab00000, 0x00000000ec200000, 0x0000000100000000)
  eden space 19456K, 0% used [0x00000000eab00000,0x00000000eab00000,0x00000000ebe00000)
  from space 1024K, 0% used [0x00000000ebe00000,0x00000000ebe00000,0x00000000ebf00000)
  to   space 1024K, 0% used [0x00000000ec100000,0x00000000ec100000,0x00000000ec200000)
 ParOldGen       total 68608K, used 48955K [0x00000000c0000000, 0x00000000c4300000, 0x00000000eab00000)
  object space 68608K, 71% used [0x00000000c0000000,0x00000000c2fcef70,0x00000000c4300000)
 Metaspace       used 58938K, committed 59776K, reserved 1114112K
  class space    used 6863K, committed 7232K, reserved 1048576K
}
Event: 36.335 GC heap before
{Heap before GC invocations=33 (full 3):
 PSYoungGen      total 20480K, used 19456K [0x00000000eab00000, 0x00000000ec200000, 0x0000000100000000)
  eden space 19456K, 100% used [0x00000000eab00000,0x00000000ebe00000,0x00000000ebe00000)
  from space 1024K, 0% used [0x00000000ebe00000,0x00000000ebe00000,0x00000000ebf00000)
  to   space 1024K, 0% used [0x00000000ec100000,0x00000000ec100000,0x00000000ec200000)
 ParOldGen       total 68608K, used 48955K [0x00000000c0000000, 0x00000000c4300000, 0x00000000eab00000)
  object space 68608K, 71% used [0x00000000c0000000,0x00000000c2fcef70,0x00000000c4300000)
 Metaspace       used 59205K, committed 60032K, reserved 1114112K
  class space    used 6907K, committed 7296K, reserved 1048576K
}
Event: 36.336 GC heap after
{Heap after GC invocations=33 (full 3):
 PSYoungGen      total 19968K, used 224K [0x00000000eab00000, 0x00000000ec180000, 0x0000000100000000)
  eden space 19456K, 0% used [0x00000000eab00000,0x00000000eab00000,0x00000000ebe00000)
  from space 512K, 43% used [0x00000000ec100000,0x00000000ec138000,0x00000000ec180000)
  to   space 512K, 0% used [0x00000000ec080000,0x00000000ec080000,0x00000000ec100000)
 ParOldGen       total 68608K, used 48963K [0x00000000c0000000, 0x00000000c4300000, 0x00000000eab00000)
  object space 68608K, 71% used [0x00000000c0000000,0x00000000c2fd0f70,0x00000000c4300000)
 Metaspace       used 59205K, committed 60032K, reserved 1114112K
  class space    used 6907K, committed 7296K, reserved 1048576K
}
Event: 37.518 GC heap before
{Heap before GC invocations=34 (full 3):
 PSYoungGen      total 19968K, used 19680K [0x00000000eab00000, 0x00000000ec180000, 0x0000000100000000)
  eden space 19456K, 100% used [0x00000000eab00000,0x00000000ebe00000,0x00000000ebe00000)
  from space 512K, 43% used [0x00000000ec100000,0x00000000ec138000,0x00000000ec180000)
  to   space 512K, 0% used [0x00000000ec080000,0x00000000ec080000,0x00000000ec100000)
 ParOldGen       total 68608K, used 48963K [0x00000000c0000000, 0x00000000c4300000, 0x00000000eab00000)
  object space 68608K, 71% used [0x00000000c0000000,0x00000000c2fd0f70,0x00000000c4300000)
 Metaspace       used 59219K, committed 60096K, reserved 1114112K
  class space    used 6907K, committed 7296K, reserved 1048576K
}
Event: 37.519 GC heap after
{Heap after GC invocations=34 (full 3):
 PSYoungGen      total 19968K, used 192K [0x00000000eab00000, 0x00000000ec180000, 0x0000000100000000)
  eden space 19456K, 0% used [0x00000000eab00000,0x00000000eab00000,0x00000000ebe00000)
  from space 512K, 37% used [0x00000000ec080000,0x00000000ec0b0000,0x00000000ec100000)
  to   space 512K, 0% used [0x00000000ec100000,0x00000000ec100000,0x00000000ec180000)
 ParOldGen       total 68608K, used 49131K [0x00000000c0000000, 0x00000000c4300000, 0x00000000eab00000)
  object space 68608K, 71% used [0x00000000c0000000,0x00000000c2ffaf70,0x00000000c4300000)
 Metaspace       used 59219K, committed 60096K, reserved 1114112K
  class space    used 6907K, committed 7296K, reserved 1048576K
}
Event: 38.614 GC heap before
{Heap before GC invocations=35 (full 3):
 PSYoungGen      total 19968K, used 19648K [0x00000000eab00000, 0x00000000ec180000, 0x0000000100000000)
  eden space 19456K, 100% used [0x00000000eab00000,0x00000000ebe00000,0x00000000ebe00000)
  from space 512K, 37% used [0x00000000ec080000,0x00000000ec0b0000,0x00000000ec100000)
  to   space 512K, 0% used [0x00000000ec100000,0x00000000ec100000,0x00000000ec180000)
 ParOldGen       total 68608K, used 49131K [0x00000000c0000000, 0x00000000c4300000, 0x00000000eab00000)
  object space 68608K, 71% used [0x00000000c0000000,0x00000000c2ffaf70,0x00000000c4300000)
 Metaspace       used 59220K, committed 60096K, reserved 1114112K
  class space    used 6907K, committed 7296K, reserved 1048576K
}
Event: 38.614 GC heap after
{Heap after GC invocations=35 (full 3):
 PSYoungGen      total 19968K, used 160K [0x00000000eab00000, 0x00000000ec180000, 0x0000000100000000)
  eden space 19456K, 0% used [0x00000000eab00000,0x00000000eab00000,0x00000000ebe00000)
  from space 512K, 31% used [0x00000000ec100000,0x00000000ec128000,0x00000000ec180000)
  to   space 512K, 0% used [0x00000000ec080000,0x00000000ec080000,0x00000000ec100000)
 ParOldGen       total 68608K, used 49171K [0x00000000c0000000, 0x00000000c4300000, 0x00000000eab00000)
  object space 68608K, 71% used [0x00000000c0000000,0x00000000c3004f70,0x00000000c4300000)
 Metaspace       used 59220K, committed 60096K, reserved 1114112K
  class space    used 6907K, committed 7296K, reserved 1048576K
}

Dll operation events (14 events):
Event: 0.011 Loaded shared library c:\Users\tranv\.vscode\extensions\redhat.java-1.20.0-win32-x64\jre\17.0.7-win32-x86_64\bin\java.dll
Event: 0.235 Loaded shared library c:\Users\tranv\.vscode\extensions\redhat.java-1.20.0-win32-x64\jre\17.0.7-win32-x86_64\bin\zip.dll
Event: 0.241 Loaded shared library C:\Users\tranv\.vscode\extensions\redhat.java-1.20.0-win32-x64\jre\17.0.7-win32-x86_64\bin\instrument.dll
Event: 0.261 Loaded shared library C:\Users\tranv\.vscode\extensions\redhat.java-1.20.0-win32-x64\jre\17.0.7-win32-x86_64\bin\net.dll
Event: 0.263 Loaded shared library C:\Users\tranv\.vscode\extensions\redhat.java-1.20.0-win32-x64\jre\17.0.7-win32-x86_64\bin\nio.dll
Event: 0.271 Loaded shared library C:\Users\tranv\.vscode\extensions\redhat.java-1.20.0-win32-x64\jre\17.0.7-win32-x86_64\bin\zip.dll
Event: 0.291 Loaded shared library C:\Users\tranv\.vscode\extensions\redhat.java-1.20.0-win32-x64\jre\17.0.7-win32-x86_64\bin\jimage.dll
Event: 0.361 Loaded shared library c:\Users\tranv\.vscode\extensions\redhat.java-1.20.0-win32-x64\jre\17.0.7-win32-x86_64\bin\verify.dll
Event: 2.102 Loaded shared library C:\Users\tranv\AppData\Roaming\Code\User\globalStorage\redhat.java\1.20.0\config_win\org.eclipse.equinox.launcher\org.eclipse.equinox.launcher.win32.win32.x86_64_1.2.700.v20221108-1024\eclipse_11801.dll
Event: 4.824 Loaded shared library C:\Users\tranv\AppData\Local\Temp\jna-110621355\jna8293128244349453523.dll
Event: 10.552 Loaded shared library C:\Users\tranv\.gradle\native\68d5fa5c4cc2d200863cafc0d521ce42e7d3e7ee720ec0a83991735586a16f82\windows-amd64\native-platform.dll
Event: 11.457 Loaded shared library C:\Users\tranv\.vscode\extensions\redhat.java-1.20.0-win32-x64\jre\17.0.7-win32-x86_64\bin\management.dll
Event: 11.464 Loaded shared library C:\Users\tranv\.vscode\extensions\redhat.java-1.20.0-win32-x64\jre\17.0.7-win32-x86_64\bin\management_ext.dll
Event: 13.568 Loaded shared library C:\Users\tranv\.vscode\extensions\redhat.java-1.20.0-win32-x64\jre\17.0.7-win32-x86_64\bin\sunmscapi.dll

Deoptimization events (20 events):
Event: 13.599 Thread 0x000001f0fdfa4850 DEOPT PACKING pc=0x000001f0ee163a88 sp=0x00000021bfffe560
Event: 13.599 Thread 0x000001f0fdfa4850 DEOPT UNPACKING pc=0x000001f0ed9e66a3 sp=0x00000021bfffe528 mode 2
Event: 20.857 Thread 0x000001f0fe42d830 Uncommon trap: trap_request=0xffffffcc fr.pc=0x000001f0ee208b44 relative=0x0000000000000124
Event: 20.857 Thread 0x000001f0fe42d830 Uncommon trap: reason=intrinsic_or_type_checked_inlining action=make_not_entrant pc=0x000001f0ee208b44 method=java.util.ArrayList.toArray([Ljava/lang/Object;)[Ljava/lang/Object; @ 36 c2
Event: 20.857 Thread 0x000001f0fe42d830 DEOPT PACKING pc=0x000001f0ee208b44 sp=0x00000021bfcfe2a0
Event: 20.857 Thread 0x000001f0fe42d830 DEOPT UNPACKING pc=0x000001f0ed9e66a3 sp=0x00000021bfcfe240 mode 2
Event: 24.085 Thread 0x000001f0fdfa4850 Uncommon trap: trap_request=0xffffffdc fr.pc=0x000001f0ee20a4c8 relative=0x00000000000002a8
Event: 24.085 Thread 0x000001f0fdfa4850 Uncommon trap: reason=class_check action=make_not_entrant pc=0x000001f0ee20a4c8 method=java.util.ArrayList.toArray([Ljava/lang/Object;)[Ljava/lang/Object; @ 21 c2
Event: 24.085 Thread 0x000001f0fdfa4850 DEOPT PACKING pc=0x000001f0ee20a4c8 sp=0x00000021bfffe4e0
Event: 24.085 Thread 0x000001f0fdfa4850 DEOPT UNPACKING pc=0x000001f0ed9e66a3 sp=0x00000021bfffe4b0 mode 2
Event: 27.375 Thread 0x000001f0fdfa4850 DEOPT PACKING pc=0x000001f0e6a48cde sp=0x00000021bfffbdb0
Event: 27.375 Thread 0x000001f0fdfa4850 DEOPT UNPACKING pc=0x000001f0ed9e6e43 sp=0x00000021bfffb228 mode 0
Event: 29.780 Thread 0x000001f0fdfa4850 Uncommon trap: trap_request=0xffffff45 fr.pc=0x000001f0ee22d954 relative=0x0000000000000194
Event: 29.780 Thread 0x000001f0fdfa4850 Uncommon trap: reason=unstable_if action=reinterpret pc=0x000001f0ee22d954 method=java.io.ObjectStreamField.<init>(Ljava/lang/String;Ljava/lang/String;Z)V @ 45 c2
Event: 29.780 Thread 0x000001f0fdfa4850 DEOPT PACKING pc=0x000001f0ee22d954 sp=0x00000021bfffdbd0
Event: 29.780 Thread 0x000001f0fdfa4850 DEOPT UNPACKING pc=0x000001f0ed9e66a3 sp=0x00000021bfffdb58 mode 2
Event: 39.607 Thread 0x000001f0fdfa4850 Uncommon trap: trap_request=0xffffff45 fr.pc=0x000001f0ee27a69c relative=0x000000000000205c
Event: 39.607 Thread 0x000001f0fdfa4850 Uncommon trap: reason=unstable_if action=reinterpret pc=0x000001f0ee27a69c method=com.esotericsoftware.kryo.io.Input.require(I)I @ 65 c2
Event: 39.607 Thread 0x000001f0fdfa4850 DEOPT PACKING pc=0x000001f0ee27a69c sp=0x00000021bfffe340
Event: 39.607 Thread 0x000001f0fdfa4850 DEOPT UNPACKING pc=0x000001f0ed9e66a3 sp=0x00000021bfffe3b0 mode 2

Classes unloaded (7 events):
Event: 3.458 Thread 0x000001f0f764fce0 Unloading class 0x0000000100212400 'java/lang/invoke/LambdaForm$MH+0x0000000100212400'
Event: 3.458 Thread 0x000001f0f764fce0 Unloading class 0x0000000100212000 'java/lang/invoke/LambdaForm$MH+0x0000000100212000'
Event: 3.458 Thread 0x000001f0f764fce0 Unloading class 0x0000000100211c00 'java/lang/invoke/LambdaForm$MH+0x0000000100211c00'
Event: 3.458 Thread 0x000001f0f764fce0 Unloading class 0x0000000100211800 'java/lang/invoke/LambdaForm$MH+0x0000000100211800'
Event: 3.458 Thread 0x000001f0f764fce0 Unloading class 0x0000000100211000 'java/lang/invoke/LambdaForm$BMH+0x0000000100211000'
Event: 3.458 Thread 0x000001f0f764fce0 Unloading class 0x0000000100210c00 'java/lang/invoke/LambdaForm$DMH+0x0000000100210c00'
Event: 3.458 Thread 0x000001f0f764fce0 Unloading class 0x000000010020e000 'java/lang/invoke/LambdaForm$DMH+0x000000010020e000'

Classes redefined (0 events):
No events

Internal exceptions (20 events):
Event: 14.261 Thread 0x000001f0fdfa4850 Exception <a 'java/lang/NoSuchMethodError'{0x00000000eb06b4e8}: static Lorg/gradle/internal/build/event/types/AbstractProgressEvent;.<clinit>()V> (0x00000000eb06b4e8) 
thrown [s\src\hotspot\share\prims\jni.cpp, line 1107]
Event: 14.263 Thread 0x000001f0fdfa4850 Exception <a 'java/lang/NoSuchMethodError'{0x00000000eb07e928}: static Lorg/gradle/internal/build/event/types/DefaultOperationStartedProgressEvent;.<clinit>()V> (0x00000000eb07e928) 
thrown [s\src\hotspot\share\prims\jni.cpp, line 1107]
Event: 14.265 Thread 0x000001f0fdfa4850 Exception <a 'java/lang/NoSuchMethodError'{0x00000000eb094018}: static Lorg/gradle/internal/build/event/types/DefaultOperationDescriptor;.<clinit>()V> (0x00000000eb094018) 
thrown [s\src\hotspot\share\prims\jni.cpp, line 1107]
Event: 14.267 Thread 0x000001f0fdfa4850 Exception <a 'java/lang/NoSuchMethodError'{0x00000000eb0a1da0}: static Lorg/gradle/internal/operations/OperationIdentifier;.<clinit>()V> (0x00000000eb0a1da0) 
thrown [s\src\hotspot\share\prims\jni.cpp, line 1107]
Event: 15.441 Thread 0x000001f0fdfa4850 Exception <a 'java/lang/NoSuchMethodError'{0x00000000eb130350}: static Lorg/gradle/internal/build/event/types/DefaultOperationFinishedProgressEvent;.<clinit>()V> (0x00000000eb130350) 
thrown [s\src\hotspot\share\prims\jni.cpp, line 1107]
Event: 15.446 Thread 0x000001f0fdfa4850 Exception <a 'java/lang/NoSuchMethodError'{0x00000000eb14af40}: static Lorg/gradle/internal/build/event/types/AbstractResult;.<clinit>()V> (0x00000000eb14af40) 
thrown [s\src\hotspot\share\prims\jni.cpp, line 1107]
Event: 15.448 Thread 0x000001f0fdfa4850 Exception <a 'java/lang/NoSuchMethodError'{0x00000000eb157f60}: static Lorg/gradle/internal/build/event/types/AbstractOperationResult;.<clinit>()V> (0x00000000eb157f60) 
thrown [s\src\hotspot\share\prims\jni.cpp, line 1107]
Event: 15.449 Thread 0x000001f0fdfa4850 Exception <a 'java/lang/NoSuchMethodError'{0x00000000eb165618}: static Lorg/gradle/internal/build/event/types/DefaultSuccessResult;.<clinit>()V> (0x00000000eb165618) 
thrown [s\src\hotspot\share\prims\jni.cpp, line 1107]
Event: 24.082 Thread 0x000001f0fdfa4850 Exception <a 'java/lang/NoSuchMethodError'{0x00000000eb2c6148}: static Lorg/gradle/internal/build/event/types/DefaultProjectConfigurationDescriptor;.<clinit>()V> (0x00000000eb2c6148) 
thrown [s\src\hotspot\share\prims\jni.cpp, line 1107]
Event: 27.369 Thread 0x000001f0fdfa4850 Exception <a 'java/lang/NoSuchMethodError'{0x00000000eaf3dfa8}: static Lorg/gradle/internal/build/event/types/AbstractProjectConfigurationResult;.<clinit>()V> (0x00000000eaf3dfa8) 
thrown [s\src\hotspot\share\prims\jni.cpp, line 1107]
Event: 27.371 Thread 0x000001f0fdfa4850 Exception <a 'java/lang/NoSuchMethodError'{0x00000000eaf4cd18}: static Lorg/gradle/internal/build/event/types/DefaultProjectConfigurationSuccessResult;.<clinit>()V> (0x00000000eaf4cd18) 
thrown [s\src\hotspot\share\prims\jni.cpp, line 1107]
Event: 27.375 Thread 0x000001f0fdfa4850 Exception <a 'java/lang/NoSuchMethodError'{0x00000000eaf82c00}: static Lorg/gradle/internal/build/event/types/DefaultPluginApplicationResult;.<clinit>()V> (0x00000000eaf82c00) 
thrown [s\src\hotspot\share\prims\jni.cpp, line 1107]
Event: 27.378 Thread 0x000001f0fdfa4850 Exception <a 'java/lang/NoSuchMethodError'{0x00000000eafa03b8}: static Lorg/gradle/internal/build/event/types/DefaultBinaryPluginIdentifier;.<clinit>()V> (0x00000000eafa03b8) 
thrown [s\src\hotspot\share\prims\jni.cpp, line 1107]
Event: 27.385 Thread 0x000001f0fdfa4850 Exception <a 'java/lang/NoSuchMethodError'{0x00000000eafc3448}: static Lorg/gradle/internal/build/event/types/DefaultScriptPluginIdentifier;.<clinit>()V> (0x00000000eafc3448) 
thrown [s\src\hotspot\share\prims\jni.cpp, line 1107]
Event: 29.009 Thread 0x000001f0fdfa4850 Exception <a 'java/lang/NoSuchMethodError'{0x00000000eb204da8}: static Lorg/gradle/internal/build/event/types/DefaultTaskStartedProgressEvent;.<clinit>()V> (0x00000000eb204da8) 
thrown [s\src\hotspot\share\prims\jni.cpp, line 1107]
Event: 29.013 Thread 0x000001f0fdfa4850 Exception <a 'java/lang/NoSuchMethodError'{0x00000000eb228da0}: static Lorg/gradle/internal/build/event/types/DefaultTaskDescriptor;.<clinit>()V> (0x00000000eb228da0) 
thrown [s\src\hotspot\share\prims\jni.cpp, line 1107]
Event: 29.780 Thread 0x000001f0fdfa4850 Exception <a 'java/lang/NoSuchMethodError'{0x00000000eb33a190}: static Lorg/gradle/internal/build/event/types/DefaultTaskFinishedProgressEvent;.<clinit>()V> (0x00000000eb33a190) 
thrown [s\src\hotspot\share\prims\jni.cpp, line 1107]
Event: 29.782 Thread 0x000001f0fdfa4850 Exception <a 'java/lang/NoSuchMethodError'{0x00000000eb363700}: static Lorg/gradle/internal/build/event/types/AbstractTaskResult;.<clinit>()V> (0x00000000eb363700) 
thrown [s\src\hotspot\share\prims\jni.cpp, line 1107]
Event: 29.783 Thread 0x000001f0fdfa4850 Exception <a 'java/lang/NoSuchMethodError'{0x00000000eb371f20}: static Lorg/gradle/internal/build/event/types/DefaultTaskSuccessResult;.<clinit>()V> (0x00000000eb371f20) 
thrown [s\src\hotspot\share\prims\jni.cpp, line 1107]
Event: 29.790 Thread 0x000001f0fdfa4850 Exception <a 'java/lang/NoSuchMethodError'{0x00000000eb3cfb78}: static Lorg/gradle/internal/build/event/types/DefaultTaskSkippedResult;.<clinit>()V> (0x00000000eb3cfb78) 
thrown [s\src\hotspot\share\prims\jni.cpp, line 1107]

VM Operations (20 events):
Event: 29.777 Executing VM operation: HandshakeAllThreads
Event: 29.777 Executing VM operation: HandshakeAllThreads done
Event: 29.779 Executing VM operation: HandshakeAllThreads
Event: 29.779 Executing VM operation: HandshakeAllThreads done
Event: 30.785 Executing VM operation: Cleanup
Event: 30.785 Executing VM operation: Cleanup done
Event: 34.787 Executing VM operation: Cleanup
Event: 34.787 Executing VM operation: Cleanup done
Event: 36.335 Executing VM operation: ParallelGCFailedAllocation
Event: 36.336 Executing VM operation: ParallelGCFailedAllocation done
Event: 37.336 Executing VM operation: Cleanup
Event: 37.336 Executing VM operation: Cleanup done
Event: 37.518 Executing VM operation: ParallelGCFailedAllocation
Event: 37.519 Executing VM operation: ParallelGCFailedAllocation done
Event: 38.519 Executing VM operation: Cleanup
Event: 38.520 Executing VM operation: Cleanup done
Event: 38.614 Executing VM operation: ParallelGCFailedAllocation
Event: 38.615 Executing VM operation: ParallelGCFailedAllocation done
Event: 39.618 Executing VM operation: Cleanup
Event: 39.618 Executing VM operation: Cleanup done

Events (20 events):
Event: 13.600 loading class java/nio/channels/spi/AbstractSelector$1 done
Event: 13.636 Thread 0x000001f0fdfa3040 Thread added: 0x000001f0fdfa3040
Event: 13.636 Thread 0x000001f0fdfa3040 Thread exited: 0x000001f0fdfa3040
Event: 13.636 Thread 0x000001f0fdfa26a0 Thread added: 0x000001f0fdfa26a0
Event: 14.260 loading class java/io/ObjectStreamClass$1
Event: 14.261 loading class java/io/ObjectStreamClass$1 done
Event: 14.261 loading class java/io/ObjectStreamClass$MemberSignature
Event: 14.261 loading class java/io/ObjectStreamClass$MemberSignature done
Event: 14.261 loading class java/io/ObjectStreamClass$3
Event: 14.261 loading class java/io/ObjectStreamClass$3 done
Event: 14.262 loading class java/io/ObjectStreamClass$4
Event: 14.262 loading class java/io/ObjectStreamClass$4 done
Event: 14.262 loading class java/io/ObjectStreamClass$5
Event: 14.262 loading class java/io/ObjectStreamClass$5 done
Event: 27.372 loading class java/util/function/UnaryOperator
Event: 27.372 loading class java/util/function/UnaryOperator done
Event: 27.379 loading class java/time/Ser
Event: 27.380 loading class java/time/Ser done
Event: 27.396 Thread 0x000001f0fd8feab0 Thread added: 0x000001f0fd8feab0
Event: 28.135 Thread 0x000001f0fd8feab0 Thread exited: 0x000001f0fd8feab0


Dynamic libraries:
0x00007ff6cedb0000 - 0x00007ff6cedbe000 	c:\Users\tranv\.vscode\extensions\redhat.java-1.20.0-win32-x64\jre\17.0.7-win32-x86_64\bin\java.exe
0x00007ffb9e150000 - 0x00007ffb9e364000 	C:\WINDOWS\SYSTEM32\ntdll.dll
0x00007ffb9bfb0000 - 0x00007ffb9c072000 	C:\WINDOWS\System32\KERNEL32.DLL
0x00007ffb9b660000 - 0x00007ffb9ba03000 	C:\WINDOWS\System32\KERNELBASE.dll
0x00007ffb9ba10000 - 0x00007ffb9bb21000 	C:\WINDOWS\System32\ucrtbase.dll
0x00007ffb85da0000 - 0x00007ffb85db9000 	c:\Users\tranv\.vscode\extensions\redhat.java-1.20.0-win32-x64\jre\17.0.7-win32-x86_64\bin\VCRUNTIME140.dll
0x00007ffb82330000 - 0x00007ffb82347000 	c:\Users\tranv\.vscode\extensions\redhat.java-1.20.0-win32-x64\jre\17.0.7-win32-x86_64\bin\jli.dll
0x00007ffb9c3d0000 - 0x00007ffb9c57a000 	C:\WINDOWS\System32\USER32.dll
0x00007ffb7b820000 - 0x00007ffb7baae000 	C:\WINDOWS\WinSxS\amd64_microsoft.windows.common-controls_6595b64144ccf1df_6.0.22621.1635_none_270f70857386168e\COMCTL32.dll
0x00007ffb9bca0000 - 0x00007ffb9bcc6000 	C:\WINDOWS\System32\win32u.dll
0x00007ffb9c840000 - 0x00007ffb9c8e7000 	C:\WINDOWS\System32\msvcrt.dll
0x00007ffb9cb20000 - 0x00007ffb9cb49000 	C:\WINDOWS\System32\GDI32.dll
0x00007ffb9be10000 - 0x00007ffb9bf29000 	C:\WINDOWS\System32\gdi32full.dll
0x00007ffb9b550000 - 0x00007ffb9b5ea000 	C:\WINDOWS\System32\msvcp_win.dll
0x00007ffb9d890000 - 0x00007ffb9d8c1000 	C:\WINDOWS\System32\IMM32.DLL
0x00007ffb95b40000 - 0x00007ffb95b4c000 	c:\Users\tranv\.vscode\extensions\redhat.java-1.20.0-win32-x64\jre\17.0.7-win32-x86_64\bin\vcruntime140_1.dll
0x00007ffb7ec50000 - 0x00007ffb7ece1000 	c:\Users\tranv\.vscode\extensions\redhat.java-1.20.0-win32-x64\jre\17.0.7-win32-x86_64\bin\msvcp140.dll
0x00007ffb254a0000 - 0x00007ffb260e8000 	c:\Users\tranv\.vscode\extensions\redhat.java-1.20.0-win32-x64\jre\17.0.7-win32-x86_64\bin\server\jvm.dll
0x00007ffb9d8d0000 - 0x00007ffb9d97e000 	C:\WINDOWS\System32\ADVAPI32.dll
0x00007ffb9c980000 - 0x00007ffb9ca24000 	C:\WINDOWS\System32\sechost.dll
0x00007ffb9c720000 - 0x00007ffb9c837000 	C:\WINDOWS\System32\RPCRT4.dll
0x00007ffb8b610000 - 0x00007ffb8b619000 	C:\WINDOWS\SYSTEM32\WSOCK32.dll
0x00007ffb943e0000 - 0x00007ffb94414000 	C:\WINDOWS\SYSTEM32\WINMM.dll
0x00007ffb9cbb0000 - 0x00007ffb9cc21000 	C:\WINDOWS\System32\WS2_32.dll
0x00007ffb93e90000 - 0x00007ffb93e9a000 	C:\WINDOWS\SYSTEM32\VERSION.dll
0x00007ffb9a590000 - 0x00007ffb9a5a8000 	C:\WINDOWS\SYSTEM32\kernel.appcore.dll
0x00007ffb94c00000 - 0x00007ffb94c0a000 	c:\Users\tranv\.vscode\extensions\redhat.java-1.20.0-win32-x64\jre\17.0.7-win32-x86_64\bin\jimage.dll
0x00007ffb98f00000 - 0x00007ffb9912e000 	C:\WINDOWS\SYSTEM32\DBGHELP.DLL
0x00007ffb9cc40000 - 0x00007ffb9cfc9000 	C:\WINDOWS\System32\combase.dll
0x00007ffb9ca30000 - 0x00007ffb9cb07000 	C:\WINDOWS\System32\OLEAUT32.dll
0x00007ffb85c30000 - 0x00007ffb85c62000 	C:\WINDOWS\SYSTEM32\dbgcore.DLL
0x00007ffb9bd90000 - 0x00007ffb9be0a000 	C:\WINDOWS\System32\bcryptPrimitives.dll
0x00007ffb94b60000 - 0x00007ffb94b6e000 	c:\Users\tranv\.vscode\extensions\redhat.java-1.20.0-win32-x64\jre\17.0.7-win32-x86_64\bin\instrument.dll
0x00007ffb7c800000 - 0x00007ffb7c825000 	c:\Users\tranv\.vscode\extensions\redhat.java-1.20.0-win32-x64\jre\17.0.7-win32-x86_64\bin\java.dll
0x00007ffb7c7e0000 - 0x00007ffb7c7f8000 	c:\Users\tranv\.vscode\extensions\redhat.java-1.20.0-win32-x64\jre\17.0.7-win32-x86_64\bin\zip.dll
0x00007ffb9d030000 - 0x00007ffb9d829000 	C:\WINDOWS\System32\SHELL32.dll
0x00007ffb99540000 - 0x00007ffb99e0e000 	C:\WINDOWS\SYSTEM32\windows.storage.dll
0x00007ffb99400000 - 0x00007ffb9953e000 	C:\WINDOWS\SYSTEM32\wintypes.dll
0x00007ffb9c2d0000 - 0x00007ffb9c3c1000 	C:\WINDOWS\System32\SHCORE.dll
0x00007ffb9cfd0000 - 0x00007ffb9d02e000 	C:\WINDOWS\System32\shlwapi.dll
0x00007ffb9b480000 - 0x00007ffb9b4a6000 	C:\WINDOWS\SYSTEM32\profapi.dll
0x00007ffb7c7c0000 - 0x00007ffb7c7d9000 	C:\Users\tranv\.vscode\extensions\redhat.java-1.20.0-win32-x64\jre\17.0.7-win32-x86_64\bin\net.dll
0x00007ffb94900000 - 0x00007ffb94a37000 	C:\WINDOWS\SYSTEM32\WINHTTP.dll
0x00007ffb9aa10000 - 0x00007ffb9aa79000 	C:\WINDOWS\system32\mswsock.dll
0x00007ffb7c770000 - 0x00007ffb7c785000 	C:\Users\tranv\.vscode\extensions\redhat.java-1.20.0-win32-x64\jre\17.0.7-win32-x86_64\bin\nio.dll
0x00007ffb94b00000 - 0x00007ffb94b10000 	c:\Users\tranv\.vscode\extensions\redhat.java-1.20.0-win32-x64\jre\17.0.7-win32-x86_64\bin\verify.dll
0x00007ffb7c1d0000 - 0x00007ffb7c20e000 	C:\Users\tranv\AppData\Roaming\Code\User\globalStorage\redhat.java\1.20.0\config_win\org.eclipse.equinox.launcher\org.eclipse.equinox.launcher.win32.win32.x86_64_1.2.700.v20221108-1024\eclipse_11801.dll
0x00007ffb9c580000 - 0x00007ffb9c71c000 	C:\WINDOWS\System32\ole32.dll
0x00007ffb9ac70000 - 0x00007ffb9ac8b000 	C:\WINDOWS\SYSTEM32\CRYPTSP.dll
0x00007ffb9a500000 - 0x00007ffb9a535000 	C:\WINDOWS\system32\rsaenh.dll
0x00007ffb9ab10000 - 0x00007ffb9ab3c000 	C:\WINDOWS\SYSTEM32\USERENV.dll
0x00007ffb9ae30000 - 0x00007ffb9ae58000 	C:\WINDOWS\SYSTEM32\bcrypt.dll
0x00007ffb9ac90000 - 0x00007ffb9ac9c000 	C:\WINDOWS\SYSTEM32\CRYPTBASE.dll
0x00007ffb9a0b0000 - 0x00007ffb9a0dd000 	C:\WINDOWS\SYSTEM32\IPHLPAPI.DLL
0x00007ffb9cb10000 - 0x00007ffb9cb19000 	C:\WINDOWS\System32\NSI.dll
0x00007ffb946e0000 - 0x00007ffb946f9000 	C:\WINDOWS\SYSTEM32\dhcpcsvc6.DLL
0x00007ffb946c0000 - 0x00007ffb946df000 	C:\WINDOWS\SYSTEM32\dhcpcsvc.DLL
0x00007ffb9a130000 - 0x00007ffb9a223000 	C:\WINDOWS\SYSTEM32\DNSAPI.dll
0x00007ffb7c050000 - 0x00007ffb7c095000 	C:\Users\tranv\AppData\Local\Temp\jna-110621355\jna8293128244349453523.dll
0x00007ffb9cc30000 - 0x00007ffb9cc38000 	C:\WINDOWS\System32\PSAPI.DLL
0x00007ffb7c1a0000 - 0x00007ffb7c1c7000 	C:\Users\tranv\.gradle\native\68d5fa5c4cc2d200863cafc0d521ce42e7d3e7ee720ec0a83991735586a16f82\windows-amd64\native-platform.dll
0x00007ffb94a40000 - 0x00007ffb94a49000 	C:\Users\tranv\.vscode\extensions\redhat.java-1.20.0-win32-x64\jre\17.0.7-win32-x86_64\bin\management.dll
0x00007ffb8d650000 - 0x00007ffb8d65b000 	C:\Users\tranv\.vscode\extensions\redhat.java-1.20.0-win32-x64\jre\17.0.7-win32-x86_64\bin\management_ext.dll
0x00007ffb8d640000 - 0x00007ffb8d64e000 	C:\Users\tranv\.vscode\extensions\redhat.java-1.20.0-win32-x64\jre\17.0.7-win32-x86_64\bin\sunmscapi.dll
0x00007ffb9bb30000 - 0x00007ffb9bc97000 	C:\WINDOWS\System32\CRYPT32.dll
0x00007ffb9ae00000 - 0x00007ffb9ae2e000 	C:\WINDOWS\SYSTEM32\ncrypt.dll
0x00007ffb9adc0000 - 0x00007ffb9adf7000 	C:\WINDOWS\SYSTEM32\NTASN1.dll
0x00007ffb84510000 - 0x00007ffb84518000 	C:\WINDOWS\system32\wshunix.dll

dbghelp: loaded successfully - version: 4.0.5 - missing functions: none
symbol engine: initialized successfully - sym options: 0x614 - pdb path: .;c:\Users\tranv\.vscode\extensions\redhat.java-1.20.0-win32-x64\jre\17.0.7-win32-x86_64\bin;C:\WINDOWS\SYSTEM32;C:\WINDOWS\WinSxS\amd64_microsoft.windows.common-controls_6595b64144ccf1df_6.0.22621.1635_none_270f70857386168e;c:\Users\tranv\.vscode\extensions\redhat.java-1.20.0-win32-x64\jre\17.0.7-win32-x86_64\bin\server;C:\Users\tranv\AppData\Roaming\Code\User\globalStorage\redhat.java\1.20.0\config_win\org.eclipse.equinox.launcher\org.eclipse.equinox.launcher.win32.win32.x86_64_1.2.700.v20221108-1024;C:\Users\tranv\AppData\Local\Temp\jna-110621355;C:\Users\tranv\.gradle\native\68d5fa5c4cc2d200863cafc0d521ce42e7d3e7ee720ec0a83991735586a16f82\windows-amd64

VM Arguments:
jvm_args: --add-modules=ALL-SYSTEM --add-opens=java.base/java.util=ALL-UNNAMED --add-opens=java.base/java.lang=ALL-UNNAMED --add-opens=java.base/sun.nio.fs=ALL-UNNAMED -Declipse.application=org.eclipse.jdt.ls.core.id1 -Dosgi.bundles.defaultStartLevel=4 -Declipse.product=org.eclipse.jdt.ls.core.product -Djava.import.generatesMetadataFilesAtProjectRoot=false -Dfile.encoding=utf8 -XX:+UseParallelGC -XX:GCTimeRatio=4 -XX:AdaptiveSizePolicyWeight=90 -Dsun.zip.disableMemoryMapping=true -Xmx1G -Xms100m -Xlog:disable -javaagent:c:\Users\tranv\.vscode\extensions\redhat.java-1.20.0-win32-x64\lombok\lombok-1.18.28.jar -XX:+HeapDumpOnOutOfMemoryError -XX:HeapDumpPath=c:\Users\tranv\AppData\Roaming\Code\User\workspaceStorage\ce8d262541ed57863abe35ef973899ac\redhat.java -Daether.dependencyCollector.impl=bf 
java_command: c:\Users\tranv\.vscode\extensions\redhat.java-1.20.0-win32-x64\server\plugins\org.eclipse.equinox.launcher_1.6.500.v20230622-2056.jar -configuration c:\Users\tranv\AppData\Roaming\Code\User\globalStorage\redhat.java\1.20.0\config_win -data c:\Users\tranv\AppData\Roaming\Code\User\workspaceStorage\ce8d262541ed57863abe35ef973899ac\redhat.java\jdt_ws
java_class_path (initial): c:\Users\tranv\.vscode\extensions\redhat.java-1.20.0-win32-x64\server\plugins\org.eclipse.equinox.launcher_1.6.500.v20230622-2056.jar
Launcher Type: SUN_STANDARD

[Global flags]
    uintx AdaptiveSizePolicyWeight                 = 90                                        {product} {command line}
     intx CICompilerCount                          = 4                                         {product} {ergonomic}
    uintx GCTimeRatio                              = 4                                         {product} {command line}
     bool HeapDumpOnOutOfMemoryError               = true                                   {manageable} {command line}
    ccstr HeapDumpPath                             = c:\Users\tranv\AppData\Roaming\Code\User\workspaceStorage\ce8d262541ed57863abe35ef973899ac\redhat.java         {manageable} {command line}
   size_t InitialHeapSize                          = 104857600                                 {product} {command line}
   size_t MaxHeapSize                              = 1073741824                                {product} {command line}
   size_t MaxNewSize                               = 357564416                                 {product} {ergonomic}
   size_t MinHeapDeltaBytes                        = 524288                                    {product} {ergonomic}
   size_t MinHeapSize                              = 104857600                                 {product} {command line}
   size_t NewSize                                  = 34603008                                  {product} {ergonomic}
    uintx NonNMethodCodeHeapSize                   = 5839372                                {pd product} {ergonomic}
    uintx NonProfiledCodeHeapSize                  = 122909434                              {pd product} {ergonomic}
   size_t OldSize                                  = 70254592                                  {product} {ergonomic}
    uintx ProfiledCodeHeapSize                     = 122909434                              {pd product} {ergonomic}
    uintx ReservedCodeCacheSize                    = 251658240                              {pd product} {ergonomic}
     bool SegmentedCodeCache                       = true                                      {product} {ergonomic}
   size_t SoftMaxHeapSize                          = 1073741824                             {manageable} {ergonomic}
     bool UseCompressedClassPointers               = true                           {product lp64_product} {ergonomic}
     bool UseCompressedOops                        = true                           {product lp64_product} {ergonomic}
     bool UseLargePagesIndividualAllocation        = false                                  {pd product} {ergonomic}
     bool UseParallelGC                            = true                                      {product} {command line}

Logging:
Log output configuration:
 #0: stdout all=off uptime,level,tags
 #1: stderr all=off uptime,level,tags

Environment Variables:
PATH=C:\Program Files\Common Files\Oracle\Java\javapath;C:\Program Files (x86)\Common Files\Oracle\Java\javapath;C:\WINDOWS\system32;C:\WINDOWS;C:\WINDOWS\System32\Wbem;C:\WINDOWS\System32\WindowsPowerShell\v1.0\;C:\WINDOWS\System32\OpenSSH\;%JAVA_HOME%\bin;C:\Program Files\dotnet\;D:\program\xampp\php;C:\composer;C:\Program Files\Git\cmd;C:\Program Files\nodejs\;C:\Users\tranv\AppData\Local\Programs\Python\Python39\Scripts\;C:\Users\tranv\AppData\Local\Programs\Python\Python39\;C:\Users\tranv\AppData\Local\Microsoft\WindowsApps;C:\Users\tranv\AppData\Local\Programs\Microsoft VS Code\bin;C:\Users\tranv\.dotnet\tools;C:\Users\tranv\AppData\Local\GitHubDesktop\bin;C:\Program Files\Inkscape\bin;C:\Program Files\Java\jdk-19\bin;C:\Users\tranv\AppData\Local\JetBrains\Toolbox\scripts;C:\Program Files\heroku\bin;C:\Users\tranv\AppData\Roaming\Composer\vendor\bin;C:\Users\tranv\AppData\Local\Android\Sdk\platform-tools;C:\Users\tranv\AppData\Roaming\npm;C:\Users\tranv\AppData\Local\ComposerSetup\bin
USERNAME=tranv
OS=Windows_NT
PROCESSOR_IDENTIFIER=Intel64 Family 6 Model 142 Stepping 12, GenuineIntel
TMP=C:\Users\tranv\AppData\Local\Temp
TEMP=C:\Users\tranv\AppData\Local\Temp



---------------  S Y S T E M  ---------------

OS:
 Windows 11 , 64 bit Build 22621 (10.0.22621.1928)
OS uptime: 10 days 23:14 hours

CPU: total 8 (initial active 8) (4 cores per cpu, 2 threads per core) family 6 model 142 stepping 12 microcode 0xec, cx8, cmov, fxsr, ht, mmx, 3dnowpref, sse, sse2, sse3, ssse3, sse4.1, sse4.2, popcnt, lzcnt, tsc, tscinvbit, avx, avx2, aes, erms, clmul, bmi1, bmi2, adx, fma, vzeroupper, clflush, clflushopt

Memory: 4k page, system-wide physical 8014M (481M free)
TotalPageFile size 32590M (AvailPageFile size 228M)
current process WorkingSet (physical memory assigned to process): 180M, peak: 246M
current process commit charge ("private bytes"): 296M, peak: 310M

vm_info: OpenJDK 64-Bit Server VM (17.0.7+7) for windows-amd64 JRE (17.0.7+7), built on Apr 18 2023 22:10:42 by "temurin" with MS VC++ 16.7 (VS2019)

END.
