#
# There is insufficient memory for the Java Runtime Environment to continue.
# Native memory allocation (malloc) failed to allocate 2778176 bytes for Chunk::new
# Possible reasons:
#   The system is out of physical RAM or swap space
#   The process is running with CompressedOops enabled, and the Java Heap may be blocking the growth of the native heap
# Possible solutions:
#   Reduce memory load on the system
#   Increase physical memory or swap space
#   Check if swap backing store is full
#   Decrease Java heap size (-Xmx/-Xms)
#   Decrease number of Java threads
#   Decrease Java thread stack sizes (-Xss)
#   Set larger code cache with -XX:ReservedCodeCacheSize=
#   JVM is running with Unscaled Compressed Oops mode in which the Java heap is
#     placed in the first 4GB address space. The Java Heap base address is the
#     maximum limit for the native heap growth. Please use -XX:HeapBaseMinAddress
#     to set the Java Heap base and to place the Java Heap above 4GB virtual address.
# This output file may be truncated or incomplete.
#
#  Out of Memory Error (arena.cpp:184), pid=22036, tid=4648
#
# JRE version: Java(TM) SE Runtime Environment (19.0+36) (build 19+36-2238)
# Java VM: Java HotSpot(TM) 64-Bit Server VM (19+36-2238, mixed mode, sharing, tiered, compressed oops, compressed class ptrs, g1 gc, windows-amd64)
# No core dump will be written. Minidumps are not enabled by default on client versions of Windows
#

---------------  S U M M A R Y ------------

Command Line: -XX:MaxMetaspaceSize=512m --add-opens=java.base/java.util=ALL-UNNAMED --add-opens=java.base/java.lang=ALL-UNNAMED --add-opens=java.base/java.lang.invoke=ALL-UNNAMED --add-opens=java.prefs/java.util.prefs=ALL-UNNAMED --add-opens=java.base/java.nio.charset=ALL-UNNAMED --add-opens=java.base/java.net=ALL-UNNAMED --add-opens=java.base/java.util.concurrent.atomic=ALL-UNNAMED -Xmx2048m -Dfile.encoding=utf8 -Duser.country=US -Duser.language=en -Duser.variant org.gradle.launcher.daemon.bootstrap.GradleDaemon 8.0.1

Host: Intel(R) Core(TM) i5-10210U CPU @ 1.60GHz, 8 cores, 7G,  Windows 11 , 64 bit Build 22621 (10.0.22621.1928)
Time: Tue Jul 25 17:13:03 2023 SE Asia Standard Time elapsed time: 27.346813 seconds (0d 0h 0m 27s)

---------------  T H R E A D  ---------------

Current thread (0x0000023bb7e83de0):  JavaThread "C2 CompilerThread0" daemon [_thread_in_native, id=4648, stack(0x000000b918700000,0x000000b918800000)]


Current CompileTask:
C2:  27347 11341       4       java.beans.MethodRef::set (58 bytes)

Stack: [0x000000b918700000,0x000000b918800000]
Native frames: (J=compiled Java code, j=interpreted, Vv=VM code, C=native code)
V  [jvm.dll+0x6ee8fa]
V  [jvm.dll+0x857a1e]
V  [jvm.dll+0x85940e]
V  [jvm.dll+0x859ac3]
V  [jvm.dll+0x28291f]
V  [jvm.dll+0xc9b5f]
V  [jvm.dll+0xc9ee5]
V  [jvm.dll+0x3bcbac]
V  [jvm.dll+0x386201]
V  [jvm.dll+0x38567a]
V  [jvm.dll+0x24c2c9]
V  [jvm.dll+0x24b671]
V  [jvm.dll+0x1d6d61]
V  [jvm.dll+0x25b0fa]
V  [jvm.dll+0x259588]
V  [jvm.dll+0x807928]
V  [jvm.dll+0x8015fa]
V  [jvm.dll+0x6ed5eb]
C  [ucrtbase.dll+0x29363]
C  [KERNEL32.DLL+0x126ad]
C  [ntdll.dll+0x5aa68]


---------------  P R O C E S S  ---------------

Threads class SMR info:
_java_thread_list=0x0000023bc101c380, length=135, elements={
0x0000023b9959d8b0, 0x0000023bb7e79ae0, 0x0000023bb7e7a610, 0x0000023bb7e7d150,
0x0000023bb7e7dc80, 0x0000023bb7e80840, 0x0000023bb7e83180, 0x0000023bb7e83de0,
0x0000023bb7e84750, 0x0000023bb7e850c0, 0x0000023bbc12c140, 0x0000023bbc12c680,
0x0000023bbdec3010, 0x0000023bbd30f900, 0x0000023bbd822c00, 0x0000023bbdb62de0,
0x0000023bbdba1040, 0x0000023bbdb8ca70, 0x0000023bbdb7ffc0, 0x0000023bbdb80510,
0x0000023bbdb7dfe0, 0x0000023bbdb7f520, 0x0000023bbdb7e530, 0x0000023bbdb7ea80,
0x0000023bbdb7efd0, 0x0000023bbdb7fa70, 0x0000023bbdb7d540, 0x0000023bbdb7da90,
0x0000023bbfad2050, 0x0000023bbfad3590, 0x0000023bbfad1060, 0x0000023bbfad5570,
0x0000023bbfad4580, 0x0000023bbfad7ff0, 0x0000023bbfad2af0, 0x0000023bbfad4030,
0x0000023bbfad7aa0, 0x0000023bbfad7550, 0x0000023bbfad6010, 0x0000023bbfad4ad0,
0x0000023bbfad5020, 0x0000023bbfad15b0, 0x0000023bbdff2860, 0x0000023bbdff3da0,
0x0000023bbdff0dd0, 0x0000023bbdfee8a0, 0x0000023bbdff4840, 0x0000023bbdfee350,
0x0000023bbdfeedf0, 0x0000023bbdff2db0, 0x0000023bbdff1320, 0x0000023bbdfef340,
0x0000023bbdfede00, 0x0000023bbdff3300, 0x0000023bbdff0880, 0x0000023bbdfef890,
0x0000023bbdff3850, 0x0000023bbdfefde0, 0x0000023bbdff0330, 0x0000023bbdff1dc0,
0x0000023bbdff1870, 0x0000023bbdff2310, 0x0000023bbdfece10, 0x0000023bbdfed360,
0x0000023bbdfed8b0, 0x0000023bc0907970, 0x0000023bc0907ec0, 0x0000023bc0906430,
0x0000023bc09039b0, 0x0000023bc0903460, 0x0000023bc0906980, 0x0000023bc0906ed0,
0x0000023bc0903f00, 0x0000023bc09049a0, 0x0000023bc0904ef0, 0x0000023bc0907420,
0x0000023bc0900f30, 0x0000023bc0905ee0, 0x0000023bc0905440, 0x0000023bc0905990,
0x0000023bc0901f20, 0x0000023bc0902470, 0x0000023bc09019d0, 0x0000023bc09009e0,
0x0000023bc0901480, 0x0000023bbfad6560, 0x0000023bbe6fd5c0, 0x0000023bbe6fab40,
0x0000023bbe6fbb30, 0x0000023bbe6fc080, 0x0000023bbe6fcb20, 0x0000023bbe701ad0,
0x0000023bbe6ff5a0, 0x0000023bbe6ffaf0, 0x0000023bbe6fb5e0, 0x0000023bbe6fb090,
0x0000023bbe6fc5d0, 0x0000023bbe6fd070, 0x0000023bbe6fdb10, 0x0000023bbe700590,
0x0000023bbe6fa5f0, 0x0000023bbe6fe060, 0x0000023bbe6feb00, 0x0000023bbe6fa0a0,
0x0000023bbe6fe5b0, 0x0000023bbe6ff050, 0x0000023bbe700ae0, 0x0000023bbe701030,
0x0000023bbe701580, 0x0000023bbf433990, 0x0000023bbf434ed0, 0x0000023bbf42ff20,
0x0000023bbf431460, 0x0000023bbf434430, 0x0000023bbf435420, 0x0000023bbf433ee0,
0x0000023bbf430f10, 0x0000023bbf4319b0, 0x0000023bbf435970, 0x0000023bbf432ef0,
0x0000023bbf433440, 0x0000023bbf434980, 0x0000023bbf435ec0, 0x0000023bbf431f00,
0x0000023bbf436410, 0x0000023bbf436960, 0x0000023bbf432450, 0x0000023bbf436eb0,
0x0000023bbf430470, 0x0000023bbf4309c0, 0x0000023bbf437400, 0x0000023bbf4329a0,
0x0000023bbf437950, 0x0000023bc064c5c0, 0x0000023bc064bb20
}

Java Threads: ( => current thread )
  0x0000023b9959d8b0 JavaThread "main" [_thread_blocked, id=23032, stack(0x000000b917a00000,0x000000b917b00000)]
  0x0000023bb7e79ae0 JavaThread "Reference Handler" daemon [_thread_blocked, id=19236, stack(0x000000b918100000,0x000000b918200000)]
  0x0000023bb7e7a610 JavaThread "Finalizer" daemon [_thread_blocked, id=21296, stack(0x000000b918200000,0x000000b918300000)]
  0x0000023bb7e7d150 JavaThread "Signal Dispatcher" daemon [_thread_blocked, id=7948, stack(0x000000b918300000,0x000000b918400000)]
  0x0000023bb7e7dc80 JavaThread "Attach Listener" daemon [_thread_blocked, id=15260, stack(0x000000b918400000,0x000000b918500000)]
  0x0000023bb7e80840 JavaThread "Service Thread" daemon [_thread_blocked, id=2904, stack(0x000000b918500000,0x000000b918600000)]
  0x0000023bb7e83180 JavaThread "Monitor Deflation Thread" daemon [_thread_blocked, id=12680, stack(0x000000b918600000,0x000000b918700000)]
=>0x0000023bb7e83de0 JavaThread "C2 CompilerThread0" daemon [_thread_in_native, id=4648, stack(0x000000b918700000,0x000000b918800000)]
  0x0000023bb7e84750 JavaThread "C1 CompilerThread0" daemon [_thread_blocked, id=9664, stack(0x000000b918800000,0x000000b918900000)]
  0x0000023bb7e850c0 JavaThread "Sweeper thread" daemon [_thread_blocked, id=2300, stack(0x000000b918900000,0x000000b918a00000)]
  0x0000023bbc12c140 JavaThread "Common-Cleaner" daemon [_thread_blocked, id=20116, stack(0x000000b918a00000,0x000000b918b00000)]
  0x0000023bbc12c680 JavaThread "Notification Thread" daemon [_thread_blocked, id=19508, stack(0x000000b918b00000,0x000000b918c00000)]
  0x0000023bbdec3010 JavaThread "Daemon health stats" [_thread_blocked, id=25756, stack(0x000000b919100000,0x000000b919200000)]
  0x0000023bbd30f900 JavaThread "Incoming local TCP Connector on port 54092" [_thread_in_native, id=1004, stack(0x000000b919300000,0x000000b919400000)]
  0x0000023bbd822c00 JavaThread "Daemon periodic checks" [_thread_blocked, id=23644, stack(0x000000b919400000,0x000000b919500000)]
  0x0000023bbdb62de0 JavaThread "Daemon" [_thread_blocked, id=24116, stack(0x000000b919500000,0x000000b919600000)]
  0x0000023bbdba1040 JavaThread "Handler for socket connection from /127.0.0.1:54092 to /127.0.0.1:54093" [_thread_in_native, id=22816, stack(0x000000b919600000,0x000000b919700000)]
  0x0000023bbdb8ca70 JavaThread "Cancel handler" [_thread_blocked, id=21112, stack(0x000000b919700000,0x000000b919800000)]
  0x0000023bbdb7ffc0 JavaThread "Daemon worker" [_thread_in_native, id=2160, stack(0x000000b919800000,0x000000b919900000)]
  0x0000023bbdb80510 JavaThread "Asynchronous log dispatcher for DefaultDaemonConnection: socket connection from /127.0.0.1:54092 to /127.0.0.1:54093" [_thread_blocked, id=28572, stack(0x000000b919900000,0x000000b919a00000)]
  0x0000023bbdb7dfe0 JavaThread "Stdin handler" [_thread_blocked, id=11920, stack(0x000000b919a00000,0x000000b919b00000)]
  0x0000023bbdb7f520 JavaThread "Daemon client event forwarder" [_thread_in_native, id=24152, stack(0x000000b919b00000,0x000000b919c00000)]
  0x0000023bbdb7e530 JavaThread "Cache worker for journal cache (C:\Users\tranv\.gradle\caches\journal-1)" [_thread_blocked, id=3560, stack(0x000000b919c00000,0x000000b919d00000)]
  0x0000023bbdb7ea80 JavaThread "File lock request listener" [_thread_in_native, id=13796, stack(0x000000b919d00000,0x000000b919e00000)]
  0x0000023bbdb7efd0 JavaThread "Cache worker for file hash cache (C:\Users\tranv\.gradle\caches\8.0.1\fileHashes)" [_thread_blocked, id=8896, stack(0x000000b919e00000,0x000000b919f00000)]
  0x0000023bbdb7fa70 JavaThread "File watcher server" daemon [_thread_in_native, id=27388, stack(0x000000b91a200000,0x000000b91a300000)]
  0x0000023bbdb7d540 JavaThread "File watcher consumer" daemon [_thread_blocked, id=20196, stack(0x000000b91a300000,0x000000b91a400000)]
  0x0000023bbdb7da90 JavaThread "Cache worker for checksums cache (C:\Users\tranv\OneDrive\Desktop\thuctaptn\duan_app\android\.gradle\8.0.1\checksums)" [_thread_blocked, id=17596, stack(0x000000b91a500000,0x000000b91a600000)]
  0x0000023bbfad2050 JavaThread "Cache worker for cache directory md-rule (C:\Users\tranv\.gradle\caches\8.0.1\md-rule)" [_thread_blocked, id=24864, stack(0x000000b91a600000,0x000000b91a700000)]
  0x0000023bbfad3590 JavaThread "Cache worker for file content cache (C:\Users\tranv\.gradle\caches\8.0.1\fileContent)" [_thread_blocked, id=22928, stack(0x000000b91a700000,0x000000b91a800000)]
  0x0000023bbfad1060 JavaThread "Cache worker for file hash cache (C:\Users\tranv\OneDrive\Desktop\thuctaptn\duan_app\android\.gradle\8.0.1\fileHashes)" [_thread_blocked, id=5744, stack(0x000000b91a800000,0x000000b91a900000)]
  0x0000023bbfad5570 JavaThread "Cache worker for cache directory md-supplier (C:\Users\tranv\.gradle\caches\8.0.1\md-supplier)" [_thread_blocked, id=16828, stack(0x000000b91a900000,0x000000b91aa00000)]
  0x0000023bbfad4580 JavaThread "Cache worker for execution history cache (C:\Users\tranv\.gradle\caches\8.0.1\executionHistory)" [_thread_blocked, id=16568, stack(0x000000b91aa00000,0x000000b91ab00000)]
  0x0000023bbfad7ff0 JavaThread "jar transforms" [_thread_blocked, id=15844, stack(0x000000b91ab00000,0x000000b91ac00000)]
  0x0000023bbfad2af0 JavaThread "jar transforms Thread 2" [_thread_blocked, id=22200, stack(0x000000b91ac00000,0x000000b91ad00000)]
  0x0000023bbfad4030 JavaThread "jar transforms Thread 3" [_thread_blocked, id=25384, stack(0x000000b91ad00000,0x000000b91ae00000)]
  0x0000023bbfad7aa0 JavaThread "jar transforms Thread 4" [_thread_blocked, id=25180, stack(0x000000b91ae00000,0x000000b91af00000)]
  0x0000023bbfad7550 JavaThread "jar transforms Thread 5" [_thread_blocked, id=7800, stack(0x000000b91af00000,0x000000b91b000000)]
  0x0000023bbfad6010 JavaThread "jar transforms Thread 6" [_thread_blocked, id=21352, stack(0x000000b91b000000,0x000000b91b100000)]
  0x0000023bbfad4ad0 JavaThread "Cache worker for kotlin-dsl (C:\Users\tranv\.gradle\caches\8.0.1\kotlin-dsl)" [_thread_blocked, id=26764, stack(0x000000b91b100000,0x000000b91b200000)]
  0x0000023bbfad5020 JavaThread "jar transforms Thread 7" [_thread_blocked, id=21816, stack(0x000000b91b200000,0x000000b91b300000)]
  0x0000023bbfad15b0 JavaThread "jar transforms Thread 8" [_thread_blocked, id=20000, stack(0x000000b91b300000,0x000000b91b400000)]
  0x0000023bbdff2860 JavaThread "Cache worker for dependencies-accessors (C:\Users\tranv\OneDrive\Desktop\thuctaptn\duan_app\android\.gradle\8.0.1\dependencies-accessors)" [_thread_blocked, id=20860, stack(0x000000b91b400000,0x000000b91b500000)]
  0x0000023bbdff3da0 JavaThread "Cache worker for Build Output Cleanup Cache (C:\Users\tranv\OneDrive\Desktop\thuctaptn\duan_app\node_modules\@react-native\gradle-plugin\.gradle\buildOutputCleanup)" [_thread_blocked, id=3412, stack(0x000000b91b500000,0x000000b91b600000)]
  0x0000023bbdff0dd0 JavaThread "Unconstrained build operations" [_thread_blocked, id=19780, stack(0x000000b91b600000,0x000000b91b700000)]
  0x0000023bbdfee8a0 JavaThread "Unconstrained build operations Thread 2" [_thread_blocked, id=12072, stack(0x000000b91b700000,0x000000b91b800000)]
  0x0000023bbdff4840 JavaThread "Unconstrained build operations Thread 3" [_thread_blocked, id=14932, stack(0x000000b91b800000,0x000000b91b900000)]
  0x0000023bbdfee350 JavaThread "Unconstrained build operations Thread 4" [_thread_blocked, id=21096, stack(0x000000b91b900000,0x000000b91ba00000)]
  0x0000023bbdfeedf0 JavaThread "Unconstrained build operations Thread 5" [_thread_blocked, id=15924, stack(0x000000b91ba00000,0x000000b91bb00000)]
  0x0000023bbdff2db0 JavaThread "Unconstrained build operations Thread 6" [_thread_blocked, id=26192, stack(0x000000b91bb00000,0x000000b91bc00000)]
  0x0000023bbdff1320 JavaThread "Unconstrained build operations Thread 7" [_thread_blocked, id=18624, stack(0x000000b91bc00000,0x000000b91bd00000)]
  0x0000023bbdfef340 JavaThread "Unconstrained build operations Thread 8" [_thread_blocked, id=28040, stack(0x000000b91bd00000,0x000000b91be00000)]
  0x0000023bbdfede00 JavaThread "Unconstrained build operations Thread 9" [_thread_blocked, id=4856, stack(0x000000b91be00000,0x000000b91bf00000)]
  0x0000023bbdff3300 JavaThread "Unconstrained build operations Thread 10" [_thread_blocked, id=16520, stack(0x000000b91bf00000,0x000000b91c000000)]
  0x0000023bbdff0880 JavaThread "Unconstrained build operations Thread 11" [_thread_blocked, id=6584, stack(0x000000b91c000000,0x000000b91c100000)]
  0x0000023bbdfef890 JavaThread "Unconstrained build operations Thread 12" [_thread_blocked, id=12800, stack(0x000000b91c100000,0x000000b91c200000)]
  0x0000023bbdff3850 JavaThread "Unconstrained build operations Thread 13" [_thread_blocked, id=19184, stack(0x000000b91c200000,0x000000b91c300000)]
  0x0000023bbdfefde0 JavaThread "Unconstrained build operations Thread 14" [_thread_blocked, id=24280, stack(0x000000b91c300000,0x000000b91c400000)]
  0x0000023bbdff0330 JavaThread "Unconstrained build operations Thread 15" [_thread_blocked, id=26244, stack(0x000000b91c400000,0x000000b91c500000)]
  0x0000023bbdff1dc0 JavaThread "Unconstrained build operations Thread 16" [_thread_blocked, id=18548, stack(0x000000b91c500000,0x000000b91c600000)]
  0x0000023bbdff1870 JavaThread "Unconstrained build operations Thread 17" [_thread_blocked, id=23388, stack(0x000000b91c600000,0x000000b91c700000)]
  0x0000023bbdff2310 JavaThread "Unconstrained build operations Thread 18" [_thread_blocked, id=14960, stack(0x000000b91c700000,0x000000b91c800000)]
  0x0000023bbdfece10 JavaThread "Unconstrained build operations Thread 19" [_thread_blocked, id=14120, stack(0x000000b91c800000,0x000000b91c900000)]
  0x0000023bbdfed360 JavaThread "Unconstrained build operations Thread 20" [_thread_blocked, id=19696, stack(0x000000b91c900000,0x000000b91ca00000)]
  0x0000023bbdfed8b0 JavaThread "Unconstrained build operations Thread 21" [_thread_blocked, id=22992, stack(0x000000b91ca00000,0x000000b91cb00000)]
  0x0000023bc0907970 JavaThread "Unconstrained build operations Thread 22" [_thread_blocked, id=19708, stack(0x000000b91cb00000,0x000000b91cc00000)]
  0x0000023bc0907ec0 JavaThread "Unconstrained build operations Thread 23" [_thread_blocked, id=23988, stack(0x000000b91cc00000,0x000000b91cd00000)]
  0x0000023bc0906430 JavaThread "Unconstrained build operations Thread 24" [_thread_blocked, id=15768, stack(0x000000b91cd00000,0x000000b91ce00000)]
  0x0000023bc09039b0 JavaThread "Unconstrained build operations Thread 25" [_thread_blocked, id=6168, stack(0x000000b91ce00000,0x000000b91cf00000)]
  0x0000023bc0903460 JavaThread "Unconstrained build operations Thread 26" [_thread_blocked, id=8980, stack(0x000000b91cf00000,0x000000b91d000000)]
  0x0000023bc0906980 JavaThread "Memory manager" [_thread_blocked, id=15820, stack(0x000000b91d000000,0x000000b91d100000)]
  0x0000023bc0906ed0 JavaThread "Cache worker for Build Output Cleanup Cache (C:\Users\tranv\OneDrive\Desktop\thuctaptn\duan_app\android\.gradle\buildOutputCleanup)" [_thread_blocked, id=8432, stack(0x000000b919200000,0x000000b919300000)]
  0x0000023bc0903f00 JavaThread "included builds" [_thread_blocked, id=2852, stack(0x000000b91d100000,0x000000b91d200000)]
  0x0000023bc09049a0 JavaThread "Execution worker" [_thread_blocked, id=2584, stack(0x000000b91d200000,0x000000b91d300000)]
  0x0000023bc0904ef0 JavaThread "Execution worker Thread 2" [_thread_blocked, id=12732, stack(0x000000b91d300000,0x000000b91d400000)]
  0x0000023bc0907420 JavaThread "Execution worker Thread 3" [_thread_blocked, id=23972, stack(0x000000b91d400000,0x000000b91d500000)]
  0x0000023bc0900f30 JavaThread "Execution worker Thread 4" [_thread_blocked, id=24376, stack(0x000000b91d500000,0x000000b91d600000)]
  0x0000023bc0905ee0 JavaThread "Execution worker Thread 5" [_thread_blocked, id=23036, stack(0x000000b91d600000,0x000000b91d700000)]
  0x0000023bc0905440 JavaThread "Execution worker Thread 6" [_thread_blocked, id=21960, stack(0x000000b91d700000,0x000000b91d800000)]
  0x0000023bc0905990 JavaThread "Execution worker Thread 7" [_thread_blocked, id=21376, stack(0x000000b91d800000,0x000000b91d900000)]
  0x0000023bc0901f20 JavaThread "Cache worker for execution history cache (C:\Users\tranv\OneDrive\Desktop\thuctaptn\duan_app\node_modules\@react-native\gradle-plugin\.gradle\8.0.1\executionHistory)" [_thread_blocked, id=9604, stack(0x000000b91d900000,0x000000b91da00000)]
  0x0000023bc0902470 JavaThread "Unconstrained build operations Thread 27" [_thread_blocked, id=26160, stack(0x000000b91da00000,0x000000b91db00000)]
  0x0000023bc09019d0 JavaThread "Unconstrained build operations Thread 28" [_thread_blocked, id=18172, stack(0x000000b91db00000,0x000000b91dc00000)]
  0x0000023bc09009e0 JavaThread "Unconstrained build operations Thread 29" [_thread_blocked, id=19400, stack(0x000000b91dc00000,0x000000b91dd00000)]
  0x0000023bc0901480 JavaThread "Unconstrained build operations Thread 30" [_thread_blocked, id=16804, stack(0x000000b91dd00000,0x000000b91de00000)]
  0x0000023bbfad6560 JavaThread "Unconstrained build operations Thread 31" [_thread_blocked, id=23772, stack(0x000000b91de00000,0x000000b91df00000)]
  0x0000023bbe6fd5c0 JavaThread "Unconstrained build operations Thread 32" [_thread_blocked, id=13040, stack(0x000000b91df00000,0x000000b91e000000)]
  0x0000023bbe6fab40 JavaThread "Unconstrained build operations Thread 33" [_thread_blocked, id=27700, stack(0x000000b91e000000,0x000000b91e100000)]
  0x0000023bbe6fbb30 JavaThread "Unconstrained build operations Thread 34" [_thread_blocked, id=10788, stack(0x000000b91e100000,0x000000b91e200000)]
  0x0000023bbe6fc080 JavaThread "Unconstrained build operations Thread 35" [_thread_blocked, id=18840, stack(0x000000b91e200000,0x000000b91e300000)]
  0x0000023bbe6fcb20 JavaThread "Unconstrained build operations Thread 36" [_thread_blocked, id=9484, stack(0x000000b91e300000,0x000000b91e400000)]
  0x0000023bbe701ad0 JavaThread "Unconstrained build operations Thread 37" [_thread_blocked, id=14008, stack(0x000000b91e400000,0x000000b91e500000)]
  0x0000023bbe6ff5a0 JavaThread "Unconstrained build operations Thread 38" [_thread_blocked, id=15716, stack(0x000000b91e500000,0x000000b91e600000)]
  0x0000023bbe6ffaf0 JavaThread "Unconstrained build operations Thread 39" [_thread_blocked, id=7636, stack(0x000000b91e600000,0x000000b91e700000)]
  0x0000023bbe6fb5e0 JavaThread "Unconstrained build operations Thread 40" [_thread_blocked, id=20436, stack(0x000000b91e700000,0x000000b91e800000)]
  0x0000023bbe6fb090 JavaThread "Unconstrained build operations Thread 41" [_thread_blocked, id=27372, stack(0x000000b91e800000,0x000000b91e900000)]
  0x0000023bbe6fc5d0 JavaThread "Unconstrained build operations Thread 42" [_thread_blocked, id=13468, stack(0x000000b91e900000,0x000000b91ea00000)]
  0x0000023bbe6fd070 JavaThread "Unconstrained build operations Thread 43" [_thread_blocked, id=11280, stack(0x000000b91ea00000,0x000000b91eb00000)]
  0x0000023bbe6fdb10 JavaThread "Unconstrained build operations Thread 44" [_thread_blocked, id=20316, stack(0x000000b91eb00000,0x000000b91ec00000)]
  0x0000023bbe700590 JavaThread "Unconstrained build operations Thread 45" [_thread_blocked, id=25780, stack(0x000000b91ec00000,0x000000b91ed00000)]
  0x0000023bbe6fa5f0 JavaThread "Unconstrained build operations Thread 46" [_thread_blocked, id=12124, stack(0x000000b91ed00000,0x000000b91ee00000)]
  0x0000023bbe6fe060 JavaThread "Unconstrained build operations Thread 47" [_thread_blocked, id=16236, stack(0x000000b91ee00000,0x000000b91ef00000)]
  0x0000023bbe6feb00 JavaThread "Unconstrained build operations Thread 48" [_thread_blocked, id=26012, stack(0x000000b91ef00000,0x000000b91f000000)]
  0x0000023bbe6fa0a0 JavaThread "Unconstrained build operations Thread 49" [_thread_blocked, id=15752, stack(0x000000b91f000000,0x000000b91f100000)]
  0x0000023bbe6fe5b0 JavaThread "Unconstrained build operations Thread 50" [_thread_blocked, id=18176, stack(0x000000b91f100000,0x000000b91f200000)]
  0x0000023bbe6ff050 JavaThread "Unconstrained build operations Thread 51" [_thread_blocked, id=26276, stack(0x000000b91f200000,0x000000b91f300000)]
  0x0000023bbe700ae0 JavaThread "Unconstrained build operations Thread 52" [_thread_blocked, id=19408, stack(0x000000b91f300000,0x000000b91f400000)]
  0x0000023bbe701030 JavaThread "Unconstrained build operations Thread 53" [_thread_blocked, id=23396, stack(0x000000b91f400000,0x000000b91f500000)]
  0x0000023bbe701580 JavaThread "Unconstrained build operations Thread 54" [_thread_blocked, id=19524, stack(0x000000b91f500000,0x000000b91f600000)]
  0x0000023bbf433990 JavaThread "Unconstrained build operations Thread 55" [_thread_blocked, id=7372, stack(0x000000b91f600000,0x000000b91f700000)]
  0x0000023bbf434ed0 JavaThread "Unconstrained build operations Thread 56" [_thread_blocked, id=27776, stack(0x000000b91f700000,0x000000b91f800000)]
  0x0000023bbf42ff20 JavaThread "Unconstrained build operations Thread 57" [_thread_blocked, id=18576, stack(0x000000b91f800000,0x000000b91f900000)]
  0x0000023bbf431460 JavaThread "Unconstrained build operations Thread 58" [_thread_blocked, id=21124, stack(0x000000b91f900000,0x000000b91fa00000)]
  0x0000023bbf434430 JavaThread "Unconstrained build operations Thread 59" [_thread_blocked, id=22804, stack(0x000000b91fa00000,0x000000b91fb00000)]
  0x0000023bbf435420 JavaThread "Unconstrained build operations Thread 60" [_thread_blocked, id=8864, stack(0x000000b91fb00000,0x000000b91fc00000)]
  0x0000023bbf433ee0 JavaThread "Unconstrained build operations Thread 61" [_thread_blocked, id=12464, stack(0x000000b91fc00000,0x000000b91fd00000)]
  0x0000023bbf430f10 JavaThread "Unconstrained build operations Thread 62" [_thread_blocked, id=10916, stack(0x000000b91fd00000,0x000000b91fe00000)]
  0x0000023bbf4319b0 JavaThread "Unconstrained build operations Thread 63" [_thread_blocked, id=9020, stack(0x000000b91fe00000,0x000000b91ff00000)]
  0x0000023bbf435970 JavaThread "Unconstrained build operations Thread 64" [_thread_blocked, id=27240, stack(0x000000b91ff00000,0x000000b920000000)]
  0x0000023bbf432ef0 JavaThread "Unconstrained build operations Thread 65" [_thread_blocked, id=13848, stack(0x000000b920000000,0x000000b920100000)]
  0x0000023bbf433440 JavaThread "Unconstrained build operations Thread 66" [_thread_blocked, id=7760, stack(0x000000b920100000,0x000000b920200000)]
  0x0000023bbf434980 JavaThread "Unconstrained build operations Thread 67" [_thread_blocked, id=672, stack(0x000000b920200000,0x000000b920300000)]
  0x0000023bbf435ec0 JavaThread "Unconstrained build operations Thread 68" [_thread_blocked, id=22736, stack(0x000000b920300000,0x000000b920400000)]
  0x0000023bbf431f00 JavaThread "Unconstrained build operations Thread 69" [_thread_blocked, id=8560, stack(0x000000b920400000,0x000000b920500000)]
  0x0000023bbf436410 JavaThread "Unconstrained build operations Thread 70" [_thread_blocked, id=28548, stack(0x000000b920500000,0x000000b920600000)]
  0x0000023bbf436960 JavaThread "Unconstrained build operations Thread 71" [_thread_blocked, id=7296, stack(0x000000b920600000,0x000000b920700000)]
  0x0000023bbf432450 JavaThread "Unconstrained build operations Thread 72" [_thread_blocked, id=16644, stack(0x000000b920700000,0x000000b920800000)]
  0x0000023bbf436eb0 JavaThread "Unconstrained build operations Thread 73" [_thread_blocked, id=25296, stack(0x000000b920800000,0x000000b920900000)]
  0x0000023bbf430470 JavaThread "Unconstrained build operations Thread 74" [_thread_blocked, id=25548, stack(0x000000b920900000,0x000000b920a00000)]
  0x0000023bbf4309c0 JavaThread "Unconstrained build operations Thread 75" [_thread_blocked, id=23900, stack(0x000000b920a00000,0x000000b920b00000)]
  0x0000023bbf437400 JavaThread "Unconstrained build operations Thread 76" [_thread_blocked, id=296, stack(0x000000b920b00000,0x000000b920c00000)]
  0x0000023bbf4329a0 JavaThread "Unconstrained build operations Thread 77" [_thread_blocked, id=9336, stack(0x000000b920c00000,0x000000b920d00000)]
  0x0000023bbf437950 JavaThread "Unconstrained build operations Thread 78" [_thread_blocked, id=17268, stack(0x000000b920d00000,0x000000b920e00000)]
  0x0000023bc064c5c0 JavaThread "Unconstrained build operations Thread 79" [_thread_blocked, id=12328, stack(0x000000b920e00000,0x000000b920f00000)]
  0x0000023bc064bb20 JavaThread "Unconstrained build operations Thread 80" [_thread_blocked, id=17236, stack(0x000000b920f00000,0x000000b921000000)]

Other Threads:
  0x0000023bb7e618f0 VMThread "VM Thread" [stack: 0x000000b918000000,0x000000b918100000] [id=28456]
  0x0000023bbc132be0 WatcherThread "VM Periodic Task Thread" [stack: 0x000000b918c00000,0x000000b918d00000] [id=11664]
  0x0000023b995fd520 WorkerThread "GC Thread#0" [stack: 0x000000b917b00000,0x000000b917c00000] [id=9356]
  0x0000023bbc92a1e0 WorkerThread "GC Thread#1" [stack: 0x000000b918d00000,0x000000b918e00000] [id=17728]
  0x0000023bbcac63b0 WorkerThread "GC Thread#2" [stack: 0x000000b918e00000,0x000000b918f00000] [id=10392]
  0x0000023bbca13dd0 WorkerThread "GC Thread#3" [stack: 0x000000b918f00000,0x000000b919000000] [id=18488]
  0x0000023bbca3db90 WorkerThread "GC Thread#4" [stack: 0x000000b919000000,0x000000b919100000] [id=14936]
  0x0000023bbe82f490 WorkerThread "GC Thread#5" [stack: 0x000000b919f00000,0x000000b91a000000] [id=25284]
  0x0000023bbe82f1c0 WorkerThread "GC Thread#6" [stack: 0x000000b91a000000,0x000000b91a100000] [id=27100]
  0x0000023bbe82ffd0 WorkerThread "GC Thread#7" [stack: 0x000000b91a100000,0x000000b91a200000] [id=1948]
  0x0000023b9960e480 ConcurrentGCThread "G1 Main Marker" [stack: 0x000000b917c00000,0x000000b917d00000] [id=7988]
  0x0000023b9960eeb0 WorkerThread "G1 Conc#0" [stack: 0x000000b917d00000,0x000000b917e00000] [id=14804]
  0x0000023bbe82f760 WorkerThread "G1 Conc#1" [stack: 0x000000b91a400000,0x000000b91a500000] [id=27508]
  0x0000023bb7d1bc30 ConcurrentGCThread "G1 Refine#0" [stack: 0x000000b917e00000,0x000000b917f00000] [id=7432]
  0x0000023bb7d1d620 ConcurrentGCThread "G1 Service" [stack: 0x000000b917f00000,0x000000b918000000] [id=7600]

Threads with active compile tasks:
C2 CompilerThread0    27393 11341       4       java.beans.MethodRef::set (58 bytes)
C1 CompilerThread0    27393 11718       2       net.rubygrapefruit.platform.internal.DefaultWindowsFiles::stat (70 bytes)

VM state: not at safepoint (normal execution)

VM Mutex/Monitor currently owned by a thread: None

Heap address: 0x0000000080000000, size: 2048 MB, Compressed Oops mode: 32-bit

CDS archive(s) mapped at: [0x0000000800000000-0x0000000800c40000-0x0000000800c40000), size 12845056, SharedBaseAddress: 0x0000000800000000, ArchiveRelocationMode: 0.
Compressed class space mapped at: 0x0000000801000000-0x000000081ac00000, reserved size: 432013312
Narrow klass base: 0x0000000800000000, Narrow klass shift: 0, Narrow klass range: 0x100000000

GC Precious Log:
 CardTable entry size: 512
 Card Set container configuration: InlinePtr #cards 5 size 8 Array Of Cards #cards 12 size 40 Howl #buckets 4 coarsen threshold 1843 Howl Bitmap #cards 512 size 80 coarsen threshold 460 Card regions per heap region 1 cards per card region 2048
 CPUs: 8 total, 8 available
 Memory: 8014M
 Large Page Support: Disabled
 NUMA Support: Disabled
 Compressed Oops: Enabled (32-bit)
 Heap Region Size: 1M
 Heap Min Capacity: 8M
 Heap Initial Capacity: 126M
 Heap Max Capacity: 2G
 Pre-touch: Disabled
 Parallel Workers: 8
 Concurrent Workers: 2
 Concurrent Refinement Workers: 8
 Periodic GC: Disabled

Heap:
 garbage-first heap   total 193536K, used 121971K [0x0000000080000000, 0x0000000100000000)
  region size 1024K, 8 young (8192K), 1 survivors (1024K)
 Metaspace       used 90530K, committed 92736K, reserved 552960K
  class space    used 12324K, committed 13440K, reserved 421888K

Heap Regions: E=young(eden), S=young(survivor), O=old, HS=humongous(starts), HC=humongous(continues), CS=collection set, F=free, OA=open archive, CA=closed archive, TAMS=top-at-mark-start (previous, next)
|   0|0x0000000080000000, 0x0000000080100000, 0x0000000080100000|100%|HS|  |TAMS 0x0000000080100000, 0x0000000080000000| Complete 
|   1|0x0000000080100000, 0x0000000080200000, 0x0000000080200000|100%|HC|  |TAMS 0x0000000080200000, 0x0000000080100000| Complete 
|   2|0x0000000080200000, 0x0000000080300000, 0x0000000080300000|100%|HC|  |TAMS 0x0000000080300000, 0x0000000080200000| Complete 
|   3|0x0000000080300000, 0x0000000080400000, 0x0000000080400000|100%|HC|  |TAMS 0x0000000080400000, 0x0000000080300000| Complete 
|   4|0x0000000080400000, 0x0000000080500000, 0x0000000080500000|100%| O|  |TAMS 0x0000000080500000, 0x0000000080400000| Untracked 
|   5|0x0000000080500000, 0x0000000080600000, 0x0000000080600000|100%| O|  |TAMS 0x0000000080600000, 0x0000000080500000| Untracked 
|   6|0x0000000080600000, 0x0000000080700000, 0x0000000080700000|100%| O|  |TAMS 0x0000000080700000, 0x0000000080600000| Untracked 
|   7|0x0000000080700000, 0x0000000080800000, 0x0000000080800000|100%| O|  |TAMS 0x0000000080800000, 0x0000000080700000| Untracked 
|   8|0x0000000080800000, 0x0000000080900000, 0x0000000080900000|100%| O|  |TAMS 0x0000000080900000, 0x0000000080800000| Untracked 
|   9|0x0000000080900000, 0x0000000080a00000, 0x0000000080a00000|100%| O|  |TAMS 0x0000000080a00000, 0x0000000080900000| Untracked 
|  10|0x0000000080a00000, 0x0000000080b00000, 0x0000000080b00000|100%| O|  |TAMS 0x0000000080b00000, 0x0000000080a00000| Untracked 
|  11|0x0000000080b00000, 0x0000000080c00000, 0x0000000080c00000|100%| O|  |TAMS 0x0000000080c00000, 0x0000000080b00000| Untracked 
|  12|0x0000000080c00000, 0x0000000080d00000, 0x0000000080d00000|100%| O|  |TAMS 0x0000000080d00000, 0x0000000080c00000| Untracked 
|  13|0x0000000080d00000, 0x0000000080e00000, 0x0000000080e00000|100%| O|  |TAMS 0x0000000080e00000, 0x0000000080d00000| Untracked 
|  14|0x0000000080e00000, 0x0000000080f00000, 0x0000000080f00000|100%| O|  |TAMS 0x0000000080f00000, 0x0000000080e00000| Untracked 
|  15|0x0000000080f00000, 0x0000000081000000, 0x0000000081000000|100%| O|  |TAMS 0x0000000081000000, 0x0000000080f00000| Untracked 
|  16|0x0000000081000000, 0x0000000081100000, 0x0000000081100000|100%| O|  |TAMS 0x0000000081100000, 0x0000000081000000| Untracked 
|  17|0x0000000081100000, 0x0000000081200000, 0x0000000081200000|100%| O|  |TAMS 0x0000000081200000, 0x0000000081100000| Untracked 
|  18|0x0000000081200000, 0x0000000081300000, 0x0000000081300000|100%| O|  |TAMS 0x0000000081300000, 0x0000000081200000| Untracked 
|  19|0x0000000081300000, 0x0000000081400000, 0x0000000081400000|100%| O|  |TAMS 0x0000000081400000, 0x0000000081300000| Untracked 
|  20|0x0000000081400000, 0x0000000081500000, 0x0000000081500000|100%| O|  |TAMS 0x0000000081500000, 0x0000000081400000| Untracked 
|  21|0x0000000081500000, 0x0000000081600000, 0x0000000081600000|100%| O|  |TAMS 0x0000000081600000, 0x0000000081500000| Untracked 
|  22|0x0000000081600000, 0x0000000081700000, 0x0000000081700000|100%| O|  |TAMS 0x0000000081700000, 0x0000000081600000| Untracked 
|  23|0x0000000081700000, 0x0000000081800000, 0x0000000081800000|100%| O|  |TAMS 0x0000000081800000, 0x0000000081700000| Untracked 
|  24|0x0000000081800000, 0x0000000081900000, 0x0000000081900000|100%| O|  |TAMS 0x0000000081900000, 0x0000000081800000| Untracked 
|  25|0x0000000081900000, 0x0000000081a00000, 0x0000000081a00000|100%|HS|  |TAMS 0x0000000081a00000, 0x0000000081900000| Complete 
|  26|0x0000000081a00000, 0x0000000081b00000, 0x0000000081b00000|100%| O|  |TAMS 0x0000000081b00000, 0x0000000081a00000| Untracked 
|  27|0x0000000081b00000, 0x0000000081c00000, 0x0000000081c00000|100%| O|  |TAMS 0x0000000081c00000, 0x0000000081b00000| Untracked 
|  28|0x0000000081c00000, 0x0000000081d00000, 0x0000000081d00000|100%| O|  |TAMS 0x0000000081d00000, 0x0000000081c00000| Untracked 
|  29|0x0000000081d00000, 0x0000000081e00000, 0x0000000081e00000|100%| O|  |TAMS 0x0000000081e00000, 0x0000000081d00000| Untracked 
|  30|0x0000000081e00000, 0x0000000081f00000, 0x0000000081f00000|100%| O|  |TAMS 0x0000000081f00000, 0x0000000081e00000| Untracked 
|  31|0x0000000081f00000, 0x0000000082000000, 0x0000000082000000|100%| O|  |TAMS 0x0000000082000000, 0x0000000081f00000| Untracked 
|  32|0x0000000082000000, 0x0000000082100000, 0x0000000082100000|100%| O|  |TAMS 0x0000000082100000, 0x0000000082000000| Untracked 
|  33|0x0000000082100000, 0x0000000082200000, 0x0000000082200000|100%| O|  |TAMS 0x0000000082200000, 0x0000000082100000| Untracked 
|  34|0x0000000082200000, 0x0000000082300000, 0x0000000082300000|100%|HS|  |TAMS 0x0000000082300000, 0x0000000082200000| Complete 
|  35|0x0000000082300000, 0x0000000082400000, 0x0000000082400000|100%|HC|  |TAMS 0x0000000082400000, 0x0000000082300000| Complete 
|  36|0x0000000082400000, 0x0000000082500000, 0x0000000082500000|100%| O|  |TAMS 0x0000000082500000, 0x0000000082400000| Untracked 
|  37|0x0000000082500000, 0x0000000082600000, 0x0000000082600000|100%|HS|  |TAMS 0x0000000082600000, 0x0000000082500000| Complete 
|  38|0x0000000082600000, 0x0000000082700000, 0x0000000082700000|100%|HC|  |TAMS 0x0000000082700000, 0x0000000082600000| Complete 
|  39|0x0000000082700000, 0x0000000082800000, 0x0000000082800000|100%|HC|  |TAMS 0x0000000082800000, 0x0000000082700000| Complete 
|  40|0x0000000082800000, 0x0000000082900000, 0x0000000082900000|100%|HC|  |TAMS 0x0000000082900000, 0x0000000082800000| Complete 
|  41|0x0000000082900000, 0x0000000082a00000, 0x0000000082a00000|100%| O|  |TAMS 0x0000000082a00000, 0x0000000082900000| Untracked 
|  42|0x0000000082a00000, 0x0000000082b00000, 0x0000000082b00000|100%| O|  |TAMS 0x0000000082b00000, 0x0000000082a00000| Untracked 
|  43|0x0000000082b00000, 0x0000000082c00000, 0x0000000082c00000|100%| O|  |TAMS 0x0000000082c00000, 0x0000000082b00000| Untracked 
|  44|0x0000000082c00000, 0x0000000082d00000, 0x0000000082d00000|100%| O|  |TAMS 0x0000000082d00000, 0x0000000082c00000| Untracked 
|  45|0x0000000082d00000, 0x0000000082e00000, 0x0000000082e00000|100%| O|  |TAMS 0x0000000082e00000, 0x0000000082d00000| Untracked 
|  46|0x0000000082e00000, 0x0000000082f00000, 0x0000000082f00000|100%| O|  |TAMS 0x0000000082f00000, 0x0000000082e00000| Untracked 
|  47|0x0000000082f00000, 0x0000000083000000, 0x0000000083000000|100%| O|  |TAMS 0x0000000083000000, 0x0000000082f00000| Untracked 
|  48|0x0000000083000000, 0x0000000083100000, 0x0000000083100000|100%| O|  |TAMS 0x0000000083100000, 0x0000000083000000| Untracked 
|  49|0x0000000083100000, 0x0000000083200000, 0x0000000083200000|100%| O|  |TAMS 0x0000000083200000, 0x0000000083100000| Untracked 
|  50|0x0000000083200000, 0x0000000083300000, 0x0000000083300000|100%| O|  |TAMS 0x0000000083300000, 0x0000000083200000| Untracked 
|  51|0x0000000083300000, 0x0000000083400000, 0x0000000083400000|100%| O|  |TAMS 0x0000000083400000, 0x0000000083300000| Untracked 
|  52|0x0000000083400000, 0x0000000083500000, 0x0000000083500000|100%| O|  |TAMS 0x0000000083500000, 0x0000000083400000| Untracked 
|  53|0x0000000083500000, 0x0000000083600000, 0x0000000083600000|100%|HS|  |TAMS 0x0000000083600000, 0x0000000083500000| Complete 
|  54|0x0000000083600000, 0x0000000083700000, 0x0000000083700000|100%| O|  |TAMS 0x0000000083700000, 0x0000000083600000| Untracked 
|  55|0x0000000083700000, 0x0000000083800000, 0x0000000083800000|100%| O|  |TAMS 0x0000000083800000, 0x0000000083700000| Untracked 
|  56|0x0000000083800000, 0x0000000083900000, 0x0000000083900000|100%| O|  |TAMS 0x0000000083900000, 0x0000000083800000| Untracked 
|  57|0x0000000083900000, 0x0000000083a00000, 0x0000000083a00000|100%| O|  |TAMS 0x0000000083a00000, 0x0000000083900000| Untracked 
|  58|0x0000000083a00000, 0x0000000083b00000, 0x0000000083b00000|100%| O|  |TAMS 0x0000000083b00000, 0x0000000083a00000| Untracked 
|  59|0x0000000083b00000, 0x0000000083c00000, 0x0000000083c00000|100%| O|  |TAMS 0x0000000083c00000, 0x0000000083b00000| Untracked 
|  60|0x0000000083c00000, 0x0000000083d00000, 0x0000000083d00000|100%| O|  |TAMS 0x0000000083d00000, 0x0000000083c00000| Untracked 
|  61|0x0000000083d00000, 0x0000000083e00000, 0x0000000083e00000|100%| O|  |TAMS 0x0000000083e00000, 0x0000000083d00000| Untracked 
|  62|0x0000000083e00000, 0x0000000083f00000, 0x0000000083f00000|100%| O|  |TAMS 0x0000000083f00000, 0x0000000083e00000| Untracked 
|  63|0x0000000083f00000, 0x0000000084000000, 0x0000000084000000|100%| O|  |TAMS 0x0000000084000000, 0x0000000083f00000| Untracked 
|  64|0x0000000084000000, 0x0000000084100000, 0x0000000084100000|100%| O|  |TAMS 0x0000000084100000, 0x0000000084000000| Untracked 
|  65|0x0000000084100000, 0x0000000084200000, 0x0000000084200000|100%| O|  |TAMS 0x0000000084200000, 0x0000000084100000| Untracked 
|  66|0x0000000084200000, 0x0000000084300000, 0x0000000084300000|100%| O|  |TAMS 0x0000000084300000, 0x0000000084200000| Untracked 
|  67|0x0000000084300000, 0x0000000084400000, 0x0000000084400000|100%| O|  |TAMS 0x0000000084400000, 0x0000000084300000| Untracked 
|  68|0x0000000084400000, 0x0000000084500000, 0x0000000084500000|100%| O|  |TAMS 0x0000000084500000, 0x0000000084400000| Untracked 
|  69|0x0000000084500000, 0x0000000084600000, 0x0000000084600000|100%| O|  |TAMS 0x0000000084600000, 0x0000000084500000| Untracked 
|  70|0x0000000084600000, 0x0000000084700000, 0x0000000084700000|100%| O|  |TAMS 0x0000000084700000, 0x0000000084600000| Untracked 
|  71|0x0000000084700000, 0x0000000084800000, 0x0000000084800000|100%| O|  |TAMS 0x0000000084800000, 0x0000000084700000| Untracked 
|  72|0x0000000084800000, 0x0000000084900000, 0x0000000084900000|100%| O|  |TAMS 0x0000000084900000, 0x0000000084800000| Untracked 
|  73|0x0000000084900000, 0x0000000084a00000, 0x0000000084a00000|100%| O|  |TAMS 0x0000000084a00000, 0x0000000084900000| Untracked 
|  74|0x0000000084a00000, 0x0000000084b00000, 0x0000000084b00000|100%| O|  |TAMS 0x0000000084b00000, 0x0000000084a00000| Untracked 
|  75|0x0000000084b00000, 0x0000000084c00000, 0x0000000084c00000|100%| O|  |TAMS 0x0000000084c00000, 0x0000000084b00000| Untracked 
|  76|0x0000000084c00000, 0x0000000084d00000, 0x0000000084d00000|100%| O|  |TAMS 0x0000000084d00000, 0x0000000084c00000| Untracked 
|  77|0x0000000084d00000, 0x0000000084e00000, 0x0000000084e00000|100%| O|  |TAMS 0x0000000084e00000, 0x0000000084d00000| Untracked 
|  78|0x0000000084e00000, 0x0000000084f00000, 0x0000000084f00000|100%| O|  |TAMS 0x0000000084f00000, 0x0000000084e00000| Untracked 
|  79|0x0000000084f00000, 0x0000000085000000, 0x0000000085000000|100%| O|  |TAMS 0x0000000085000000, 0x0000000084f00000| Untracked 
|  80|0x0000000085000000, 0x0000000085100000, 0x0000000085100000|100%|HS|  |TAMS 0x0000000085100000, 0x0000000085000000| Complete 
|  81|0x0000000085100000, 0x0000000085200000, 0x0000000085200000|100%|HC|  |TAMS 0x0000000085200000, 0x0000000085100000| Complete 
|  82|0x0000000085200000, 0x0000000085300000, 0x0000000085300000|100%|HS|  |TAMS 0x0000000085300000, 0x0000000085200000| Complete 
|  83|0x0000000085300000, 0x0000000085400000, 0x0000000085400000|100%|HC|  |TAMS 0x0000000085400000, 0x0000000085300000| Complete 
|  84|0x0000000085400000, 0x0000000085500000, 0x0000000085500000|100%|HC|  |TAMS 0x0000000085500000, 0x0000000085400000| Complete 
|  85|0x0000000085500000, 0x0000000085600000, 0x0000000085600000|100%|HC|  |TAMS 0x0000000085600000, 0x0000000085500000| Complete 
|  86|0x0000000085600000, 0x0000000085700000, 0x0000000085700000|100%| O|  |TAMS 0x0000000085700000, 0x0000000085600000| Untracked 
|  87|0x0000000085700000, 0x0000000085700000, 0x0000000085800000|  0%| F|  |TAMS 0x0000000085700000, 0x0000000085700000| Untracked 
|  88|0x0000000085800000, 0x0000000085800000, 0x0000000085900000|  0%| F|  |TAMS 0x0000000085800000, 0x0000000085800000| Untracked 
|  89|0x0000000085900000, 0x0000000085a00000, 0x0000000085a00000|100%|HS|  |TAMS 0x0000000085a00000, 0x0000000085900000| Complete 
|  90|0x0000000085a00000, 0x0000000085b00000, 0x0000000085b00000|100%|HS|  |TAMS 0x0000000085b00000, 0x0000000085a00000| Complete 
|  91|0x0000000085b00000, 0x0000000085c00000, 0x0000000085c00000|100%|HS|  |TAMS 0x0000000085c00000, 0x0000000085b00000| Complete 
|  92|0x0000000085c00000, 0x0000000085d00000, 0x0000000085d00000|100%| O|  |TAMS 0x0000000085c00000, 0x0000000085c00000| Untracked 
|  93|0x0000000085d00000, 0x0000000085e00000, 0x0000000085e00000|100%| O|  |TAMS 0x0000000085d00000, 0x0000000085d00000| Untracked 
|  94|0x0000000085e00000, 0x0000000085f00000, 0x0000000085f00000|100%| O|  |TAMS 0x0000000085e00000, 0x0000000085e00000| Untracked 
|  95|0x0000000085f00000, 0x0000000086000000, 0x0000000086000000|100%| O|  |TAMS 0x0000000085f00000, 0x0000000085f00000| Untracked 
|  96|0x0000000086000000, 0x0000000086100000, 0x0000000086100000|100%| O|  |TAMS 0x0000000086000000, 0x0000000086000000| Untracked 
|  97|0x0000000086100000, 0x0000000086200000, 0x0000000086200000|100%| O|  |TAMS 0x0000000086100000, 0x0000000086100000| Untracked 
|  98|0x0000000086200000, 0x0000000086300000, 0x0000000086300000|100%| O|  |TAMS 0x0000000086200000, 0x0000000086200000| Untracked 
|  99|0x0000000086300000, 0x0000000086400000, 0x0000000086400000|100%|HS|  |TAMS 0x0000000086300000, 0x0000000086300000| Complete 
| 100|0x0000000086400000, 0x0000000086500000, 0x0000000086500000|100%|HC|  |TAMS 0x0000000086400000, 0x0000000086400000| Complete 
| 101|0x0000000086500000, 0x0000000086600000, 0x0000000086600000|100%|HC|  |TAMS 0x0000000086500000, 0x0000000086500000| Complete 
| 102|0x0000000086600000, 0x0000000086700000, 0x0000000086700000|100%| O|  |TAMS 0x0000000086600000, 0x0000000086600000| Untracked 
| 103|0x0000000086700000, 0x0000000086800000, 0x0000000086800000|100%|HS|  |TAMS 0x0000000086700000, 0x0000000086700000| Complete 
| 104|0x0000000086800000, 0x0000000086900000, 0x0000000086900000|100%|HC|  |TAMS 0x0000000086800000, 0x0000000086800000| Complete 
| 105|0x0000000086900000, 0x0000000086a00000, 0x0000000086a00000|100%| O|  |TAMS 0x0000000086900000, 0x0000000086900000| Untracked 
| 106|0x0000000086a00000, 0x0000000086b00000, 0x0000000086b00000|100%| O|  |TAMS 0x0000000086a00000, 0x0000000086a00000| Untracked 
| 107|0x0000000086b00000, 0x0000000086c00000, 0x0000000086c00000|100%| O|  |TAMS 0x0000000086b00000, 0x0000000086b00000| Untracked 
| 108|0x0000000086c00000, 0x0000000086d00000, 0x0000000086d00000|100%| O|  |TAMS 0x0000000086c00000, 0x0000000086c00000| Untracked 
| 109|0x0000000086d00000, 0x0000000086e00000, 0x0000000086e00000|100%| O|  |TAMS 0x0000000086d00000, 0x0000000086d00000| Untracked 
| 110|0x0000000086e00000, 0x0000000086f00000, 0x0000000086f00000|100%| O|  |TAMS 0x0000000086e00000, 0x0000000086e00000| Untracked 
| 111|0x0000000086f00000, 0x0000000087000000, 0x0000000087000000|100%| O|  |TAMS 0x0000000086f00000, 0x0000000086f00000| Untracked 
| 112|0x0000000087000000, 0x0000000087100000, 0x0000000087100000|100%| O|  |TAMS 0x0000000087000000, 0x0000000087000000| Untracked 
| 113|0x0000000087100000, 0x0000000087200000, 0x0000000087200000|100%| O|  |TAMS 0x0000000087100000, 0x0000000087100000| Untracked 
| 114|0x0000000087200000, 0x0000000087300000, 0x0000000087300000|100%| O|  |TAMS 0x0000000087200000, 0x0000000087200000| Untracked 
| 115|0x0000000087300000, 0x0000000087361800, 0x0000000087400000| 38%| O|  |TAMS 0x0000000087300000, 0x0000000087300000| Untracked 
| 116|0x0000000087400000, 0x0000000087400000, 0x0000000087500000|  0%| F|  |TAMS 0x0000000087400000, 0x0000000087400000| Untracked 
| 117|0x0000000087500000, 0x0000000087500000, 0x0000000087600000|  0%| F|  |TAMS 0x0000000087500000, 0x0000000087500000| Untracked 
| 118|0x0000000087600000, 0x0000000087600000, 0x0000000087700000|  0%| F|  |TAMS 0x0000000087600000, 0x0000000087600000| Untracked 
| 119|0x0000000087700000, 0x0000000087700000, 0x0000000087800000|  0%| F|  |TAMS 0x0000000087700000, 0x0000000087700000| Untracked 
| 120|0x0000000087800000, 0x0000000087800000, 0x0000000087900000|  0%| F|  |TAMS 0x0000000087800000, 0x0000000087800000| Untracked 
| 121|0x0000000087900000, 0x0000000087900000, 0x0000000087a00000|  0%| F|  |TAMS 0x0000000087900000, 0x0000000087900000| Untracked 
| 122|0x0000000087a00000, 0x0000000087a00000, 0x0000000087b00000|  0%| F|  |TAMS 0x0000000087a00000, 0x0000000087a00000| Untracked 
| 123|0x0000000087b00000, 0x0000000087b00000, 0x0000000087c00000|  0%| F|  |TAMS 0x0000000087b00000, 0x0000000087b00000| Untracked 
| 124|0x0000000087c00000, 0x0000000087c00000, 0x0000000087d00000|  0%| F|  |TAMS 0x0000000087c00000, 0x0000000087c00000| Untracked 
| 125|0x0000000087d00000, 0x0000000087d00000, 0x0000000087e00000|  0%| F|  |TAMS 0x0000000087d00000, 0x0000000087d00000| Untracked 
| 126|0x0000000087e00000, 0x0000000087e00000, 0x0000000087f00000|  0%| F|  |TAMS 0x0000000087e00000, 0x0000000087e00000| Untracked 
| 127|0x0000000087f00000, 0x0000000087f00000, 0x0000000088000000|  0%| F|  |TAMS 0x0000000087f00000, 0x0000000087f00000| Untracked 
| 128|0x0000000088000000, 0x0000000088000000, 0x0000000088100000|  0%| F|  |TAMS 0x0000000088000000, 0x0000000088000000| Untracked 
| 129|0x0000000088100000, 0x0000000088100000, 0x0000000088200000|  0%| F|  |TAMS 0x0000000088100000, 0x0000000088100000| Untracked 
| 130|0x0000000088200000, 0x0000000088200000, 0x0000000088300000|  0%| F|  |TAMS 0x0000000088200000, 0x0000000088200000| Untracked 
| 131|0x0000000088300000, 0x0000000088300000, 0x0000000088400000|  0%| F|  |TAMS 0x0000000088300000, 0x0000000088300000| Untracked 
| 132|0x0000000088400000, 0x0000000088400000, 0x0000000088500000|  0%| F|  |TAMS 0x0000000088400000, 0x0000000088400000| Untracked 
| 133|0x0000000088500000, 0x0000000088500000, 0x0000000088600000|  0%| F|  |TAMS 0x0000000088500000, 0x0000000088500000| Untracked 
| 134|0x0000000088600000, 0x0000000088600000, 0x0000000088700000|  0%| F|  |TAMS 0x0000000088600000, 0x0000000088600000| Untracked 
| 135|0x0000000088700000, 0x0000000088700000, 0x0000000088800000|  0%| F|  |TAMS 0x0000000088700000, 0x0000000088700000| Untracked 
| 136|0x0000000088800000, 0x0000000088800000, 0x0000000088900000|  0%| F|  |TAMS 0x0000000088800000, 0x0000000088800000| Untracked 
| 137|0x0000000088900000, 0x0000000088900000, 0x0000000088a00000|  0%| F|  |TAMS 0x0000000088900000, 0x0000000088900000| Untracked 
| 138|0x0000000088a00000, 0x0000000088a00000, 0x0000000088b00000|  0%| F|  |TAMS 0x0000000088a00000, 0x0000000088a00000| Untracked 
| 139|0x0000000088b00000, 0x0000000088b00000, 0x0000000088c00000|  0%| F|  |TAMS 0x0000000088b00000, 0x0000000088b00000| Untracked 
| 140|0x0000000088c00000, 0x0000000088c00000, 0x0000000088d00000|  0%| F|  |TAMS 0x0000000088c00000, 0x0000000088c00000| Untracked 
| 141|0x0000000088d00000, 0x0000000088d00000, 0x0000000088e00000|  0%| F|  |TAMS 0x0000000088d00000, 0x0000000088d00000| Untracked 
| 142|0x0000000088e00000, 0x0000000088e00000, 0x0000000088f00000|  0%| F|  |TAMS 0x0000000088e00000, 0x0000000088e00000| Untracked 
| 143|0x0000000088f00000, 0x0000000088f00000, 0x0000000089000000|  0%| F|  |TAMS 0x0000000088f00000, 0x0000000088f00000| Untracked 
| 144|0x0000000089000000, 0x0000000089000000, 0x0000000089100000|  0%| F|  |TAMS 0x0000000089000000, 0x0000000089000000| Untracked 
| 145|0x0000000089100000, 0x0000000089100000, 0x0000000089200000|  0%| F|  |TAMS 0x0000000089100000, 0x0000000089100000| Untracked 
| 146|0x0000000089200000, 0x0000000089200000, 0x0000000089300000|  0%| F|  |TAMS 0x0000000089200000, 0x0000000089200000| Untracked 
| 147|0x0000000089300000, 0x0000000089300000, 0x0000000089400000|  0%| F|  |TAMS 0x0000000089300000, 0x0000000089300000| Untracked 
| 148|0x0000000089400000, 0x0000000089400000, 0x0000000089500000|  0%| F|  |TAMS 0x0000000089400000, 0x0000000089400000| Untracked 
| 149|0x0000000089500000, 0x0000000089500000, 0x0000000089600000|  0%| F|  |TAMS 0x0000000089500000, 0x0000000089500000| Untracked 
| 150|0x0000000089600000, 0x0000000089600000, 0x0000000089700000|  0%| F|  |TAMS 0x0000000089600000, 0x0000000089600000| Untracked 
| 151|0x0000000089700000, 0x0000000089700000, 0x0000000089800000|  0%| F|  |TAMS 0x0000000089700000, 0x0000000089700000| Untracked 
| 152|0x0000000089800000, 0x0000000089800000, 0x0000000089900000|  0%| F|  |TAMS 0x0000000089800000, 0x0000000089800000| Untracked 
| 153|0x0000000089900000, 0x0000000089900000, 0x0000000089a00000|  0%| F|  |TAMS 0x0000000089900000, 0x0000000089900000| Untracked 
| 154|0x0000000089a00000, 0x0000000089a00000, 0x0000000089b00000|  0%| F|  |TAMS 0x0000000089a00000, 0x0000000089a00000| Untracked 
| 155|0x0000000089b00000, 0x0000000089b00000, 0x0000000089c00000|  0%| F|  |TAMS 0x0000000089b00000, 0x0000000089b00000| Untracked 
| 156|0x0000000089c00000, 0x0000000089c00000, 0x0000000089d00000|  0%| F|  |TAMS 0x0000000089c00000, 0x0000000089c00000| Untracked 
| 157|0x0000000089d00000, 0x0000000089d00000, 0x0000000089e00000|  0%| F|  |TAMS 0x0000000089d00000, 0x0000000089d00000| Untracked 
| 158|0x0000000089e00000, 0x0000000089e00000, 0x0000000089f00000|  0%| F|  |TAMS 0x0000000089e00000, 0x0000000089e00000| Untracked 
| 159|0x0000000089f00000, 0x0000000089f00000, 0x000000008a000000|  0%| F|  |TAMS 0x0000000089f00000, 0x0000000089f00000| Untracked 
| 160|0x000000008a000000, 0x000000008a000000, 0x000000008a100000|  0%| F|  |TAMS 0x000000008a000000, 0x000000008a000000| Untracked 
| 161|0x000000008a100000, 0x000000008a100000, 0x000000008a200000|  0%| F|  |TAMS 0x000000008a100000, 0x000000008a100000| Untracked 
| 162|0x000000008a200000, 0x000000008a200000, 0x000000008a300000|  0%| F|  |TAMS 0x000000008a200000, 0x000000008a200000| Untracked 
| 163|0x000000008a300000, 0x000000008a300000, 0x000000008a400000|  0%| F|  |TAMS 0x000000008a300000, 0x000000008a300000| Untracked 
| 164|0x000000008a400000, 0x000000008a400000, 0x000000008a500000|  0%| F|  |TAMS 0x000000008a400000, 0x000000008a400000| Untracked 
| 165|0x000000008a500000, 0x000000008a500000, 0x000000008a600000|  0%| F|  |TAMS 0x000000008a500000, 0x000000008a500000| Untracked 
| 166|0x000000008a600000, 0x000000008a600000, 0x000000008a700000|  0%| F|  |TAMS 0x000000008a600000, 0x000000008a600000| Untracked 
| 167|0x000000008a700000, 0x000000008a700000, 0x000000008a800000|  0%| F|  |TAMS 0x000000008a700000, 0x000000008a700000| Untracked 
| 168|0x000000008a800000, 0x000000008a800000, 0x000000008a900000|  0%| F|  |TAMS 0x000000008a800000, 0x000000008a800000| Untracked 
| 169|0x000000008a900000, 0x000000008a900000, 0x000000008aa00000|  0%| F|  |TAMS 0x000000008a900000, 0x000000008a900000| Untracked 
| 170|0x000000008aa00000, 0x000000008aa00000, 0x000000008ab00000|  0%| F|  |TAMS 0x000000008aa00000, 0x000000008aa00000| Untracked 
| 171|0x000000008ab00000, 0x000000008ab00000, 0x000000008ac00000|  0%| F|  |TAMS 0x000000008ab00000, 0x000000008ab00000| Untracked 
| 172|0x000000008ac00000, 0x000000008ac00000, 0x000000008ad00000|  0%| F|  |TAMS 0x000000008ac00000, 0x000000008ac00000| Untracked 
| 173|0x000000008ad00000, 0x000000008ad00000, 0x000000008ae00000|  0%| F|  |TAMS 0x000000008ad00000, 0x000000008ad00000| Untracked 
| 174|0x000000008ae00000, 0x000000008ae00000, 0x000000008af00000|  0%| F|  |TAMS 0x000000008ae00000, 0x000000008ae00000| Untracked 
| 175|0x000000008af00000, 0x000000008af00000, 0x000000008b000000|  0%| F|  |TAMS 0x000000008af00000, 0x000000008af00000| Untracked 
| 176|0x000000008b000000, 0x000000008b000000, 0x000000008b100000|  0%| F|  |TAMS 0x000000008b000000, 0x000000008b000000| Untracked 
| 177|0x000000008b100000, 0x000000008b100000, 0x000000008b200000|  0%| F|  |TAMS 0x000000008b100000, 0x000000008b100000| Untracked 
| 178|0x000000008b200000, 0x000000008b200000, 0x000000008b300000|  0%| F|  |TAMS 0x000000008b200000, 0x000000008b200000| Untracked 
| 179|0x000000008b300000, 0x000000008b300000, 0x000000008b400000|  0%| F|  |TAMS 0x000000008b300000, 0x000000008b300000| Untracked 
| 180|0x000000008b400000, 0x000000008b464500, 0x000000008b500000| 39%| E|  |TAMS 0x000000008b400000, 0x000000008b400000| Complete 
| 181|0x000000008b500000, 0x000000008b600000, 0x000000008b600000|100%| E|CS|TAMS 0x000000008b500000, 0x000000008b500000| Complete 
| 182|0x000000008b600000, 0x000000008b700000, 0x000000008b700000|100%| E|CS|TAMS 0x000000008b600000, 0x000000008b600000| Complete 
| 183|0x000000008b700000, 0x000000008b7fffe0, 0x000000008b800000| 99%| E|  |TAMS 0x000000008b700000, 0x000000008b700000| Complete 
| 184|0x000000008b800000, 0x000000008b8bb4e0, 0x000000008b900000| 73%| S|CS|TAMS 0x000000008b800000, 0x000000008b800000| Complete 
| 185|0x000000008b900000, 0x000000008ba00000, 0x000000008ba00000|100%| E|CS|TAMS 0x000000008b900000, 0x000000008b900000| Complete 
| 186|0x000000008ba00000, 0x000000008bb00000, 0x000000008bb00000|100%| E|CS|TAMS 0x000000008ba00000, 0x000000008ba00000| Complete 
| 187|0x000000008bb00000, 0x000000008bc00000, 0x000000008bc00000|100%| E|CS|TAMS 0x000000008bb00000, 0x000000008bb00000| Complete 
| 188|0x000000008bc00000, 0x000000008bd00000, 0x000000008bd00000|100%| E|CS|TAMS 0x000000008bc00000, 0x000000008bc00000| Complete 

Card table byte_map: [0x0000023bb0c30000,0x0000023bb1030000] _byte_map_base: 0x0000023bb0830000

Marking Bits (Prev, Next): (CMBitMap*) 0x0000023b995fdb90, (CMBitMap*) 0x0000023b995fdb50
 Prev Bits: [0x0000023bb3430000, 0x0000023bb5430000)
 Next Bits: [0x0000023bb1430000, 0x0000023bb3430000)

Polling page: 0x0000023b97540000

Metaspace:

Usage:
  Non-class:     76.37 MB used.
      Class:     12.04 MB used.
       Both:     88.41 MB used.

Virtual space:
  Non-class space:      128.00 MB reserved,      77.44 MB ( 60%) committed,  2 nodes.
      Class space:      412.00 MB reserved,      13.12 MB (  3%) committed,  1 nodes.
             Both:      540.00 MB reserved,      90.56 MB ( 17%) committed. 

Chunk freelists:
   Non-Class:  1.84 MB
       Class:  2.70 MB
        Both:  4.54 MB

MaxMetaspaceSize: 512.00 MB
CompressedClassSpaceSize: 412.00 MB
Initial GC threshold: 21.00 MB
Current GC threshold: 147.12 MB
CDS: on
MetaspaceReclaimPolicy: balanced
 - commit_granule_bytes: 65536.
 - commit_granule_words: 8192.
 - virtual_space_node_default_size: 8388608.
 - enlarge_chunks_in_place: 1.
 - new_chunks_are_fully_committed: 0.
 - uncommit_free_chunks: 1.
 - use_allocation_guard: 0.


Internal statistics:

num_allocs_failed_limit: 6.
num_arena_births: 3872.
num_arena_deaths: 0.
num_vsnodes_births: 3.
num_vsnodes_deaths: 0.
num_space_committed: 1449.
num_space_uncommitted: 0.
num_chunks_returned_to_freelist: 6.
num_chunks_taken_from_freelist: 8092.
num_chunk_merges: 6.
num_chunk_splits: 5296.
num_chunks_enlarged: 3343.
num_inconsistent_stats: 0.

CodeHeap 'non-profiled nmethods': size=120000Kb used=4597Kb max_used=5034Kb free=115402Kb
 bounds [0x0000023ba8fc0000, 0x0000023ba94b0000, 0x0000023bb04f0000]
CodeHeap 'profiled nmethods': size=120000Kb used=18731Kb max_used=20277Kb free=101268Kb
 bounds [0x0000023ba14f0000, 0x0000023ba28c0000, 0x0000023ba8a20000]
CodeHeap 'non-nmethods': size=5760Kb used=2496Kb max_used=2597Kb free=3263Kb
 bounds [0x0000023ba8a20000, 0x0000023ba8cc0000, 0x0000023ba8fc0000]
 total_blobs=10983 nmethods=10039 adapters=853
 compilation: enabled
              stopped_count=0, restarted_count=0
 full_count=0

Compilation events (20 events):
Event: 27.324 Thread 0x0000023bb7e84750 11693       2       org.gradle.internal.operations.DefaultBuildOperationQueue$WorkerRunnable::lambda$runBatch$1 (42 bytes)
Event: 27.325 Thread 0x0000023bb7e84750 nmethod 11693 0x0000023ba1e0b890 code [0x0000023ba1e0baa0, 0x0000023ba1e0c028]
Event: 27.325 Thread 0x0000023bb7e84750 11694       2       org.gradle.internal.operations.DefaultBuildOperationQueue$WorkerRunnable$$Lambda$770/0x00000008016f9920::<init> (15 bytes)
Event: 27.326 Thread 0x0000023bb7e84750 nmethod 11694 0x0000023ba1954810 code [0x0000023ba19549a0, 0x0000023ba1954b58]
Event: 27.328 Thread 0x0000023bb7e84750 11695       2       org.gradle.api.internal.artifacts.metadata.ComponentArtifactIdentifierSerializer::write (10 bytes)
Event: 27.329 Thread 0x0000023bb7e84750 nmethod 11695 0x0000023ba1cfc510 code [0x0000023ba1cfc6c0, 0x0000023ba1cfc878]
Event: 27.329 Thread 0x0000023bb7e84750 11696       2       org.gradle.api.internal.artifacts.metadata.ComponentArtifactIdentifierSerializer::write (24 bytes)
Event: 27.329 Thread 0x0000023bb7e84750 nmethod 11696 0x0000023ba1d8d010 code [0x0000023ba1d8d1c0, 0x0000023ba1d8d338]
Event: 27.331 Thread 0x0000023bb7e84750 11697       2       org.gradle.internal.component.external.model.DefaultModuleComponentArtifactMetadata::toArtifactIdentifier (12 bytes)
Event: 27.332 Thread 0x0000023bb7e84750 nmethod 11697 0x0000023ba1dac390 code [0x0000023ba1dac540, 0x0000023ba1dac7a8]
Event: 27.332 Thread 0x0000023bb7e84750 11698       2       org.gradle.api.internal.artifacts.DefaultArtifactIdentifier::<init> (24 bytes)
Event: 27.332 Thread 0x0000023bb7e84750 nmethod 11698 0x0000023ba1dff690 code [0x0000023ba1dff840, 0x0000023ba1dffa28]
Event: 27.334 Thread 0x0000023bb7e84750 11699       2       org.gradle.internal.operations.DefaultBuildOperationQueue::access$700 (6 bytes)
Event: 27.334 Thread 0x0000023bb7e84750 nmethod 11699 0x0000023ba1905010 code [0x0000023ba19051c0, 0x0000023ba19052c8]
Event: 27.334 Thread 0x0000023bb7e84750 11700   !   2       org.gradle.internal.operations.DefaultBuildOperationQueue::completeOperations (47 bytes)
Event: 27.335 Thread 0x0000023bb7e84750 nmethod 11700 0x0000023ba1da4690 code [0x0000023ba1da48c0, 0x0000023ba1da4d28]
Event: 27.335 Thread 0x0000023bb7e84750 11701       2       org.apache.commons.lang.StringUtils::lastIndexOf (16 bytes)
Event: 27.336 Thread 0x0000023bb7e84750 nmethod 11701 0x0000023ba1b40590 code [0x0000023ba1b40740, 0x0000023ba1b408a8]
Event: 27.337 Thread 0x0000023bb7e84750 11702   !   3       java.io.RandomAccessFile::writeBytes (31 bytes)
Event: 27.338 Thread 0x0000023bb7e84750 nmethod 11702 0x0000023ba1f03a90 code [0x0000023ba1f03c60, 0x0000023ba1f03e98]

GC Heap History (20 events):
Event: 15.890 GC heap before
{Heap before GC invocations=24 (full 0):
 garbage-first heap   total 92160K, used 74807K [0x0000000080000000, 0x0000000100000000)
  region size 1024K, 23 young (23552K), 1 survivors (1024K)
 Metaspace       used 61808K, committed 63680K, reserved 487424K
  class space    used 8542K, committed 9536K, reserved 421888K
}
Event: 15.895 GC heap after
{Heap after GC invocations=25 (full 0):
 garbage-first heap   total 173056K, used 54845K [0x0000000080000000, 0x0000000100000000)
  region size 1024K, 2 young (2048K), 2 survivors (2048K)
 Metaspace       used 61808K, committed 63680K, reserved 487424K
  class space    used 8542K, committed 9536K, reserved 421888K
}
Event: 17.756 GC heap before
{Heap before GC invocations=25 (full 0):
 garbage-first heap   total 173056K, used 125501K [0x0000000080000000, 0x0000000100000000)
  region size 1024K, 72 young (73728K), 2 survivors (2048K)
 Metaspace       used 67116K, committed 68992K, reserved 487424K
  class space    used 9271K, committed 10240K, reserved 421888K
}
Event: 17.768 GC heap after
{Heap after GC invocations=26 (full 0):
 garbage-first heap   total 173056K, used 61527K [0x0000000080000000, 0x0000000100000000)
  region size 1024K, 9 young (9216K), 9 survivors (9216K)
 Metaspace       used 67116K, committed 68992K, reserved 487424K
  class space    used 9271K, committed 10240K, reserved 421888K
}
Event: 18.901 GC heap before
{Heap before GC invocations=26 (full 0):
 garbage-first heap   total 173056K, used 131159K [0x0000000080000000, 0x0000000100000000)
  region size 1024K, 75 young (76800K), 9 survivors (9216K)
 Metaspace       used 74251K, committed 76160K, reserved 487424K
  class space    used 10015K, committed 11008K, reserved 421888K
}
Event: 18.912 GC heap after
{Heap after GC invocations=27 (full 0):
 garbage-first heap   total 173056K, used 71900K [0x0000000080000000, 0x0000000100000000)
  region size 1024K, 9 young (9216K), 9 survivors (9216K)
 Metaspace       used 74251K, committed 76160K, reserved 487424K
  class space    used 10015K, committed 11008K, reserved 421888K
}
Event: 19.595 GC heap before
{Heap before GC invocations=27 (full 0):
 garbage-first heap   total 173056K, used 138460K [0x0000000080000000, 0x0000000100000000)
  region size 1024K, 67 young (68608K), 9 survivors (9216K)
 Metaspace       used 78713K, committed 80640K, reserved 552960K
  class space    used 10546K, committed 11520K, reserved 421888K
}
Event: 19.604 GC heap after
{Heap after GC invocations=28 (full 0):
 garbage-first heap   total 173056K, used 76336K [0x0000000080000000, 0x0000000100000000)
  region size 1024K, 6 young (6144K), 6 survivors (6144K)
 Metaspace       used 78713K, committed 80640K, reserved 552960K
  class space    used 10546K, committed 11520K, reserved 421888K
}
Event: 23.972 GC heap before
{Heap before GC invocations=28 (full 0):
 garbage-first heap   total 173056K, used 133680K [0x0000000080000000, 0x0000000100000000)
  region size 1024K, 62 young (63488K), 6 survivors (6144K)
 Metaspace       used 80933K, committed 82944K, reserved 552960K
  class space    used 10870K, committed 11904K, reserved 421888K
}
Event: 23.979 GC heap after
{Heap after GC invocations=29 (full 0):
 garbage-first heap   total 173056K, used 82216K [0x0000000080000000, 0x0000000100000000)
  region size 1024K, 6 young (6144K), 6 survivors (6144K)
 Metaspace       used 80933K, committed 82944K, reserved 552960K
  class space    used 10870K, committed 11904K, reserved 421888K
}
Event: 24.904 GC heap before
{Heap before GC invocations=29 (full 0):
 garbage-first heap   total 173056K, used 136488K [0x0000000080000000, 0x0000000100000000)
  region size 1024K, 59 young (60416K), 6 survivors (6144K)
 Metaspace       used 86438K, committed 88448K, reserved 552960K
  class space    used 11800K, committed 12864K, reserved 421888K
}
Event: 24.912 GC heap after
{Heap after GC invocations=30 (full 0):
 garbage-first heap   total 173056K, used 85514K [0x0000000080000000, 0x0000000100000000)
  region size 1024K, 4 young (4096K), 4 survivors (4096K)
 Metaspace       used 86438K, committed 88448K, reserved 552960K
  class space    used 11800K, committed 12864K, reserved 421888K
}
Event: 25.942 GC heap before
{Heap before GC invocations=30 (full 0):
 garbage-first heap   total 173056K, used 144906K [0x0000000080000000, 0x0000000100000000)
  region size 1024K, 56 young (57344K), 4 survivors (4096K)
 Metaspace       used 88183K, committed 90304K, reserved 552960K
  class space    used 12047K, committed 13184K, reserved 421888K
}
Event: 25.951 GC heap after
{Heap after GC invocations=31 (full 0):
 garbage-first heap   total 173056K, used 97897K [0x0000000080000000, 0x0000000100000000)
  region size 1024K, 7 young (7168K), 7 survivors (7168K)
 Metaspace       used 88183K, committed 90304K, reserved 552960K
  class space    used 12047K, committed 13184K, reserved 421888K
}
Event: 26.147 GC heap before
{Heap before GC invocations=31 (full 0):
 garbage-first heap   total 173056K, used 110185K [0x0000000080000000, 0x0000000100000000)
  region size 1024K, 18 young (18432K), 7 survivors (7168K)
 Metaspace       used 88239K, committed 90368K, reserved 552960K
  class space    used 12050K, committed 13184K, reserved 421888K
}
Event: 26.155 GC heap after
{Heap after GC invocations=32 (full 0):
 garbage-first heap   total 173056K, used 104697K [0x0000000080000000, 0x0000000100000000)
  region size 1024K, 4 young (4096K), 4 survivors (4096K)
 Metaspace       used 88239K, committed 90368K, reserved 552960K
  class space    used 12050K, committed 13184K, reserved 421888K
}
Event: 27.090 GC heap before
{Heap before GC invocations=33 (full 0):
 garbage-first heap   total 193536K, used 145657K [0x0000000080000000, 0x0000000100000000)
  region size 1024K, 39 young (39936K), 4 survivors (4096K)
 Metaspace       used 90381K, committed 92544K, reserved 552960K
  class space    used 12324K, committed 13440K, reserved 421888K
}
Event: 27.095 GC heap after
{Heap after GC invocations=34 (full 0):
 garbage-first heap   total 193536K, used 117009K [0x0000000080000000, 0x0000000100000000)
  region size 1024K, 5 young (5120K), 5 survivors (5120K)
 Metaspace       used 90381K, committed 92544K, reserved 552960K
  class space    used 12324K, committed 13440K, reserved 421888K
}
Event: 27.243 GC heap before
{Heap before GC invocations=34 (full 0):
 garbage-first heap   total 193536K, used 121105K [0x0000000080000000, 0x0000000100000000)
  region size 1024K, 9 young (9216K), 5 survivors (5120K)
 Metaspace       used 90417K, committed 92608K, reserved 552960K
  class space    used 12324K, committed 13440K, reserved 421888K
}
Event: 27.249 GC heap after
{Heap after GC invocations=35 (full 0):
 garbage-first heap   total 193536K, used 116851K [0x0000000080000000, 0x0000000100000000)
  region size 1024K, 1 young (1024K), 1 survivors (1024K)
 Metaspace       used 90417K, committed 92608K, reserved 552960K
  class space    used 12324K, committed 13440K, reserved 421888K
}

Dll operation events (13 events):
Event: 0.006 Loaded shared library C:\Program Files\Java\jdk-19\bin\java.dll
Event: 0.012 Loaded shared library C:\Program Files\Java\jdk-19\bin\jsvml.dll
Event: 0.048 Loaded shared library C:\Program Files\Java\jdk-19\bin\net.dll
Event: 0.050 Loaded shared library C:\Program Files\Java\jdk-19\bin\nio.dll
Event: 0.053 Loaded shared library C:\Program Files\Java\jdk-19\bin\zip.dll
Event: 0.212 Loaded shared library C:\Program Files\Java\jdk-19\bin\jimage.dll
Event: 0.260 Loaded shared library C:\Program Files\Java\jdk-19\bin\verify.dll
Event: 0.405 Loaded shared library C:\Users\tranv\.gradle\native\68d5fa5c4cc2d200863cafc0d521ce42e7d3e7ee720ec0a83991735586a16f82\windows-amd64\native-platform.dll
Event: 0.420 Loaded shared library C:\Users\tranv\.gradle\native\e376f236ea51e6404a007f0833ffe2c6e607c4080706a723a18a27aeea778392\windows-amd64\native-platform-file-events.dll
Event: 1.036 Loaded shared library C:\Program Files\Java\jdk-19\bin\management.dll
Event: 1.041 Loaded shared library C:\Program Files\Java\jdk-19\bin\management_ext.dll
Event: 1.277 Loaded shared library C:\Program Files\Java\jdk-19\bin\extnet.dll
Event: 1.489 Loaded shared library C:\Program Files\Java\jdk-19\bin\sunmscapi.dll

Deoptimization events (20 events):
Event: 26.483 Thread 0x0000023bbdb7ffc0 DEOPT PACKING pc=0x0000023ba20d100d sp=0x000000b9198f72f0
Event: 26.483 Thread 0x0000023bbdb7ffc0 DEOPT UNPACKING pc=0x0000023ba8a87543 sp=0x000000b9198f6818 mode 0
Event: 26.507 Thread 0x0000023bbdb7ffc0 DEOPT PACKING pc=0x0000023ba20d100d sp=0x000000b9198f7150
Event: 26.508 Thread 0x0000023bbdb7ffc0 DEOPT UNPACKING pc=0x0000023ba8a87543 sp=0x000000b9198f6678 mode 0
Event: 26.586 Thread 0x0000023bbdb7f520 Uncommon trap: trap_request=0xffffff45 fr.pc=0x0000023ba92667e8 relative=0x0000000000000128
Event: 26.586 Thread 0x0000023bbdb7f520 Uncommon trap: reason=unstable_if action=reinterpret pc=0x0000023ba92667e8 method=java.lang.ThreadLocal.get(Ljava/lang/Thread;)Ljava/lang/Object; @ 7 c2
Event: 26.586 Thread 0x0000023bbdb7f520 DEOPT PACKING pc=0x0000023ba92667e8 sp=0x000000b919bfe9c0
Event: 26.586 Thread 0x0000023bbdb7f520 DEOPT UNPACKING pc=0x0000023ba8a86da3 sp=0x000000b919bfe958 mode 2
Event: 26.979 Thread 0x0000023bbdb7ffc0 Uncommon trap: trap_request=0xffffff45 fr.pc=0x0000023ba947dcc8 relative=0x0000000000000308
Event: 26.979 Thread 0x0000023bbdb7ffc0 Uncommon trap: reason=unstable_if action=reinterpret pc=0x0000023ba947dcc8 method=java.lang.String.regionMatches(ZILjava/lang/String;II)Z @ 52 c2
Event: 26.979 Thread 0x0000023bbdb7ffc0 DEOPT PACKING pc=0x0000023ba947dcc8 sp=0x000000b9198f8980
Event: 26.979 Thread 0x0000023bbdb7ffc0 DEOPT UNPACKING pc=0x0000023ba8a86da3 sp=0x000000b9198f88f8 mode 2
Event: 26.979 Thread 0x0000023bbdb7ffc0 Uncommon trap: trap_request=0xffffff45 fr.pc=0x0000023ba908bbdc relative=0x00000000000001bc
Event: 26.979 Thread 0x0000023bbdb7ffc0 Uncommon trap: reason=unstable_if action=reinterpret pc=0x0000023ba908bbdc method=java.lang.StringLatin1.regionMatchesCI([BI[BII)Z @ 72 c2
Event: 26.979 Thread 0x0000023bbdb7ffc0 DEOPT PACKING pc=0x0000023ba908bbdc sp=0x000000b9198f88a0
Event: 26.979 Thread 0x0000023bbdb7ffc0 DEOPT UNPACKING pc=0x0000023ba8a86da3 sp=0x000000b9198f8830 mode 2
Event: 27.031 Thread 0x0000023bbdb7ffc0 Uncommon trap: trap_request=0xfffffff4 fr.pc=0x0000023ba92509bc relative=0x000000000000043c
Event: 27.031 Thread 0x0000023bbdb7ffc0 Uncommon trap: reason=null_check action=make_not_entrant pc=0x0000023ba92509bc method=org.gradle.cache.internal.DefaultCrossBuildInMemoryCacheFactory$DefaultCrossBuildInMemoryCache.maybeGetRetainedValue(Ljava/lang/Object;)Ljava/lang/Object; @ 10 c2
Event: 27.031 Thread 0x0000023bbdb7ffc0 DEOPT PACKING pc=0x0000023ba92509bc sp=0x000000b9198f9df0
Event: 27.031 Thread 0x0000023bbdb7ffc0 DEOPT UNPACKING pc=0x0000023ba8a86da3 sp=0x000000b9198f9d28 mode 2

Classes loaded (20 events):
Event: 25.303 Loading class java/nio/file/PathsCustomizer
Event: 25.303 Loading class java/nio/file/PathsCustomizer done
Event: 25.303 Loading class java/nio/file/PathsCustomizer
Event: 25.303 Loading class java/nio/file/PathsCustomizer done
Event: 25.786 Loading class java/util/Collections$ReverseComparator
Event: 25.787 Loading class java/util/Collections$ReverseComparator done
Event: 25.787 Loading class java/util/Comparators$NaturalOrderComparator
Event: 25.787 Loading class java/util/Comparators$NaturalOrderComparator done
Event: 25.787 Loading class java/util/Collections$ReverseComparator2
Event: 25.788 Loading class java/util/Collections$ReverseComparator2 done
Event: 26.703 Loading class java/lang/BooleanBeanInfo
Event: 26.703 Loading class java/lang/BooleanBeanInfo done
Event: 26.704 Loading class java/lang/BooleanBeanInfo
Event: 26.704 Loading class java/lang/BooleanBeanInfo done
Event: 26.704 Loading class java/lang/BooleanCustomizer
Event: 26.704 Loading class java/lang/BooleanCustomizer done
Event: 26.704 Loading class java/lang/BooleanCustomizer
Event: 26.704 Loading class java/lang/BooleanCustomizer done
Event: 26.704 Loading class jdk/internal/ValueBased
Event: 26.705 Loading class jdk/internal/ValueBased done

Classes unloaded (0 events):
No events

Classes redefined (0 events):
No events

Internal exceptions (20 events):
Event: 26.715 Thread 0x0000023bbdb7ffc0 Exception <a 'java/lang/ClassNotFoundException'{0x000000008acedd60}: com/android/build/gradle/internal/dsl/NdkOptionsCustomizer> (0x000000008acedd60) 
thrown [s\open\src\hotspot\share\classfile\systemDictionary.cpp, line 255]
Event: 26.716 Thread 0x0000023bbdb7ffc0 Exception <a 'java/lang/ClassNotFoundException'{0x000000008ab105e0}: com/android/build/gradle/internal/dsl/NdkOptions_DecoratedCustomizer> (0x000000008ab105e0) 
thrown [s\open\src\hotspot\share\classfile\systemDictionary.cpp, line 255]
Event: 26.733 Thread 0x0000023bbdb7ffc0 Exception <a 'java/lang/ClassNotFoundException'{0x000000008abdd428}: com/android/build/gradle/internal/dsl/PackagingOptions$AgpDecorated_DecoratedBeanInfo> (0x000000008abdd428) 
thrown [s\open\src\hotspot\share\classfile\systemDictionary.cpp, line 255]
Event: 26.733 Thread 0x0000023bbdb7ffc0 Exception <a 'java/lang/ClassNotFoundException'{0x000000008abeaf10}: com/android/build/gradle/internal/dsl/PackagingOptions$AgpDecoratedBeanInfo> (0x000000008abeaf10) 
thrown [s\open\src\hotspot\share\classfile\systemDictionary.cpp, line 255]
Event: 26.734 Thread 0x0000023bbdb7ffc0 Exception <a 'java/lang/ClassNotFoundException'{0x000000008abf87a0}: com/android/build/gradle/internal/dsl/PackagingOptionsBeanInfo> (0x000000008abf87a0) 
thrown [s\open\src\hotspot\share\classfile\systemDictionary.cpp, line 255]
Event: 26.734 Thread 0x0000023bbdb7ffc0 Exception <a 'java/lang/ClassNotFoundException'{0x000000008aa06568}: com/android/build/gradle/internal/dsl/PackagingOptionsCustomizer> (0x000000008aa06568) 
thrown [s\open\src\hotspot\share\classfile\systemDictionary.cpp, line 255]
Event: 26.735 Thread 0x0000023bbdb7ffc0 Exception <a 'java/lang/ClassNotFoundException'{0x000000008aa1d5d8}: com/android/build/gradle/internal/dsl/PackagingOptions$AgpDecoratedCustomizer> (0x000000008aa1d5d8) 
thrown [s\open\src\hotspot\share\classfile\systemDictionary.cpp, line 255]
Event: 26.736 Thread 0x0000023bbdb7ffc0 Exception <a 'java/lang/ClassNotFoundException'{0x000000008aa414d8}: com/android/build/gradle/internal/dsl/PackagingOptions$AgpDecorated_DecoratedCustomizer> (0x000000008aa414d8) 
thrown [s\open\src\hotspot\share\classfile\systemDictionary.cpp, line 255]
Event: 26.744 Thread 0x0000023bbdb7ffc0 Exception <a 'java/lang/ClassNotFoundException'{0x000000008aaaafd8}: org/jetbrains/kotlin/gradle/plugin/sources/DefaultKotlinSourceSetBeanInfo> (0x000000008aaaafd8) 
thrown [s\open\src\hotspot\share\classfile\systemDictionary.cpp, line 255]
Event: 26.746 Thread 0x0000023bbdb7ffc0 Exception <a 'java/lang/ClassNotFoundException'{0x000000008aabb680}: org/jetbrains/kotlin/gradle/plugin/sources/DefaultKotlinSourceSetCustomizer> (0x000000008aabb680) 
thrown [s\open\src\hotspot\share\classfile\systemDictionary.cpp, line 255]
Event: 26.877 Thread 0x0000023bbdb7ffc0 Exception <a 'java/lang/ClassNotFoundException'{0x000000008a17fb20}: com/android/build/gradle/internal/api/ReadOnlyBuildTypeBeanInfo> (0x000000008a17fb20) 
thrown [s\open\src\hotspot\share\classfile\systemDictionary.cpp, line 255]
Event: 26.878 Thread 0x0000023bbdb7ffc0 Exception <a 'java/lang/ClassNotFoundException'{0x000000008a18bac0}: com/android/build/gradle/internal/api/ReadOnlyBaseConfigBeanInfo> (0x000000008a18bac0) 
thrown [s\open\src\hotspot\share\classfile\systemDictionary.cpp, line 255]
Event: 26.879 Thread 0x0000023bbdb7ffc0 Exception <a 'java/lang/ClassNotFoundException'{0x000000008a197768}: com/android/build/gradle/internal/api/ReadOnlyBaseConfigCustomizer> (0x000000008a197768) 
thrown [s\open\src\hotspot\share\classfile\systemDictionary.cpp, line 255]
Event: 26.879 Thread 0x0000023bbdb7ffc0 Exception <a 'java/lang/ClassNotFoundException'{0x000000008a1b3e90}: com/android/build/gradle/internal/api/ReadOnlyBuildTypeCustomizer> (0x000000008a1b3e90) 
thrown [s\open\src\hotspot\share\classfile\systemDictionary.cpp, line 255]
Event: 26.934 Thread 0x0000023bbdb7ffc0 Exception <a 'java/lang/NoClassDefFoundError'{0x0000000089e0ffa0}: org/jetbrains/kotlin/gradle/plugin/KotlinBasePluginWrapper> (0x0000000089e0ffa0) 
thrown [s\open\src\hotspot\share\oops\constantPool.cpp, line 837]
Event: 27.031 Thread 0x0000023bbdb7ffc0 Implicit null exception at 0x0000023ba9250760 to 0x0000023ba92509b0
Event: 27.048 Thread 0x0000023bbdb7ffc0 Exception <a 'java/lang/ClassNotFoundException'{0x00000000897efc68}: build_2pwdz6740lq4v38ac2843af1vBeanInfo> (0x00000000897efc68) 
thrown [s\open\src\hotspot\share\classfile\systemDictionary.cpp, line 255]
Event: 27.048 Thread 0x0000023bbdb7ffc0 Exception <a 'java/lang/ClassNotFoundException'{0x00000000897f6050}: build_2pwdz6740lq4v38ac2843af1vCustomizer> (0x00000000897f6050) 
thrown [s\open\src\hotspot\share\classfile\systemDictionary.cpp, line 255]
Event: 27.061 Thread 0x0000023bbdb7ffc0 Exception <a 'java/lang/ClassNotFoundException'{0x0000000089659e00}: build_2pwdz6740lq4v38ac2843af1v$_run_closure1BeanInfo> (0x0000000089659e00) 
thrown [s\open\src\hotspot\share\classfile\systemDictionary.cpp, line 255]
Event: 27.061 Thread 0x0000023bbdb7ffc0 Exception <a 'java/lang/ClassNotFoundException'{0x0000000089660e98}: build_2pwdz6740lq4v38ac2843af1v$_run_closure1Customizer> (0x0000000089660e98) 
thrown [s\open\src\hotspot\share\classfile\systemDictionary.cpp, line 255]

VM Operations (20 events):
Event: 25.791 Executing VM operation: ICBufferFull
Event: 25.791 Executing VM operation: ICBufferFull done
Event: 25.942 Executing VM operation: G1CollectForAllocation
Event: 25.952 Executing VM operation: G1CollectForAllocation done
Event: 26.147 Executing VM operation: G1TryInitiateConcMark
Event: 26.156 Executing VM operation: G1TryInitiateConcMark done
Event: 26.281 Executing VM operation: G1PauseRemark
Event: 26.286 Executing VM operation: G1PauseRemark done
Event: 26.336 Executing VM operation: G1PauseCleanup
Event: 26.336 Executing VM operation: G1PauseCleanup done
Event: 26.613 Executing VM operation: HandshakeAllThreads
Event: 26.613 Executing VM operation: HandshakeAllThreads done
Event: 26.773 Executing VM operation: HandshakeAllThreads
Event: 26.773 Executing VM operation: HandshakeAllThreads done
Event: 26.796 Executing VM operation: HandshakeAllThreads
Event: 26.797 Executing VM operation: HandshakeAllThreads done
Event: 27.089 Executing VM operation: G1CollectForAllocation
Event: 27.095 Executing VM operation: G1CollectForAllocation done
Event: 27.243 Executing VM operation: G1CollectForAllocation
Event: 27.249 Executing VM operation: G1CollectForAllocation done

Events (20 events):
Event: 26.815 Thread 0x0000023bb7e850c0 flushing nmethod 0x0000023ba25b6b90
Event: 26.815 Thread 0x0000023bb7e850c0 flushing nmethod 0x0000023ba25bf090
Event: 26.815 Thread 0x0000023bb7e850c0 flushing nmethod 0x0000023ba25bfd90
Event: 26.815 Thread 0x0000023bb7e850c0 flushing nmethod 0x0000023ba25c4490
Event: 26.815 Thread 0x0000023bb7e850c0 flushing nmethod 0x0000023ba25cb390
Event: 26.815 Thread 0x0000023bb7e850c0 flushing nmethod 0x0000023ba25cd090
Event: 26.815 Thread 0x0000023bb7e850c0 flushing nmethod 0x0000023ba25ce310
Event: 26.815 Thread 0x0000023bb7e850c0 flushing nmethod 0x0000023ba25d8b90
Event: 26.815 Thread 0x0000023bb7e850c0 flushing nmethod 0x0000023ba25d9990
Event: 26.815 Thread 0x0000023bb7e850c0 flushing nmethod 0x0000023ba25f2d90
Event: 26.815 Thread 0x0000023bb7e850c0 flushing nmethod 0x0000023ba25f5210
Event: 26.815 Thread 0x0000023bb7e850c0 flushing nmethod 0x0000023ba25f5590
Event: 26.815 Thread 0x0000023bb7e850c0 flushing nmethod 0x0000023ba25f5f90
Event: 26.815 Thread 0x0000023bb7e850c0 flushing nmethod 0x0000023ba25fae10
Event: 26.815 Thread 0x0000023bb7e850c0 flushing nmethod 0x0000023ba25fb510
Event: 26.815 Thread 0x0000023bb7e850c0 flushing nmethod 0x0000023ba25fc910
Event: 26.815 Thread 0x0000023bb7e850c0 flushing nmethod 0x0000023ba25ff890
Event: 26.815 Thread 0x0000023bb7e850c0 flushing nmethod 0x0000023ba2606610
Event: 26.815 Thread 0x0000023bb7e850c0 flushing nmethod 0x0000023ba2608490
Event: 26.816 Thread 0x0000023bb7e850c0 flushing nmethod 0x0000023ba26c8b10


Dynamic libraries:
0x00007ff697700000 - 0x00007ff697710000 	C:\Program Files\Java\jdk-19\bin\java.exe
0x00007ffb9e150000 - 0x00007ffb9e364000 	C:\WINDOWS\SYSTEM32\ntdll.dll
0x00007ffb9bfb0000 - 0x00007ffb9c072000 	C:\WINDOWS\System32\KERNEL32.DLL
0x00007ffb9b660000 - 0x00007ffb9ba03000 	C:\WINDOWS\System32\KERNELBASE.dll
0x00007ffb9ba10000 - 0x00007ffb9bb21000 	C:\WINDOWS\System32\ucrtbase.dll
0x00007ffb91b50000 - 0x00007ffb91b68000 	C:\Program Files\Java\jdk-19\bin\jli.dll
0x00007ffb8d780000 - 0x00007ffb8d79b000 	C:\Program Files\Java\jdk-19\bin\VCRUNTIME140.dll
0x00007ffb9d8d0000 - 0x00007ffb9d97e000 	C:\WINDOWS\System32\ADVAPI32.dll
0x00007ffb9c840000 - 0x00007ffb9c8e7000 	C:\WINDOWS\System32\msvcrt.dll
0x00007ffb9c980000 - 0x00007ffb9ca24000 	C:\WINDOWS\System32\sechost.dll
0x00007ffb9c720000 - 0x00007ffb9c837000 	C:\WINDOWS\System32\RPCRT4.dll
0x00007ffb9c3d0000 - 0x00007ffb9c57a000 	C:\WINDOWS\System32\USER32.dll
0x00007ffb9bca0000 - 0x00007ffb9bcc6000 	C:\WINDOWS\System32\win32u.dll
0x00007ffb7b820000 - 0x00007ffb7baae000 	C:\WINDOWS\WinSxS\amd64_microsoft.windows.common-controls_6595b64144ccf1df_6.0.22621.1635_none_270f70857386168e\COMCTL32.dll
0x00007ffb9cb20000 - 0x00007ffb9cb49000 	C:\WINDOWS\System32\GDI32.dll
0x00007ffb9be10000 - 0x00007ffb9bf29000 	C:\WINDOWS\System32\gdi32full.dll
0x00007ffb9b550000 - 0x00007ffb9b5ea000 	C:\WINDOWS\System32\msvcp_win.dll
0x00007ffb93e90000 - 0x00007ffb93e9a000 	C:\WINDOWS\SYSTEM32\VERSION.dll
0x00007ffb9d890000 - 0x00007ffb9d8c1000 	C:\WINDOWS\System32\IMM32.DLL
0x00007ffb8caa0000 - 0x00007ffb8caac000 	C:\Program Files\Java\jdk-19\bin\vcruntime140_1.dll
0x00007ffb706d0000 - 0x00007ffb7075e000 	C:\Program Files\Java\jdk-19\bin\msvcp140.dll
0x00007ffb247e0000 - 0x00007ffb254a0000 	C:\Program Files\Java\jdk-19\bin\server\jvm.dll
0x00007ffb8b610000 - 0x00007ffb8b619000 	C:\WINDOWS\SYSTEM32\WSOCK32.dll
0x00007ffb9cbb0000 - 0x00007ffb9cc21000 	C:\WINDOWS\System32\WS2_32.dll
0x00007ffb943e0000 - 0x00007ffb94414000 	C:\WINDOWS\SYSTEM32\WINMM.dll
0x00007ffb9a590000 - 0x00007ffb9a5a8000 	C:\WINDOWS\SYSTEM32\kernel.appcore.dll
0x00007ffb8b460000 - 0x00007ffb8b46a000 	C:\Program Files\Java\jdk-19\bin\jimage.dll
0x00007ffb98f00000 - 0x00007ffb9912e000 	C:\WINDOWS\SYSTEM32\DBGHELP.DLL
0x00007ffb9cc40000 - 0x00007ffb9cfc9000 	C:\WINDOWS\System32\combase.dll
0x00007ffb9ca30000 - 0x00007ffb9cb07000 	C:\WINDOWS\System32\OLEAUT32.dll
0x00007ffb85c30000 - 0x00007ffb85c62000 	C:\WINDOWS\SYSTEM32\dbgcore.DLL
0x00007ffb9bd90000 - 0x00007ffb9be0a000 	C:\WINDOWS\System32\bcryptPrimitives.dll
0x00007ffb7ed30000 - 0x00007ffb7ed56000 	C:\Program Files\Java\jdk-19\bin\java.dll
0x00007ffb6e420000 - 0x00007ffb6e4f7000 	C:\Program Files\Java\jdk-19\bin\jsvml.dll
0x00007ffb9d030000 - 0x00007ffb9d829000 	C:\WINDOWS\System32\SHELL32.dll
0x00007ffb99540000 - 0x00007ffb99e0e000 	C:\WINDOWS\SYSTEM32\windows.storage.dll
0x00007ffb99400000 - 0x00007ffb9953e000 	C:\WINDOWS\SYSTEM32\wintypes.dll
0x00007ffb9c2d0000 - 0x00007ffb9c3c1000 	C:\WINDOWS\System32\SHCORE.dll
0x00007ffb9cfd0000 - 0x00007ffb9d02e000 	C:\WINDOWS\System32\shlwapi.dll
0x00007ffb9b480000 - 0x00007ffb9b4a6000 	C:\WINDOWS\SYSTEM32\profapi.dll
0x00007ffb84df0000 - 0x00007ffb84e03000 	C:\Program Files\Java\jdk-19\bin\net.dll
0x00007ffb94900000 - 0x00007ffb94a37000 	C:\WINDOWS\SYSTEM32\WINHTTP.dll
0x00007ffb9aa10000 - 0x00007ffb9aa79000 	C:\WINDOWS\system32\mswsock.dll
0x00007ffb7efa0000 - 0x00007ffb7efb6000 	C:\Program Files\Java\jdk-19\bin\nio.dll
0x00007ffb7ec20000 - 0x00007ffb7ec38000 	C:\Program Files\Java\jdk-19\bin\zip.dll
0x00007ffb8b2d0000 - 0x00007ffb8b2e0000 	C:\Program Files\Java\jdk-19\bin\verify.dll
0x00007ffb7c1a0000 - 0x00007ffb7c1c7000 	C:\Users\tranv\.gradle\native\68d5fa5c4cc2d200863cafc0d521ce42e7d3e7ee720ec0a83991735586a16f82\windows-amd64\native-platform.dll
0x00007ffb71170000 - 0x00007ffb712b4000 	C:\Users\tranv\.gradle\native\e376f236ea51e6404a007f0833ffe2c6e607c4080706a723a18a27aeea778392\windows-amd64\native-platform-file-events.dll
0x00007ffb85050000 - 0x00007ffb8505a000 	C:\Program Files\Java\jdk-19\bin\management.dll
0x00007ffb84ef0000 - 0x00007ffb84efb000 	C:\Program Files\Java\jdk-19\bin\management_ext.dll
0x00007ffb9cc30000 - 0x00007ffb9cc38000 	C:\WINDOWS\System32\PSAPI.DLL
0x00007ffb9ac70000 - 0x00007ffb9ac8b000 	C:\WINDOWS\SYSTEM32\CRYPTSP.dll
0x00007ffb9a500000 - 0x00007ffb9a535000 	C:\WINDOWS\system32\rsaenh.dll
0x00007ffb9ab10000 - 0x00007ffb9ab3c000 	C:\WINDOWS\SYSTEM32\USERENV.dll
0x00007ffb9ae30000 - 0x00007ffb9ae58000 	C:\WINDOWS\SYSTEM32\bcrypt.dll
0x00007ffb9ac90000 - 0x00007ffb9ac9c000 	C:\WINDOWS\SYSTEM32\CRYPTBASE.dll
0x00007ffb9a0b0000 - 0x00007ffb9a0dd000 	C:\WINDOWS\SYSTEM32\IPHLPAPI.DLL
0x00007ffb9cb10000 - 0x00007ffb9cb19000 	C:\WINDOWS\System32\NSI.dll
0x00007ffb946e0000 - 0x00007ffb946f9000 	C:\WINDOWS\SYSTEM32\dhcpcsvc6.DLL
0x00007ffb946c0000 - 0x00007ffb946df000 	C:\WINDOWS\SYSTEM32\dhcpcsvc.DLL
0x00007ffb9a130000 - 0x00007ffb9a223000 	C:\WINDOWS\SYSTEM32\DNSAPI.dll
0x00007ffb84600000 - 0x00007ffb84608000 	C:\Program Files\Java\jdk-19\bin\extnet.dll
0x00007ffb7f310000 - 0x00007ffb7f31e000 	C:\Program Files\Java\jdk-19\bin\sunmscapi.dll
0x00007ffb9bb30000 - 0x00007ffb9bc97000 	C:\WINDOWS\System32\CRYPT32.dll
0x00007ffb9ae00000 - 0x00007ffb9ae2e000 	C:\WINDOWS\SYSTEM32\ncrypt.dll
0x00007ffb9adc0000 - 0x00007ffb9adf7000 	C:\WINDOWS\SYSTEM32\NTASN1.dll
0x00007ffb84510000 - 0x00007ffb84518000 	C:\WINDOWS\system32\wshunix.dll

dbghelp: loaded successfully - version: 4.0.5 - missing functions: none
symbol engine: initialized successfully - sym options: 0x614 - pdb path: .;C:\Program Files\Java\jdk-19\bin;C:\WINDOWS\SYSTEM32;C:\WINDOWS\WinSxS\amd64_microsoft.windows.common-controls_6595b64144ccf1df_6.0.22621.1635_none_270f70857386168e;C:\Program Files\Java\jdk-19\bin\server;C:\Users\tranv\.gradle\native\68d5fa5c4cc2d200863cafc0d521ce42e7d3e7ee720ec0a83991735586a16f82\windows-amd64;C:\Users\tranv\.gradle\native\e376f236ea51e6404a007f0833ffe2c6e607c4080706a723a18a27aeea778392\windows-amd64

VM Arguments:
jvm_args: -XX:MaxMetaspaceSize=512m --add-opens=java.base/java.util=ALL-UNNAMED --add-opens=java.base/java.lang=ALL-UNNAMED --add-opens=java.base/java.lang.invoke=ALL-UNNAMED --add-opens=java.prefs/java.util.prefs=ALL-UNNAMED --add-opens=java.base/java.nio.charset=ALL-UNNAMED --add-opens=java.base/java.net=ALL-UNNAMED --add-opens=java.base/java.util.concurrent.atomic=ALL-UNNAMED -Xmx2048m -Dfile.encoding=utf8 -Duser.country=US -Duser.language=en -Duser.variant 
java_command: org.gradle.launcher.daemon.bootstrap.GradleDaemon 8.0.1
java_class_path (initial): C:\Users\tranv\.gradle\wrapper\dists\gradle-8.0.1-all\aro4hu1c3oeioove7l0i4i14o\gradle-8.0.1\lib\gradle-launcher-8.0.1.jar
Launcher Type: SUN_STANDARD

[Global flags]
     intx CICompilerCount                          = 4                                         {product} {ergonomic}
   size_t CompressedClassSpaceSize                 = 432013312                                 {product} {ergonomic}
     uint ConcGCThreads                            = 2                                         {product} {ergonomic}
     uint G1ConcRefinementThreads                  = 8                                         {product} {ergonomic}
   size_t G1HeapRegionSize                         = 1048576                                   {product} {ergonomic}
    uintx GCDrainStackTargetSize                   = 64                                        {product} {ergonomic}
   size_t InitialHeapSize                          = 132120576                                 {product} {ergonomic}
   size_t MarkStackSize                            = 4194304                                   {product} {ergonomic}
   size_t MaxHeapSize                              = 2147483648                                {product} {command line}
   size_t MaxMetaspaceSize                         = 536870912                                 {product} {command line}
   size_t MaxNewSize                               = 1287651328                                {product} {ergonomic}
   size_t MinHeapDeltaBytes                        = 1048576                                   {product} {ergonomic}
   size_t MinHeapSize                              = 8388608                                   {product} {ergonomic}
    uintx NonNMethodCodeHeapSize                   = 5839372                                {pd product} {ergonomic}
    uintx NonProfiledCodeHeapSize                  = 122909434                              {pd product} {ergonomic}
    uintx ProfiledCodeHeapSize                     = 122909434                              {pd product} {ergonomic}
    uintx ReservedCodeCacheSize                    = 251658240                              {pd product} {ergonomic}
     bool SegmentedCodeCache                       = true                                      {product} {ergonomic}
   size_t SoftMaxHeapSize                          = 2147483648                             {manageable} {ergonomic}
     bool UseCompressedClassPointers               = true                           {product lp64_product} {ergonomic}
     bool UseCompressedOops                        = true                           {product lp64_product} {ergonomic}
     bool UseG1GC                                  = true                                      {product} {ergonomic}
     bool UseLargePagesIndividualAllocation        = false                                  {pd product} {ergonomic}

Logging:
Log output configuration:
 #0: stdout all=warning uptime,level,tags foldmultilines=false
 #1: stderr all=off uptime,level,tags foldmultilines=false

Environment Variables:
PATH=C:\Program Files\Common Files\Oracle\Java\javapath;C:\Program Files (x86)\Common Files\Oracle\Java\javapath;C:\WINDOWS\system32;C:\WINDOWS;C:\WINDOWS\System32\Wbem;C:\WINDOWS\System32\WindowsPowerShell\v1.0\;C:\WINDOWS\System32\OpenSSH\;%JAVA_HOME%\bin;C:\Program Files\dotnet\;D:\program\xampp\php;C:\composer;C:\Program Files\Git\cmd;C:\Program Files\nodejs\;C:\Users\tranv\AppData\Local\Programs\Python\Python39\Scripts\;C:\Users\tranv\AppData\Local\Programs\Python\Python39\;C:\Users\tranv\AppData\Local\Microsoft\WindowsApps;C:\Users\tranv\AppData\Local\Programs\Microsoft VS Code\bin;C:\Users\tranv\.dotnet\tools;C:\Users\tranv\AppData\Local\GitHubDesktop\bin;C:\Program Files\Inkscape\bin;C:\Program Files\Java\jdk-19\bin;C:\Users\tranv\AppData\Local\JetBrains\Toolbox\scripts;C:\Program Files\heroku\bin;C:\Users\tranv\AppData\Roaming\Composer\vendor\bin;C:\Users\tranv\AppData\Local\Android\Sdk\platform-tools;C:\Users\tranv\AppData\Roaming\npm;C:\Users\tranv\AppData\Local\ComposerSetup\bin
USERNAME=tranv
OS=Windows_NT
PROCESSOR_IDENTIFIER=Intel64 Family 6 Model 142 Stepping 12, GenuineIntel
TMP=C:\Users\tranv\AppData\Local\Temp
TEMP=C:\Users\tranv\AppData\Local\Temp



---------------  S Y S T E M  ---------------

OS:
 Windows 11 , 64 bit Build 22621 (10.0.22621.1928)
OS uptime: 10 days 23:14 hours

CPU: total 8 (initial active 8) (4 cores per cpu, 2 threads per core) family 6 model 142 stepping 12 microcode 0xec, cx8, cmov, fxsr, ht, mmx, 3dnowpref, sse, sse2, sse3, ssse3, sse4.1, sse4.2, popcnt, lzcnt, tsc, tscinvbit, avx, avx2, aes, erms, clmul, bmi1, bmi2, adx, fma, vzeroupper, clflush, clflushopt, rdtscp

Memory: 4k page, system-wide physical 8014M (319M free)
TotalPageFile size 32590M (AvailPageFile size 7M)
current process WorkingSet (physical memory assigned to process): 448M, peak: 449M
current process commit charge ("private bytes"): 497M, peak: 499M

vm_info: Java HotSpot(TM) 64-Bit Server VM (19+36-2238) for windows-amd64 JRE (19+36-2238), built on 2022-08-12T20:29:01Z by "mach5one" with MS VC++ 17.1 (VS2022)

END.
