#
# There is insufficient memory for the Java Runtime Environment to continue.
# Native memory allocation (mmap) failed to map 65536 bytes for Failed to commit metaspace.
# Possible reasons:
#   The system is out of physical RAM or swap space
#   The process is running with CompressedOops enabled, and the Java Heap may be blocking the growth of the native heap
# Possible solutions:
#   Reduce memory load on the system
#   Increase physical memory or swap space
#   Check if swap backing store is full
#   Decrease Java heap size (-Xmx/-Xms)
#   Decrease number of Java threads
#   Decrease Java thread stack sizes (-Xss)
#   Set larger code cache with -XX:ReservedCodeCacheSize=
#   JVM is running with Unscaled Compressed Oops mode in which the Java heap is
#     placed in the first 4GB address space. The Java Heap base address is the
#     maximum limit for the native heap growth. Please use -XX:HeapBaseMinAddress
#     to set the Java Heap base and to place the Java Heap above 4GB virtual address.
# This output file may be truncated or incomplete.
#
#  Out of Memory Error (virtualSpaceNode.cpp:110), pid=20668, tid=23772
#
# JRE version: OpenJDK Runtime Environment Temurin-17.0.7+7 (17.0.7+7) (build 17.0.7+7)
# Java VM: OpenJDK 64-Bit Server VM Temurin-17.0.7+7 (17.0.7+7, mixed mode, tiered, compressed oops, compressed class ptrs, parallel gc, windows-amd64)
# No core dump will be written. Minidumps are not enabled by default on client versions of Windows
#

---------------  S U M M A R Y ------------

Command Line: --add-modules=ALL-SYSTEM --add-opens=java.base/java.util=ALL-UNNAMED --add-opens=java.base/java.lang=ALL-UNNAMED --add-opens=java.base/sun.nio.fs=ALL-UNNAMED -Declipse.application=org.eclipse.jdt.ls.core.id1 -Dosgi.bundles.defaultStartLevel=4 -Declipse.product=org.eclipse.jdt.ls.core.product -Djava.import.generatesMetadataFilesAtProjectRoot=false -Dfile.encoding=utf8 -XX:+UseParallelGC -XX:GCTimeRatio=4 -XX:AdaptiveSizePolicyWeight=90 -Dsun.zip.disableMemoryMapping=true -Xmx1G -Xms100m -Xlog:disable -javaagent:c:\Users\tranv\.vscode\extensions\redhat.java-1.20.0-win32-x64\lombok\lombok-1.18.28.jar -XX:+HeapDumpOnOutOfMemoryError -XX:HeapDumpPath=c:\Users\tranv\AppData\Roaming\Code\User\workspaceStorage\ce8d262541ed57863abe35ef973899ac\redhat.java -Daether.dependencyCollector.impl=bf c:\Users\tranv\.vscode\extensions\redhat.java-1.20.0-win32-x64\server\plugins\org.eclipse.equinox.launcher_1.6.500.v20230622-2056.jar -configuration c:\Users\tranv\AppData\Roaming\Code\User\globalStorage\redhat.java\1.20.0\config_win -data c:\Users\tranv\AppData\Roaming\Code\User\workspaceStorage\ce8d262541ed57863abe35ef973899ac\redhat.java\jdt_ws

Host: Intel(R) Core(TM) i5-10210U CPU @ 1.60GHz, 8 cores, 7G,  Windows 11 , 64 bit Build 22621 (10.0.22621.1928)
Time: Tue Jul 25 17:00:11 2023 SE Asia Standard Time elapsed time: 0.287538 seconds (0d 0h 0m 0s)

---------------  T H R E A D  ---------------

Current thread (0x000001542888db70):  JavaThread "main" [_thread_in_vm, id=23772, stack(0x0000004428d00000,0x0000004428e00000)]

Stack: [0x0000004428d00000,0x0000004428e00000]
Native frames: (J=compiled Java code, j=interpreted, Vv=VM code, C=native code)
V  [jvm.dll+0x67754a]
V  [jvm.dll+0x834304]
V  [jvm.dll+0x835aae]
V  [jvm.dll+0x836113]
V  [jvm.dll+0x24696f]
V  [jvm.dll+0x83039b]
V  [jvm.dll+0x61c006]
V  [jvm.dll+0x61c06a]
V  [jvm.dll+0x61e89a]
V  [jvm.dll+0x61c9a6]
V  [jvm.dll+0x2442bc]
V  [jvm.dll+0x6cdf4d]
V  [jvm.dll+0x6ce97f]
V  [jvm.dll+0x371b23]
V  [jvm.dll+0x370bc4]
V  [jvm.dll+0x370b68]
V  [jvm.dll+0x380a8a]
C  0x0000015432a5ae05

Java frames: (J=compiled Java code, j=interpreted, Vv=VM code)
j  sun.nio.fs.DefaultFileSystemProvider.<clinit>()V+0 java.base@17.0.7
v  ~StubRoutines::call_stub
j  java.nio.file.FileSystems$DefaultFileSystemHolder.getDefaultProvider()Ljava/nio/file/spi/FileSystemProvider;+0 java.base@17.0.7
j  java.nio.file.FileSystems$DefaultFileSystemHolder$1.run()Ljava/nio/file/spi/FileSystemProvider;+0 java.base@17.0.7
j  java.nio.file.FileSystems$DefaultFileSystemHolder$1.run()Ljava/lang/Object;+1 java.base@17.0.7
j  java.security.AccessController.executePrivileged(Ljava/security/PrivilegedAction;Ljava/security/AccessControlContext;Ljava/lang/Class;)Ljava/lang/Object;+29 java.base@17.0.7
j  java.security.AccessController.doPrivileged(Ljava/security/PrivilegedAction;)Ljava/lang/Object;+5 java.base@17.0.7
j  java.nio.file.FileSystems$DefaultFileSystemHolder.defaultFileSystem()Ljava/nio/file/FileSystem;+7 java.base@17.0.7
j  java.nio.file.FileSystems$DefaultFileSystemHolder.<clinit>()V+0 java.base@17.0.7
v  ~StubRoutines::call_stub
j  java.nio.file.FileSystems.getDefault()Ljava/nio/file/FileSystem;+6 java.base@17.0.7
j  java.io.File.toPath()Ljava/nio/file/Path;+22 java.base@17.0.7
j  java.util.zip.ZipFile$Source.get(Ljava/io/File;ZLjava/util/zip/ZipCoder;)Ljava/util/zip/ZipFile$Source;+6 java.base@17.0.7
j  java.util.zip.ZipFile$CleanableResource.<init>(Ljava/util/zip/ZipFile;Ljava/util/zip/ZipCoder;Ljava/io/File;I)V+56 java.base@17.0.7
j  java.util.zip.ZipFile.<init>(Ljava/io/File;ILjava/nio/charset/Charset;)V+123 java.base@17.0.7
j  java.util.zip.ZipFile.<init>(Ljava/io/File;I)V+6 java.base@17.0.7
j  java.util.jar.JarFile.<init>(Ljava/io/File;ZILjava/lang/Runtime$Version;)V+3 java.base@17.0.7
j  jdk.internal.loader.URLClassPath$JarLoader.getJarFile(Ljava/net/URL;)Ljava/util/jar/JarFile;+56 java.base@17.0.7
j  jdk.internal.loader.URLClassPath$JarLoader$1.run()Ljava/lang/Void;+55 java.base@17.0.7
j  jdk.internal.loader.URLClassPath$JarLoader$1.run()Ljava/lang/Object;+1 java.base@17.0.7
j  java.security.AccessController.executePrivileged(Ljava/security/PrivilegedExceptionAction;Ljava/security/AccessControlContext;Ljava/lang/Class;)Ljava/lang/Object;+29 java.base@17.0.7
j  java.security.AccessController.doPrivileged(Ljava/security/PrivilegedExceptionAction;Ljava/security/AccessControlContext;)Ljava/lang/Object;+13 java.base@17.0.7
j  jdk.internal.loader.URLClassPath$JarLoader.ensureOpen()V+19 java.base@17.0.7
j  jdk.internal.loader.URLClassPath$JarLoader.<init>(Ljava/net/URL;Ljava/net/URLStreamHandler;Ljava/util/HashMap;Ljava/security/AccessControlContext;)V+63 java.base@17.0.7
j  jdk.internal.loader.URLClassPath$3.run()Ljdk/internal/loader/URLClassPath$Loader;+168 java.base@17.0.7
j  jdk.internal.loader.URLClassPath$3.run()Ljava/lang/Object;+1 java.base@17.0.7
j  java.security.AccessController.executePrivileged(Ljava/security/PrivilegedExceptionAction;Ljava/security/AccessControlContext;Ljava/lang/Class;)Ljava/lang/Object;+29 java.base@17.0.7
j  java.security.AccessController.doPrivileged(Ljava/security/PrivilegedExceptionAction;Ljava/security/AccessControlContext;)Ljava/lang/Object;+13 java.base@17.0.7
j  jdk.internal.loader.URLClassPath.getLoader(Ljava/net/URL;)Ljdk/internal/loader/URLClassPath$Loader;+13 java.base@17.0.7
j  jdk.internal.loader.URLClassPath.getLoader(I)Ljdk/internal/loader/URLClassPath$Loader;+81 java.base@17.0.7
j  jdk.internal.loader.URLClassPath.getResource(Ljava/lang/String;Z)Ljdk/internal/loader/Resource;+42 java.base@17.0.7
j  jdk.internal.loader.BuiltinClassLoader.findClassOnClassPathOrNull(Ljava/lang/String;)Ljava/lang/Class;+26 java.base@17.0.7
j  jdk.internal.loader.BuiltinClassLoader.loadClassOrNull(Ljava/lang/String;Z)Ljava/lang/Class;+111 java.base@17.0.7
j  jdk.internal.loader.BuiltinClassLoader.loadClass(Ljava/lang/String;Z)Ljava/lang/Class;+3 java.base@17.0.7
j  jdk.internal.loader.ClassLoaders$AppClassLoader.loadClass(Ljava/lang/String;Z)Ljava/lang/Class;+36 java.base@17.0.7
j  java.lang.ClassLoader.loadClass(Ljava/lang/String;)Ljava/lang/Class;+3 java.base@17.0.7
j  sun.instrument.InstrumentationImpl.loadClassAndStartAgent(Ljava/lang/String;Ljava/lang/String;Ljava/lang/String;)V+8 java.instrument@17.0.7
j  sun.instrument.InstrumentationImpl.loadClassAndCallPremain(Ljava/lang/String;Ljava/lang/String;)V+6 java.instrument@17.0.7
v  ~StubRoutines::call_stub

---------------  P R O C E S S  ---------------

Threads class SMR info:
_java_thread_list=0x0000015441b73100, length=11, elements={
0x000001542888db70, 0x000001543c701390, 0x000001543c702110, 0x000001543c70d2c0,
0x00000154419e5010, 0x00000154419e58d0, 0x00000154419ea1b0, 0x00000154419f5b00,
0x00000154419f6400, 0x00000154419f74e0, 0x0000015441b73230
}

Java Threads: ( => current thread )
=>0x000001542888db70 JavaThread "main" [_thread_in_vm, id=23772, stack(0x0000004428d00000,0x0000004428e00000)]
  0x000001543c701390 JavaThread "Reference Handler" daemon [_thread_blocked, id=21576, stack(0x0000004429000000,0x0000004429100000)]
  0x000001543c702110 JavaThread "Finalizer" daemon [_thread_blocked, id=18676, stack(0x0000004429100000,0x0000004429200000)]
  0x000001543c70d2c0 JavaThread "Signal Dispatcher" daemon [_thread_blocked, id=26840, stack(0x0000004429200000,0x0000004429300000)]
  0x00000154419e5010 JavaThread "Attach Listener" daemon [_thread_blocked, id=20604, stack(0x0000004429300000,0x0000004429400000)]
  0x00000154419e58d0 JavaThread "Service Thread" daemon [_thread_blocked, id=8444, stack(0x0000004429400000,0x0000004429500000)]
  0x00000154419ea1b0 JavaThread "Monitor Deflation Thread" daemon [_thread_blocked, id=18204, stack(0x0000004429500000,0x0000004429600000)]
  0x00000154419f5b00 JavaThread "C2 CompilerThread0" daemon [_thread_blocked, id=18840, stack(0x0000004429600000,0x0000004429700000)]
  0x00000154419f6400 JavaThread "C1 CompilerThread0" daemon [_thread_blocked, id=4548, stack(0x0000004429700000,0x0000004429800000)]
  0x00000154419f74e0 JavaThread "Sweeper thread" daemon [_thread_blocked, id=2176, stack(0x0000004429800000,0x0000004429900000)]
  0x0000015441b73230 JavaThread "Common-Cleaner" daemon [_thread_blocked, id=19676, stack(0x0000004429900000,0x0000004429a00000)]

Other Threads:
  0x0000015428947eb0 VMThread "VM Thread" [stack: 0x0000004428f00000,0x0000004429000000] [id=1044]
  0x00000154288a4d30 GCTaskThread "GC Thread#0" [stack: 0x0000004428e00000,0x0000004428f00000] [id=15388]

Threads with active compile tasks:

VM state: not at safepoint (normal execution)

VM Mutex/Monitor currently owned by a thread:  ([mutex/lock_event])
[0x0000015428889100] Metaspace_lock - owner thread: 0x000001542888db70

Heap address: 0x00000000c0000000, size: 1024 MB, Compressed Oops mode: 32-bit

CDS archive(s) not mapped
Compressed class space mapped at: 0x0000000100000000-0x0000000140000000, reserved size: 1073741824
Narrow klass base: 0x0000000000000000, Narrow klass shift: 3, Narrow klass range: 0x140000000

GC Precious Log:
 CPUs: 8 total, 8 available
 Memory: 8014M
 Large Page Support: Disabled
 NUMA Support: Disabled
 Compressed Oops: Enabled (32-bit)
 Alignments: Space 512K, Generation 512K, Heap 2M
 Heap Min Capacity: 100M
 Heap Initial Capacity: 100M
 Heap Max Capacity: 1G
 Pre-touch: Disabled
 Parallel Workers: 8

Heap:
 PSYoungGen      total 29696K, used 2560K [0x00000000eab00000, 0x00000000ecc00000, 0x0000000100000000)
  eden space 25600K, 10% used [0x00000000eab00000,0x00000000ead80200,0x00000000ec400000)
  from space 4096K, 0% used [0x00000000ec800000,0x00000000ec800000,0x00000000ecc00000)
  to   space 4096K, 0% used [0x00000000ec400000,0x00000000ec400000,0x00000000ec800000)
 ParOldGen       total 68608K, used 0K [0x00000000c0000000, 0x00000000c4300000, 0x00000000eab00000)
  object space 68608K, 0% used [0x00000000c0000000,0x00000000c0000000,0x00000000c4300000)
 Metaspace       used 4727K, committed 4864K, reserved 1114112K
  class space    used 437K, committed 512K, reserved 1048576K

Card table byte_map: [0x0000015428230000,0x0000015428440000] _byte_map_base: 0x0000015427c30000

Marking Bits: (ParMarkBitMap*) 0x00007ffb260252c0
 Begin Bits: [0x000001543a510000, 0x000001543b510000)
 End Bits:   [0x000001543b510000, 0x000001543c510000)

Polling page: 0x0000015426870000

Metaspace:

Usage:
  Non-class:      4.19 MB used.
      Class:    437.20 KB used.
       Both:      4.62 MB used.

Virtual space:
  Non-class space:       64.00 MB reserved,       4.25 MB (  7%) committed,  1 nodes.
      Class space:        1.00 GB reserved,     512.00 KB ( <1%) committed,  1 nodes.
             Both:        1.06 GB reserved,       4.75 MB ( <1%) committed. 

Chunk freelists:
   Non-Class:  11.00 MB
       Class:  15.56 MB
        Both:  26.56 MB

MaxMetaspaceSize: unlimited
CompressedClassSpaceSize: 1.00 GB
Initial GC threshold: 21.00 MB
Current GC threshold: 21.00 MB
CDS: off
MetaspaceReclaimPolicy: balanced
 - commit_granule_bytes: 65536.
 - commit_granule_words: 8192.
 - virtual_space_node_default_size: 8388608.
 - enlarge_chunks_in_place: 1.
 - new_chunks_are_fully_committed: 0.
 - uncommit_free_chunks: 1.
 - use_allocation_guard: 0.
 - handle_deallocations: 1.


Internal statistics:

num_allocs_failed_limit: 0.
num_arena_births: 6.
num_arena_deaths: 0.
num_vsnodes_births: 2.
num_vsnodes_deaths: 0.
num_space_committed: 76.
num_space_uncommitted: 0.
num_chunks_returned_to_freelist: 0.
num_chunks_taken_from_freelist: 10.
num_chunk_merges: 0.
num_chunk_splits: 5.
num_chunks_enlarged: 2.
num_inconsistent_stats: 0.

CodeHeap 'non-profiled nmethods': size=120000Kb used=60Kb max_used=60Kb free=119939Kb
 bounds [0x0000015432fe0000, 0x0000015433250000, 0x000001543a510000]
CodeHeap 'profiled nmethods': size=120000Kb used=213Kb max_used=213Kb free=119786Kb
 bounds [0x000001542b510000, 0x000001542b780000, 0x0000015432a40000]
CodeHeap 'non-nmethods': size=5760Kb used=1071Kb max_used=1084Kb free=4689Kb
 bounds [0x0000015432a40000, 0x0000015432cb0000, 0x0000015432fe0000]
 total_blobs=536 nmethods=196 adapters=255
 compilation: enabled
              stopped_count=0, restarted_count=0
 full_count=0

Compilation events (20 events):
Event: 0.251 Thread 0x00000154419f5b00 nmethod 139 0x0000015432fee410 code [0x0000015432fee580, 0x0000015432fee758]
Event: 0.251 Thread 0x00000154419f6400 nmethod 186 0x000001542b542090 code [0x000001542b542260, 0x000001542b542698]
Event: 0.251 Thread 0x00000154419f6400  187       3       java.lang.invoke.MemberName::testAllFlags (7 bytes)
Event: 0.251 Thread 0x00000154419f6400 nmethod 187 0x000001542b542810 code [0x000001542b5429a0, 0x000001542b542b78]
Event: 0.252 Thread 0x00000154419f6400  188       1       java.lang.Class::getModule (5 bytes)
Event: 0.252 Thread 0x00000154419f6400 nmethod 188 0x0000015432fee810 code [0x0000015432fee9a0, 0x0000015432feea78]
Event: 0.252 Thread 0x00000154419f6400  189       3       jdk.internal.org.objectweb.asm.ByteVector::putByte (39 bytes)
Event: 0.252 Thread 0x00000154419f6400 nmethod 189 0x000001542b542c10 code [0x000001542b542dc0, 0x000001542b542fa8]
Event: 0.252 Thread 0x00000154419f6400  190       3       jdk.internal.org.objectweb.asm.SymbolTable$Entry::<init> (17 bytes)
Event: 0.252 Thread 0x00000154419f6400 nmethod 190 0x000001542b543110 code [0x000001542b5432c0, 0x000001542b543448]
Event: 0.253 Thread 0x00000154419f6400  192       3       java.lang.String::substring (58 bytes)
Event: 0.254 Thread 0x00000154419f6400 nmethod 192 0x000001542b543510 code [0x000001542b543700, 0x000001542b543ba8]
Event: 0.254 Thread 0x00000154419f6400  193       3       java.lang.String::checkBoundsBeginEnd (63 bytes)
Event: 0.255 Thread 0x00000154419f6400 nmethod 193 0x000001542b543d90 code [0x000001542b544020, 0x000001542b5448f8]
Event: 0.272 Thread 0x00000154419f6400  194       3       java.lang.AbstractStringBuilder::putStringAt (34 bytes)
Event: 0.272 Thread 0x00000154419f6400 nmethod 194 0x000001542b544c90 code [0x000001542b544e60, 0x000001542b545178]
Event: 0.278 Thread 0x00000154419f5b00  195       4       java.lang.String::charAt (25 bytes)
Event: 0.279 Thread 0x00000154419f5b00 nmethod 195 0x0000015432feef10 code [0x0000015432fef080, 0x0000015432fef158]
Event: 0.279 Thread 0x00000154419f6400  196       3       java.io.WinNTFileSystem::isSlash (18 bytes)
Event: 0.280 Thread 0x00000154419f6400 nmethod 196 0x000001542b545310 code [0x000001542b5454a0, 0x000001542b545638]

GC Heap History (0 events):
No events

Dll operation events (3 events):
Event: 0.016 Loaded shared library c:\Users\tranv\.vscode\extensions\redhat.java-1.20.0-win32-x64\jre\17.0.7-win32-x86_64\bin\java.dll
Event: 0.259 Loaded shared library c:\Users\tranv\.vscode\extensions\redhat.java-1.20.0-win32-x64\jre\17.0.7-win32-x86_64\bin\zip.dll
Event: 0.267 Loaded shared library C:\Users\tranv\.vscode\extensions\redhat.java-1.20.0-win32-x64\jre\17.0.7-win32-x86_64\bin\instrument.dll

Deoptimization events (0 events):
No events

Classes unloaded (0 events):
No events

Classes redefined (0 events):
No events

Internal exceptions (1 events):
Event: 0.213 Thread 0x000001542888db70 Exception <a 'java/lang/NoSuchMethodError'{0x00000000eacb25b0}: 'void java.lang.invoke.DirectMethodHandle$Holder.invokeStatic(java.lang.Object, java.lang.Object, java.lang.Object)'> (0x00000000eacb25b0) 
thrown [s\src\hotspot\share\interpreter\linkResolver.cpp, line 759]

VM Operations (2 events):
Event: 0.221 Executing VM operation: HandshakeAllThreads
Event: 0.221 Executing VM operation: HandshakeAllThreads done

Events (20 events):
Event: 0.280 loading class java/util/zip/ZipCoder$UTF8ZipCoder
Event: 0.280 loading class java/util/zip/ZipCoder$UTF8ZipCoder done
Event: 0.280 loading class java/util/zip/ZipFile$Source
Event: 0.280 loading class java/util/zip/ZipFile$Source done
Event: 0.281 loading class java/util/zip/ZipFile$Source$Key
Event: 0.281 loading class java/util/zip/ZipFile$Source$Key done
Event: 0.281 loading class java/nio/file/FileSystems
Event: 0.281 loading class java/nio/file/FileSystems done
Event: 0.281 loading class java/nio/file/FileSystems$DefaultFileSystemHolder
Event: 0.281 loading class java/nio/file/FileSystems$DefaultFileSystemHolder done
Event: 0.281 loading class java/nio/file/FileSystems$DefaultFileSystemHolder$1
Event: 0.281 loading class java/nio/file/FileSystems$DefaultFileSystemHolder$1 done
Event: 0.281 loading class sun/nio/fs/DefaultFileSystemProvider
Event: 0.281 loading class sun/nio/fs/DefaultFileSystemProvider done
Event: 0.281 loading class sun/nio/fs/WindowsFileSystemProvider
Event: 0.282 loading class sun/nio/fs/AbstractFileSystemProvider
Event: 0.282 loading class java/nio/file/spi/FileSystemProvider
Event: 0.282 loading class java/nio/file/spi/FileSystemProvider done
Event: 0.282 loading class sun/nio/fs/AbstractFileSystemProvider done
Event: 0.283 loading class sun/nio/fs/WindowsFileSystemProvider done


Dynamic libraries:
0x00007ff6e8f10000 - 0x00007ff6e8f1e000 	c:\Users\tranv\.vscode\extensions\redhat.java-1.20.0-win32-x64\jre\17.0.7-win32-x86_64\bin\java.exe
0x00007ffb9e150000 - 0x00007ffb9e364000 	C:\WINDOWS\SYSTEM32\ntdll.dll
0x00007ffb9bfb0000 - 0x00007ffb9c072000 	C:\WINDOWS\System32\KERNEL32.DLL
0x00007ffb9b660000 - 0x00007ffb9ba03000 	C:\WINDOWS\System32\KERNELBASE.dll
0x00007ffb9ba10000 - 0x00007ffb9bb21000 	C:\WINDOWS\System32\ucrtbase.dll
0x00007ffb85da0000 - 0x00007ffb85db7000 	c:\Users\tranv\.vscode\extensions\redhat.java-1.20.0-win32-x64\jre\17.0.7-win32-x86_64\bin\jli.dll
0x00007ffb9c3d0000 - 0x00007ffb9c57a000 	C:\WINDOWS\System32\USER32.dll
0x00007ffb9bca0000 - 0x00007ffb9bcc6000 	C:\WINDOWS\System32\win32u.dll
0x00007ffb9cb20000 - 0x00007ffb9cb49000 	C:\WINDOWS\System32\GDI32.dll
0x00007ffb9be10000 - 0x00007ffb9bf29000 	C:\WINDOWS\System32\gdi32full.dll
0x00007ffb9b550000 - 0x00007ffb9b5ea000 	C:\WINDOWS\System32\msvcp_win.dll
0x00007ffb7ec70000 - 0x00007ffb7ec89000 	c:\Users\tranv\.vscode\extensions\redhat.java-1.20.0-win32-x64\jre\17.0.7-win32-x86_64\bin\VCRUNTIME140.dll
0x00007ffb7b820000 - 0x00007ffb7baae000 	C:\WINDOWS\WinSxS\amd64_microsoft.windows.common-controls_6595b64144ccf1df_6.0.22621.1635_none_270f70857386168e\COMCTL32.dll
0x00007ffb9c840000 - 0x00007ffb9c8e7000 	C:\WINDOWS\System32\msvcrt.dll
0x00007ffb9d890000 - 0x00007ffb9d8c1000 	C:\WINDOWS\System32\IMM32.DLL
0x00007ffb95840000 - 0x00007ffb9584c000 	c:\Users\tranv\.vscode\extensions\redhat.java-1.20.0-win32-x64\jre\17.0.7-win32-x86_64\bin\vcruntime140_1.dll
0x00007ffb6cac0000 - 0x00007ffb6cb51000 	c:\Users\tranv\.vscode\extensions\redhat.java-1.20.0-win32-x64\jre\17.0.7-win32-x86_64\bin\msvcp140.dll
0x00007ffb254a0000 - 0x00007ffb260e8000 	c:\Users\tranv\.vscode\extensions\redhat.java-1.20.0-win32-x64\jre\17.0.7-win32-x86_64\bin\server\jvm.dll
0x00007ffb9d8d0000 - 0x00007ffb9d97e000 	C:\WINDOWS\System32\ADVAPI32.dll
0x00007ffb9c980000 - 0x00007ffb9ca24000 	C:\WINDOWS\System32\sechost.dll
0x00007ffb9c720000 - 0x00007ffb9c837000 	C:\WINDOWS\System32\RPCRT4.dll
0x00007ffb8b610000 - 0x00007ffb8b619000 	C:\WINDOWS\SYSTEM32\WSOCK32.dll
0x00007ffb9cbb0000 - 0x00007ffb9cc21000 	C:\WINDOWS\System32\WS2_32.dll
0x00007ffb943e0000 - 0x00007ffb94414000 	C:\WINDOWS\SYSTEM32\WINMM.dll
0x00007ffb93e90000 - 0x00007ffb93e9a000 	C:\WINDOWS\SYSTEM32\VERSION.dll
0x00007ffb9a590000 - 0x00007ffb9a5a8000 	C:\WINDOWS\SYSTEM32\kernel.appcore.dll
0x00007ffb94c00000 - 0x00007ffb94c0a000 	c:\Users\tranv\.vscode\extensions\redhat.java-1.20.0-win32-x64\jre\17.0.7-win32-x86_64\bin\jimage.dll
0x00007ffb98f00000 - 0x00007ffb9912e000 	C:\WINDOWS\SYSTEM32\DBGHELP.DLL
0x00007ffb9cc40000 - 0x00007ffb9cfc9000 	C:\WINDOWS\System32\combase.dll
0x00007ffb9ca30000 - 0x00007ffb9cb07000 	C:\WINDOWS\System32\OLEAUT32.dll
0x00007ffb85c30000 - 0x00007ffb85c62000 	C:\WINDOWS\SYSTEM32\dbgcore.DLL
0x00007ffb9bd90000 - 0x00007ffb9be0a000 	C:\WINDOWS\System32\bcryptPrimitives.dll
0x00007ffb94b60000 - 0x00007ffb94b6e000 	c:\Users\tranv\.vscode\extensions\redhat.java-1.20.0-win32-x64\jre\17.0.7-win32-x86_64\bin\instrument.dll
0x00007ffb770f0000 - 0x00007ffb77115000 	c:\Users\tranv\.vscode\extensions\redhat.java-1.20.0-win32-x64\jre\17.0.7-win32-x86_64\bin\java.dll
0x00007ffb7ec50000 - 0x00007ffb7ec68000 	c:\Users\tranv\.vscode\extensions\redhat.java-1.20.0-win32-x64\jre\17.0.7-win32-x86_64\bin\zip.dll
0x00007ffb9d030000 - 0x00007ffb9d829000 	C:\WINDOWS\System32\SHELL32.dll
0x00007ffb99540000 - 0x00007ffb99e0e000 	C:\WINDOWS\SYSTEM32\windows.storage.dll
0x00007ffb99400000 - 0x00007ffb9953e000 	C:\WINDOWS\SYSTEM32\wintypes.dll
0x00007ffb9c2d0000 - 0x00007ffb9c3c1000 	C:\WINDOWS\System32\SHCORE.dll
0x00007ffb9cfd0000 - 0x00007ffb9d02e000 	C:\WINDOWS\System32\shlwapi.dll
0x00007ffb9b480000 - 0x00007ffb9b4a6000 	C:\WINDOWS\SYSTEM32\profapi.dll

dbghelp: loaded successfully - version: 4.0.5 - missing functions: none
symbol engine: initialized successfully - sym options: 0x614 - pdb path: .;c:\Users\tranv\.vscode\extensions\redhat.java-1.20.0-win32-x64\jre\17.0.7-win32-x86_64\bin;C:\WINDOWS\SYSTEM32;C:\WINDOWS\WinSxS\amd64_microsoft.windows.common-controls_6595b64144ccf1df_6.0.22621.1635_none_270f70857386168e;c:\Users\tranv\.vscode\extensions\redhat.java-1.20.0-win32-x64\jre\17.0.7-win32-x86_64\bin\server

VM Arguments:
jvm_args: --add-modules=ALL-SYSTEM --add-opens=java.base/java.util=ALL-UNNAMED --add-opens=java.base/java.lang=ALL-UNNAMED --add-opens=java.base/sun.nio.fs=ALL-UNNAMED -Declipse.application=org.eclipse.jdt.ls.core.id1 -Dosgi.bundles.defaultStartLevel=4 -Declipse.product=org.eclipse.jdt.ls.core.product -Djava.import.generatesMetadataFilesAtProjectRoot=false -Dfile.encoding=utf8 -XX:+UseParallelGC -XX:GCTimeRatio=4 -XX:AdaptiveSizePolicyWeight=90 -Dsun.zip.disableMemoryMapping=true -Xmx1G -Xms100m -Xlog:disable -javaagent:c:\Users\tranv\.vscode\extensions\redhat.java-1.20.0-win32-x64\lombok\lombok-1.18.28.jar -XX:+HeapDumpOnOutOfMemoryError -XX:HeapDumpPath=c:\Users\tranv\AppData\Roaming\Code\User\workspaceStorage\ce8d262541ed57863abe35ef973899ac\redhat.java -Daether.dependencyCollector.impl=bf 
java_command: c:\Users\tranv\.vscode\extensions\redhat.java-1.20.0-win32-x64\server\plugins\org.eclipse.equinox.launcher_1.6.500.v20230622-2056.jar -configuration c:\Users\tranv\AppData\Roaming\Code\User\globalStorage\redhat.java\1.20.0\config_win -data c:\Users\tranv\AppData\Roaming\Code\User\workspaceStorage\ce8d262541ed57863abe35ef973899ac\redhat.java\jdt_ws
java_class_path (initial): c:\Users\tranv\.vscode\extensions\redhat.java-1.20.0-win32-x64\server\plugins\org.eclipse.equinox.launcher_1.6.500.v20230622-2056.jar
Launcher Type: SUN_STANDARD

[Global flags]
    uintx AdaptiveSizePolicyWeight                 = 90                                        {product} {command line}
     intx CICompilerCount                          = 4                                         {product} {ergonomic}
    uintx GCTimeRatio                              = 4                                         {product} {command line}
     bool HeapDumpOnOutOfMemoryError               = true                                   {manageable} {command line}
    ccstr HeapDumpPath                             = c:\Users\tranv\AppData\Roaming\Code\User\workspaceStorage\ce8d262541ed57863abe35ef973899ac\redhat.java         {manageable} {command line}
   size_t InitialHeapSize                          = 104857600                                 {product} {command line}
   size_t MaxHeapSize                              = 1073741824                                {product} {command line}
   size_t MaxNewSize                               = 357564416                                 {product} {ergonomic}
   size_t MinHeapDeltaBytes                        = 524288                                    {product} {ergonomic}
   size_t MinHeapSize                              = 104857600                                 {product} {command line}
   size_t NewSize                                  = 34603008                                  {product} {ergonomic}
    uintx NonNMethodCodeHeapSize                   = 5839372                                {pd product} {ergonomic}
    uintx NonProfiledCodeHeapSize                  = 122909434                              {pd product} {ergonomic}
   size_t OldSize                                  = 70254592                                  {product} {ergonomic}
    uintx ProfiledCodeHeapSize                     = 122909434                              {pd product} {ergonomic}
    uintx ReservedCodeCacheSize                    = 251658240                              {pd product} {ergonomic}
     bool SegmentedCodeCache                       = true                                      {product} {ergonomic}
   size_t SoftMaxHeapSize                          = 1073741824                             {manageable} {ergonomic}
     bool UseCompressedClassPointers               = true                           {product lp64_product} {ergonomic}
     bool UseCompressedOops                        = true                           {product lp64_product} {ergonomic}
     bool UseLargePagesIndividualAllocation        = false                                  {pd product} {ergonomic}
     bool UseParallelGC                            = true                                      {product} {command line}

Logging:
Log output configuration:
 #0: stdout all=off uptime,level,tags
 #1: stderr all=off uptime,level,tags

Environment Variables:
PATH=C:\Program Files\Common Files\Oracle\Java\javapath;C:\Program Files (x86)\Common Files\Oracle\Java\javapath;C:\WINDOWS\system32;C:\WINDOWS;C:\WINDOWS\System32\Wbem;C:\WINDOWS\System32\WindowsPowerShell\v1.0\;C:\WINDOWS\System32\OpenSSH\;%JAVA_HOME%\bin;C:\Program Files\dotnet\;D:\program\xampp\php;C:\composer;C:\Program Files\Git\cmd;C:\Program Files\nodejs\;C:\Users\tranv\AppData\Local\Programs\Python\Python39\Scripts\;C:\Users\tranv\AppData\Local\Programs\Python\Python39\;C:\Users\tranv\AppData\Local\Microsoft\WindowsApps;C:\Users\tranv\AppData\Local\Programs\Microsoft VS Code\bin;C:\Users\tranv\.dotnet\tools;C:\Users\tranv\AppData\Local\GitHubDesktop\bin;C:\Program Files\Inkscape\bin;C:\Program Files\Java\jdk-19\bin;C:\Users\tranv\AppData\Local\JetBrains\Toolbox\scripts;C:\Program Files\heroku\bin;C:\Users\tranv\AppData\Roaming\Composer\vendor\bin;C:\Users\tranv\AppData\Local\Android\Sdk\platform-tools;C:\Users\tranv\AppData\Roaming\npm;C:\Users\tranv\AppData\Local\ComposerSetup\bin
USERNAME=tranv
OS=Windows_NT
PROCESSOR_IDENTIFIER=Intel64 Family 6 Model 142 Stepping 12, GenuineIntel
TMP=C:\Users\tranv\AppData\Local\Temp
TEMP=C:\Users\tranv\AppData\Local\Temp



---------------  S Y S T E M  ---------------

OS:
 Windows 11 , 64 bit Build 22621 (10.0.22621.1928)
OS uptime: 10 days 23:01 hours

CPU: total 8 (initial active 8) (4 cores per cpu, 2 threads per core) family 6 model 142 stepping 12 microcode 0xec, cx8, cmov, fxsr, ht, mmx, 3dnowpref, sse, sse2, sse3, ssse3, sse4.1, sse4.2, popcnt, lzcnt, tsc, tscinvbit, avx, avx2, aes, erms, clmul, bmi1, bmi2, adx, fma, vzeroupper, clflush, clflushopt

Memory: 4k page, system-wide physical 8014M (341M free)
TotalPageFile size 32590M (AvailPageFile size 0M)
current process WorkingSet (physical memory assigned to process): 30M, peak: 30M
current process commit charge ("private bytes"): 184M, peak: 184M

vm_info: OpenJDK 64-Bit Server VM (17.0.7+7) for windows-amd64 JRE (17.0.7+7), built on Apr 18 2023 22:10:42 by "temurin" with MS VC++ 16.7 (VS2019)

END.
