#
# A fatal error has been detected by the Java Runtime Environment:
#
#  EXCEPTION_ACCESS_VIOLATION (0xc0000005) at pc=0x00007ffb94c01be1, pid=13760, tid=23144
#
# JRE version:  (17.0.7+7) (build )
# Java VM: OpenJDK 64-Bit Server VM (17.0.7+7, mixed mode, sharing, tiered, unknown gc, windows-amd64)
# Problematic frame:
# C  [jimage.dll+0x1be1]
#
# No core dump will be written. Minidumps are not enabled by default on client versions of Windows
#
#

---------------  S U M M A R Y ------------

Command Line: 

Host: Intel(R) Core(TM) i5-10210U CPU @ 1.60GHz, 8 cores, 7G,  Windows 11 , 64 bit Build 22621 (10.0.22621.1928)
Time: Tue Jul 25 17:00:10 2023 SE Asia Standard Time elapsed time: 0.023410 seconds (0d 0h 0m 0s)

---------------  T H R E A D  ---------------

Current thread is native thread

Stack: [0x0000000fa6f00000,0x0000000fa7000000],  sp=0x0000000fa6ffd460,  free space=1013k
Native frames: (J=compiled Java code, j=interpreted, Vv=VM code, C=native code)
C  [jimage.dll+0x1be1]
C  [jimage.dll+0x1d6f]
C  [jimage.dll+0x264d]
V  [jvm.dll+0x1f27ba]
V  [jvm.dll+0xb067e]
V  [jvm.dll+0x7e57ac]
V  [jvm.dll+0x3ed56f]
V  [jvm.dll+0x3ef0a1]
C  [jli.dll+0x528b]
C  [ucrtbase.dll+0x29363]
C  [KERNEL32.DLL+0x126ad]
C  [ntdll.dll+0x5aa68]


siginfo: EXCEPTION_ACCESS_VIOLATION (0xc0000005), reading address 0x00000000000016ac


Registers:
RAX=0x00000000000005a4, RBX=0x0000000fa6ffd551, RCX=0x00007ffb94c06000, RDX=0x00000000000005a4
RSP=0x0000000fa6ffd460, RBP=0x0000000fa6ffd550, RSI=0x0000000000007196, RDI=0x0000000fa6ffd550
R8 =0x00007ffb94c04288, R9 =0x000000000000001c, R10=0x00007ffb25dd6b00, R11=0x00007ffb94c06000
R12=0x0000000000000002, R13=0x00000136007f5c00, R14=0x0000000fa6ffe5c0, R15=0x00007ffb25dd6b78
RIP=0x00007ffb94c01be1, EFLAGS=0x0000000000010246

Top of Stack: (sp=0x0000000fa6ffd460)
0x0000000fa6ffd460:   0000013689000188 0000000046000442
0x0000000fa6ffd470:   0000013600760c28 0000013600760be4
0x0000000fa6ffd480:   0000013600801b90 00007ffb94c01d6f
0x0000000fa6ffd490:   000000000000000b 0000013600801b90
0x0000000fa6ffd4a0:   0000000000001000 0000000000800001
0x0000000fa6ffd4b0:   0000000000001010 0000000000000000
0x0000000fa6ffd4c0:   0000000000000101 0000000000000000
0x0000000fa6ffd4d0:   00000136007e0000 00007ffb9e18cd49
0x0000000fa6ffd4e0:   00000136007e0000 0000013600800003
0x0000000fa6ffd4f0:   0000d54990e26ee9 0000000000001010
0x0000000fa6ffd500:   00007ffb25db5670 0000000000000017
0x0000000fa6ffd510:   0000013600801b90 0000000fa6ffe5c0
0x0000000fa6ffd520:   000000000000000b 00007ffb94c0264d
0x0000000fa6ffd530:   00000136007e0000 0000000000000000
0x0000000fa6ffd540:   0000000000000773 0000013602a938a0
0x0000000fa6ffd550:   61622e6176616a2f 692f6b646a2f6573 

Instructions: (pc=0x00007ffb94c01be1)
0x00007ffb94c01ae1:   48 85 c9 74 1d 80 3d 23 45 00 00 00 74 06 48 8b
0x00007ffb94c01af1:   53 18 eb 04 48 8b 53 40 e8 ae 0e 00 00 48 83 63
0x00007ffb94c01b01:   48 00 8b 4b 0c 83 f9 ff 74 09 e8 e4 0c 00 00 83
0x00007ffb94c01b11:   4b 0c ff 48 8b 4b 70 48 85 c9 74 0f ba 10 00 00
0x00007ffb94c01b21:   00 e8 fd 0e 00 00 48 83 63 70 00 48 83 c4 20 5b
0x00007ffb94c01b31:   c3 cc cc 40 53 48 83 ec 20 48 8b d9 48 8d 0d dc
0x00007ffb94c01b41:   46 00 00 e8 b3 0c 00 00 83 6b 08 01 75 24 48 8b
0x00007ffb94c01b51:   d3 48 8d 0d bf 44 00 00 e8 22 08 00 00 48 8b cb
0x00007ffb94c01b61:   e8 de fe ff ff ba 78 00 00 00 48 8b cb e8 b1 0e
0x00007ffb94c01b71:   00 00 48 8d 0d a6 46 00 00 48 83 c4 20 5b e9 80
0x00007ffb94c01b81:   0c 00 00 48 89 5c 24 08 48 89 74 24 10 57 48 83
0x00007ffb94c01b91:   ec 20 41 8b f1 4d 8b c8 48 8b fa 4c 8b d9 4d 85
0x00007ffb94c01ba1:   c0 74 78 85 f6 74 74 44 8a 12 48 8d 5a 01 48 8b
0x00007ffb94c01bb1:   d3 b8 93 01 00 01 eb 12 69 c0 93 01 00 01 41 0f
0x00007ffb94c01bc1:   b6 ca 44 8a 12 33 c1 48 ff c2 45 84 d2 75 e9 4d
0x00007ffb94c01bd1:   8b 03 0f ba f0 1f 33 d2 49 8b cb f7 f6 48 63 c2
0x00007ffb94c01be1:   41 8b 14 81 41 ff 50 08 85 c0 7e 24 8a 0f eb 10
0x00007ffb94c01bf1:   69 c0 93 01 00 01 0f b6 c9 33 c1 8a 0b 48 ff c3
0x00007ffb94c01c01:   84 c9 75 ec 0f ba f0 1f 33 d2 f7 f6 8b c2 eb 0e
0x00007ffb94c01c11:   79 09 83 c9 ff 2b c8 8b c1 eb 03 83 c8 ff 48 8b
0x00007ffb94c01c21:   5c 24 30 48 8b 74 24 38 48 83 c4 20 5f c3 cc 48
0x00007ffb94c01c31:   89 5c 24 08 48 89 74 24 10 57 48 83 ec 20 48 8b
0x00007ffb94c01c41:   f1 48 8d 0d d7 45 00 00 e8 ae 0b 00 00 33 ff 39
0x00007ffb94c01c51:   3d c2 43 00 00 76 24 48 8b 05 c1 43 00 00 48 8b
0x00007ffb94c01c61:   d6 48 8b 1c f8 48 8b 0b e8 72 1e 00 00 85 c0 74
0x00007ffb94c01c71:   2b ff c7 3b 3d 9e 43 00 00 72 dc 33 db 48 8d 0d
0x00007ffb94c01c81:   9b 45 00 00 e8 7a 0b 00 00 48 8b 74 24 38 48 8b
0x00007ffb94c01c91:   c3 48 8b 5c 24 30 48 83 c4 20 5f c3 ff 43 08 eb
0x00007ffb94c01ca1:   dc cc cc 48 89 5c 24 08 48 89 74 24 10 57 48 83
0x00007ffb94c01cb1:   ec 20 48 8b d9 48 8b f2 48 8b 49 10 49 8b f8 8b
0x00007ffb94c01cc1:   53 30 48 8b 01 ff 50 20 4c 8b 43 50 48 8b d6 48
0x00007ffb94c01cd1:   8b 4b 10 44 8b c8 e8 a8 fe ff ff 83 f8 ff 74 38 



---------------  P R O C E S S  ---------------

VM state: not at safepoint (not fully initialized)

VM Mutex/Monitor currently owned by a thread: None

GC Precious Log:
<Not initialized>


Dynamic libraries:
0x00007ff6e8f10000 - 0x00007ff6e8f1e000 	c:\Users\tranv\.vscode\extensions\redhat.java-1.20.0-win32-x64\jre\17.0.7-win32-x86_64\bin\java.exe
0x00007ffb9e150000 - 0x00007ffb9e364000 	C:\WINDOWS\SYSTEM32\ntdll.dll
0x00007ffb9bfb0000 - 0x00007ffb9c072000 	C:\WINDOWS\System32\KERNEL32.DLL
0x00007ffb9b660000 - 0x00007ffb9ba03000 	C:\WINDOWS\System32\KERNELBASE.dll
0x00007ffb9ba10000 - 0x00007ffb9bb21000 	C:\WINDOWS\System32\ucrtbase.dll
0x00007ffb85da0000 - 0x00007ffb85db7000 	c:\Users\tranv\.vscode\extensions\redhat.java-1.20.0-win32-x64\jre\17.0.7-win32-x86_64\bin\jli.dll
0x00007ffb9c3d0000 - 0x00007ffb9c57a000 	C:\WINDOWS\System32\USER32.dll
0x00007ffb9bca0000 - 0x00007ffb9bcc6000 	C:\WINDOWS\System32\win32u.dll
0x00007ffb9cb20000 - 0x00007ffb9cb49000 	C:\WINDOWS\System32\GDI32.dll
0x00007ffb9be10000 - 0x00007ffb9bf29000 	C:\WINDOWS\System32\gdi32full.dll
0x00007ffb9b550000 - 0x00007ffb9b5ea000 	C:\WINDOWS\System32\msvcp_win.dll
0x00007ffb7ec70000 - 0x00007ffb7ec89000 	c:\Users\tranv\.vscode\extensions\redhat.java-1.20.0-win32-x64\jre\17.0.7-win32-x86_64\bin\VCRUNTIME140.dll
0x00007ffb7b820000 - 0x00007ffb7baae000 	C:\WINDOWS\WinSxS\amd64_microsoft.windows.common-controls_6595b64144ccf1df_6.0.22621.1635_none_270f70857386168e\COMCTL32.dll
0x00007ffb9c840000 - 0x00007ffb9c8e7000 	C:\WINDOWS\System32\msvcrt.dll
0x00007ffb9d890000 - 0x00007ffb9d8c1000 	C:\WINDOWS\System32\IMM32.DLL
0x00007ffb95840000 - 0x00007ffb9584c000 	c:\Users\tranv\.vscode\extensions\redhat.java-1.20.0-win32-x64\jre\17.0.7-win32-x86_64\bin\vcruntime140_1.dll
0x00007ffb6cac0000 - 0x00007ffb6cb51000 	c:\Users\tranv\.vscode\extensions\redhat.java-1.20.0-win32-x64\jre\17.0.7-win32-x86_64\bin\msvcp140.dll
0x00007ffb254a0000 - 0x00007ffb260e8000 	c:\Users\tranv\.vscode\extensions\redhat.java-1.20.0-win32-x64\jre\17.0.7-win32-x86_64\bin\server\jvm.dll
0x00007ffb9d8d0000 - 0x00007ffb9d97e000 	C:\WINDOWS\System32\ADVAPI32.dll
0x00007ffb9c980000 - 0x00007ffb9ca24000 	C:\WINDOWS\System32\sechost.dll
0x00007ffb9c720000 - 0x00007ffb9c837000 	C:\WINDOWS\System32\RPCRT4.dll
0x00007ffb8b610000 - 0x00007ffb8b619000 	C:\WINDOWS\SYSTEM32\WSOCK32.dll
0x00007ffb9cbb0000 - 0x00007ffb9cc21000 	C:\WINDOWS\System32\WS2_32.dll
0x00007ffb943e0000 - 0x00007ffb94414000 	C:\WINDOWS\SYSTEM32\WINMM.dll
0x00007ffb93e90000 - 0x00007ffb93e9a000 	C:\WINDOWS\SYSTEM32\VERSION.dll
0x00007ffb9a590000 - 0x00007ffb9a5a8000 	C:\WINDOWS\SYSTEM32\kernel.appcore.dll
0x00007ffb94c00000 - 0x00007ffb94c0a000 	c:\Users\tranv\.vscode\extensions\redhat.java-1.20.0-win32-x64\jre\17.0.7-win32-x86_64\bin\jimage.dll
0x00007ffb98f00000 - 0x00007ffb9912e000 	C:\WINDOWS\SYSTEM32\DBGHELP.DLL
0x00007ffb9cc40000 - 0x00007ffb9cfc9000 	C:\WINDOWS\System32\combase.dll
0x00007ffb9ca30000 - 0x00007ffb9cb07000 	C:\WINDOWS\System32\OLEAUT32.dll
0x00007ffb85c30000 - 0x00007ffb85c62000 	C:\WINDOWS\SYSTEM32\dbgcore.DLL
0x00007ffb9bd90000 - 0x00007ffb9be0a000 	C:\WINDOWS\System32\bcryptPrimitives.dll

dbghelp: loaded successfully - version: 4.0.5 - missing functions: none
symbol engine: initialized successfully - sym options: 0x614 - pdb path: .;c:\Users\tranv\.vscode\extensions\redhat.java-1.20.0-win32-x64\jre\17.0.7-win32-x86_64\bin;C:\WINDOWS\SYSTEM32;C:\WINDOWS\WinSxS\amd64_microsoft.windows.common-controls_6595b64144ccf1df_6.0.22621.1635_none_270f70857386168e;c:\Users\tranv\.vscode\extensions\redhat.java-1.20.0-win32-x64\jre\17.0.7-win32-x86_64\bin\server

VM Arguments:
java_command: <unknown>
java_class_path (initial): <not set>
Launcher Type: SUN_STANDARD

[Global flags]
     bool UseLargePagesIndividualAllocation        = false                                  {pd product} {ergonomic}

Logging:
Log output configuration:
 #0: stdout all=warning uptime,level,tags
 #1: stderr all=off uptime,level,tags

Environment Variables:
PATH=C:\Program Files\Common Files\Oracle\Java\javapath;C:\Program Files (x86)\Common Files\Oracle\Java\javapath;C:\WINDOWS\system32;C:\WINDOWS;C:\WINDOWS\System32\Wbem;C:\WINDOWS\System32\WindowsPowerShell\v1.0\;C:\WINDOWS\System32\OpenSSH\;%JAVA_HOME%\bin;C:\Program Files\dotnet\;D:\program\xampp\php;C:\composer;C:\Program Files\Git\cmd;C:\Program Files\nodejs\;C:\Users\tranv\AppData\Local\Programs\Python\Python39\Scripts\;C:\Users\tranv\AppData\Local\Programs\Python\Python39\;C:\Users\tranv\AppData\Local\Microsoft\WindowsApps;C:\Users\tranv\AppData\Local\Programs\Microsoft VS Code\bin;C:\Users\tranv\.dotnet\tools;C:\Users\tranv\AppData\Local\GitHubDesktop\bin;C:\Program Files\Inkscape\bin;C:\Program Files\Java\jdk-19\bin;C:\Users\tranv\AppData\Local\JetBrains\Toolbox\scripts;C:\Program Files\heroku\bin;C:\Users\tranv\AppData\Roaming\Composer\vendor\bin;C:\Users\tranv\AppData\Local\Android\Sdk\platform-tools;C:\Users\tranv\AppData\Roaming\npm;C:\Users\tranv\AppData\Local\ComposerSetup\bin
USERNAME=tranv
OS=Windows_NT
PROCESSOR_IDENTIFIER=Intel64 Family 6 Model 142 Stepping 12, GenuineIntel
TMP=C:\Users\tranv\AppData\Local\Temp
TEMP=C:\Users\tranv\AppData\Local\Temp



---------------  S Y S T E M  ---------------

OS:
 Windows 11 , 64 bit Build 22621 (10.0.22621.1928)
OS uptime: 10 days 23:01 hours

CPU: total 8 (initial active 0) 

Memory: 4k page, system-wide physical 8014M (368M free)
TotalPageFile size 32590M (AvailPageFile size 9M)
current process WorkingSet (physical memory assigned to process): 8M, peak: 8M
current process commit charge ("private bytes"): 3M, peak: 3M

vm_info: OpenJDK 64-Bit Server VM (17.0.7+7) for windows-amd64 JRE (17.0.7+7), built on Apr 18 2023 22:10:42 by "temurin" with MS VC++ 16.7 (VS2019)

END.
